#
# A fatal error has been detected by the Java Runtime Environment:
#
#  EXCEPTION_UNCAUGHT_CXX_EXCEPTION (0xe06d7363) at pc=0x00007ff82ffc4b2c, pid=9344, tid=21848
#
# JRE version: OpenJDK Runtime Environment Temurin-17.0.6+10 (17.0.6+10) (build 17.0.6+10)
# Java VM: OpenJDK 64-Bit Server VM Temurin-17.0.6+10 (17.0.6+10, mixed mode, tiered, compressed oops, compressed class ptrs, g1 gc, windows-amd64)
# Problematic frame:
# C  [KERNELBASE.dll+0x64b2c]
#
# No core dump will be written. Minidumps are not enabled by default on client versions of Windows
#
# If you would like to submit a bug report, please visit:
#   https://github.com/adoptium/adoptium-support/issues
# The crash happened outside the Java Virtual Machine in native code.
# See problematic frame for where to report the bug.
#

---------------  S U M M A R Y ------------

Command Line: --module-path=C:\Users\janko\Desktop\openjfx-20.0.1_windows-x64_bin-sdk\javafx-sdk-20.0.1\lib --add-modules=javafx.controls,javafx.fxml -Djava.library.path=C:\Users\janko\git\poop_projekat_java\poop_projekat_java\src -Dfile.encoding=UTF-8 -XX:+ShowCodeDetailsInExceptionMessages application.Main

Host: Intel(R) Core(TM) i7-8550U CPU @ 1.80GHz, 8 cores, 15G,  Windows 11 , 64 bit Build 22621 (10.0.22621.1928)
Time: Mon Jul 24 12:30:32 2023 Central Europe Daylight Time elapsed time: 9.217960 seconds (0d 0h 0m 9s)

---------------  T H R E A D  ---------------

Current thread (0x0000022cc2157b80):  JavaThread "JavaFX Application Thread" [_thread_in_native, id=21848, stack(0x00000044c2c00000,0x00000044c2d00000)]

Stack: [0x00000044c2c00000,0x00000044c2d00000],  sp=0x00000044c2cfc6d0,  free space=1009k
Native frames: (J=compiled Java code, j=interpreted, Vv=VM code, C=native code)
C  [KERNELBASE.dll+0x64b2c]
C  [VCRUNTIME140D.dll+0xb460]

Java frames: (J=compiled Java code, j=interpreted, Vv=VM code)
j  application.Table.resolveTableFormulas(Ljava/lang/String;)Ljava/lang/String;+0
j  application.Table.setCell(IILapplication/Cell;)V+85
j  application.GUI.lambda$12(IILjavafx/scene/control/TextField;IILjavafx/scene/layout/GridPane;Ljavafx/beans/value/ObservableValue;Ljava/lang/Boolean;Ljava/lang/Boolean;)V+62
j  application.GUI$$Lambda$613+0x0000000800334218.changed(Ljavafx/beans/value/ObservableValue;Ljava/lang/Object;Ljava/lang/Object;)V+33
j  com.sun.javafx.binding.ExpressionHelper$Generic.fireValueChangedEvent()V+167 javafx.base@20.0.1
J 2179 c2 com.sun.javafx.binding.ExpressionHelper.fireValueChangedEvent(Lcom/sun/javafx/binding/ExpressionHelper;)V javafx.base@20.0.1 (9 bytes) @ 0x0000022cace8e234 [0x0000022cace8e200+0x0000000000000034]
j  javafx.beans.property.ReadOnlyBooleanPropertyBase.fireValueChangedEvent()V+4 javafx.base@20.0.1
j  javafx.scene.Node$FocusPropertyBase.notifyListeners()Z+72 javafx.graphics@20.0.1
j  javafx.scene.Node$17.notifyListeners()Z+1 javafx.graphics@20.0.1
j  javafx.scene.Node.notifyFocusListeners()V+4 javafx.graphics@20.0.1
j  javafx.scene.Scene$FocusOwnerProperty.invalidated()V+92 javafx.graphics@20.0.1
J 2001 c2 javafx.beans.property.ObjectPropertyBase.set(Ljava/lang/Object;)V javafx.base@20.0.1 (76 bytes) @ 0x0000022cace73a70 [0x0000022cace739a0+0x00000000000000d0]
j  javafx.scene.Scene.setFocusOwner(Ljavafx/scene/Node;Z)V+67 javafx.graphics@20.0.1
j  javafx.scene.Scene.requestFocus(Ljavafx/scene/Node;Z)V+23 javafx.graphics@20.0.1
j  javafx.scene.Node.requestFocus()V+13 javafx.graphics@20.0.1
j  application.GUI.lambda$11(Ljavafx/scene/input/KeyEvent;)V+22
j  application.GUI$$Lambda$612+0x0000000800334000.handle(Ljavafx/event/Event;)V+4
j  com.sun.javafx.event.CompositeEventHandler.dispatchBubblingEvent(Ljavafx/event/Event;)V+51 javafx.base@20.0.1
J 2914 c1 com.sun.javafx.event.EventHandlerManager.dispatchBubblingEvent(Ljavafx/event/EventType;Ljavafx/event/Event;)Ljavafx/event/Event; javafx.base@20.0.1 (41 bytes) @ 0x0000022ca5854a2c [0x0000022ca5854400+0x000000000000062c]
J 3228 c1 com.sun.javafx.event.EventHandlerManager.dispatchBubblingEvent(Ljavafx/event/Event;)Ljavafx/event/Event; javafx.base@20.0.1 (23 bytes) @ 0x0000022ca58e4814 [0x0000022ca58e46c0+0x0000000000000154]
J 3520 c1 com.sun.javafx.event.CompositeEventDispatcher.dispatchBubblingEvent(Ljavafx/event/Event;)Ljavafx/event/Event; javafx.base@20.0.1 (35 bytes) @ 0x0000022ca59b79a4 [0x0000022ca59b77e0+0x00000000000001c4]
j  com.sun.javafx.event.BasicEventDispatcher.dispatchEvent(Ljavafx/event/Event;Ljavafx/event/EventDispatchChain;)Ljavafx/event/Event;+29 javafx.base@20.0.1
J 2954 c1 com.sun.javafx.event.EventDispatchChainImpl.dispatchEvent(Ljavafx/event/Event;)Ljavafx/event/Event; javafx.base@20.0.1 (101 bytes) @ 0x0000022ca585bc04 [0x0000022ca585ba40+0x00000000000001c4]
j  com.sun.javafx.event.BasicEventDispatcher.dispatchEvent(Ljavafx/event/Event;Ljavafx/event/EventDispatchChain;)Ljavafx/event/Event;+17 javafx.base@20.0.1
J 2954 c1 com.sun.javafx.event.EventDispatchChainImpl.dispatchEvent(Ljavafx/event/Event;)Ljavafx/event/Event; javafx.base@20.0.1 (101 bytes) @ 0x0000022ca585bc04 [0x0000022ca585ba40+0x00000000000001c4]
j  com.sun.javafx.event.BasicEventDispatcher.dispatchEvent(Ljavafx/event/Event;Ljavafx/event/EventDispatchChain;)Ljavafx/event/Event;+17 javafx.base@20.0.1
J 2954 c1 com.sun.javafx.event.EventDispatchChainImpl.dispatchEvent(Ljavafx/event/Event;)Ljavafx/event/Event; javafx.base@20.0.1 (101 bytes) @ 0x0000022ca585bc04 [0x0000022ca585ba40+0x00000000000001c4]
j  com.sun.javafx.event.BasicEventDispatcher.dispatchEvent(Ljavafx/event/Event;Ljavafx/event/EventDispatchChain;)Ljavafx/event/Event;+17 javafx.base@20.0.1
J 2954 c1 com.sun.javafx.event.EventDispatchChainImpl.dispatchEvent(Ljavafx/event/Event;)Ljavafx/event/Event; javafx.base@20.0.1 (101 bytes) @ 0x0000022ca585bc04 [0x0000022ca585ba40+0x00000000000001c4]
j  com.sun.javafx.event.BasicEventDispatcher.dispatchEvent(Ljavafx/event/Event;Ljavafx/event/EventDispatchChain;)Ljavafx/event/Event;+17 javafx.base@20.0.1
J 2954 c1 com.sun.javafx.event.EventDispatchChainImpl.dispatchEvent(Ljavafx/event/Event;)Ljavafx/event/Event; javafx.base@20.0.1 (101 bytes) @ 0x0000022ca585bc04 [0x0000022ca585ba40+0x00000000000001c4]
j  com.sun.javafx.event.EventUtil.fireEventImpl(Ljavafx/event/EventDispatchChain;Ljavafx/event/EventTarget;Ljavafx/event/Event;)Ljavafx/event/Event;+10 javafx.base@20.0.1
j  com.sun.javafx.event.EventUtil.fireEvent(Ljavafx/event/EventTarget;Ljavafx/event/Event;)Ljavafx/event/Event;+46 javafx.base@20.0.1
j  javafx.event.Event.fireEvent(Ljavafx/event/EventTarget;Ljavafx/event/Event;)V+30 javafx.base@20.0.1
j  javafx.scene.Scene.processKeyEvent(Ljavafx/scene/input/KeyEvent;)V+48 javafx.graphics@20.0.1
j  javafx.scene.Scene$ScenePeerListener.keyEvent(Ljavafx/scene/input/KeyEvent;)V+5 javafx.graphics@20.0.1
j  com.sun.javafx.tk.quantum.GlassViewEventHandler$KeyEventNotification.run()Ljava/lang/Void;+357 javafx.graphics@20.0.1
j  com.sun.javafx.tk.quantum.GlassViewEventHandler$KeyEventNotification.run()Ljava/lang/Object;+1 javafx.graphics@20.0.1
J 3200 c1 java.security.AccessController.doPrivileged(Ljava/security/PrivilegedAction;Ljava/security/AccessControlContext;)Ljava/lang/Object; java.base@17.0.6 (17 bytes) @ 0x0000022ca58d0bdc [0x0000022ca58d0a00+0x00000000000001dc]
j  com.sun.javafx.tk.quantum.GlassViewEventHandler.lambda$handleKeyEvent$1()Ljava/lang/Void;+11 javafx.graphics@20.0.1
j  com.sun.javafx.tk.quantum.GlassViewEventHandler$$Lambda$611+0x000000080032fb10.get()Ljava/lang/Object;+4 javafx.graphics@20.0.1
j  com.sun.javafx.tk.quantum.QuantumToolkit.runWithoutRenderLock(Ljava/util/function/Supplier;)Ljava/lang/Object;+18 javafx.graphics@20.0.1
j  com.sun.javafx.tk.quantum.GlassViewEventHandler.handleKeyEvent(Lcom/sun/glass/ui/View;JII[CI)V+58 javafx.graphics@20.0.1
j  com.sun.glass.ui.View.handleKeyEvent(JII[CI)V+20 javafx.graphics@20.0.1
j  com.sun.glass.ui.View.notifyKey(II[CI)V+9 javafx.graphics@20.0.1
v  ~StubRoutines::call_stub
j  com.sun.glass.ui.win.WinApplication._runLoop(Ljava/lang/Runnable;)V+0 javafx.graphics@20.0.1
j  com.sun.glass.ui.win.WinApplication.lambda$runLoop$3(ILjava/lang/Runnable;)V+8 javafx.graphics@20.0.1
j  com.sun.glass.ui.win.WinApplication$$Lambda$85+0x00000008000ec438.run()V+12 javafx.graphics@20.0.1
j  java.lang.Thread.run()V+11 java.base@17.0.6
v  ~StubRoutines::call_stub

siginfo: EXCEPTION_UNCAUGHT_CXX_EXCEPTION (0xe06d7363), ExceptionInformation=0x0000000019930520 0x00000044c2cfc860 0x00007fffd4102aa8 0x00007fffd4050000 


Register to memory mapping:

RIP=0x00007ff82ffc4b2c KERNELBASE.dll
RAX=0x00000044c2cfc1c8 is pointing into the stack for thread: 0x0000022cc2157b80
RBX={method} {0x0000022cc349e998} 'resolveTableFormulas' '(Ljava/lang/String;)Ljava/lang/String;' in 'application/Table'
RCX=0x00000044c2cfbf60 is pointing into the stack for thread: 0x0000022cc2157b80
RDX=0x00007ff803558626 POOP_domaci2_jni.dll
RSP=0x00000044c2cfc6d0 is pointing into the stack for thread: 0x0000022cc2157b80
RBP=0x00000044c2cfc8b0 is pointing into the stack for thread: 0x0000022cc2157b80
RSI=0x0000000704ec3a98 is an oop: [B 
{0x0000000704ec3a98} - klass: {type array byte}
 - length: 265
RDI=0x00000044c2cfc938 is pointing into the stack for thread: 0x0000022cc2157b80
R8 =0xcccccccccccccccc is an unknown value
R9 =0xcccccccccccccccc is an unknown value
R10=0xcccccccccccccccc is an unknown value
R11=0xcccccccccccccccc is an unknown value
R12=0x0 is NULL
R13={method} {0x0000022cc349e998} 'resolveTableFormulas' '(Ljava/lang/String;)Ljava/lang/String;' in 'application/Table'
R14=0x00000044c2cfd030 is pointing into the stack for thread: 0x0000022cc2157b80
R15=0x0000022cc2157b80 is a thread


Registers:
RAX=0x00000044c2cfc1c8, RBX=0x0000022cc349e990, RCX=0x00000044c2cfbf60, RDX=0x00007ff803558626
RSP=0x00000044c2cfc6d0, RBP=0x00000044c2cfc8b0, RSI=0x0000000704ec3a98, RDI=0x00000044c2cfc938
R8 =0xcccccccccccccccc, R9 =0xcccccccccccccccc, R10=0xcccccccccccccccc, R11=0xcccccccccccccccc
R12=0x0000000000000000, R13=0x0000022cc349e990, R14=0x00000044c2cfd030, R15=0x0000022cc2157b80
RIP=0x00007ff82ffc4b2c, EFLAGS=0x0000000000000202

Top of Stack: (sp=0x00000044c2cfc6d0)
0x00000044c2cfc6d0:   00000044c2cfc6f0 0000022cc349e990
0x00000044c2cfc6e0:   0000000704ec3a98 0000022c00000001
0x00000044c2cfc6f0:   00000081e06d7363 0000000000000000
0x00000044c2cfc700:   00007ff82ffc4b2c 00007ff800000004
0x00000044c2cfc710:   0000000019930520 00000044c2cfc860
0x00000044c2cfc720:   00007fffd4102aa8 00007fffd4050000
0x00000044c2cfc730:   0000004400000000 00007ff80340ab77
0x00000044c2cfc740:   0000000000000000 00007fffd4102aa8
0x00000044c2cfc750:   00000044c2cfd030 00007ff8326265cf
0x00000044c2cfc760:   00000044c2cfc7e0 00007fffd4126000
0x00000044c2cfc770:   0000000704ec3a98 00000044c2cfc938
0x00000044c2cfc780:   00007fffd4126000 00007fffd4050000
0x00000044c2cfc790:   00006b15115c464e 00007fffd40583f8
0x00000044c2cfc7a0:   0000022cc349e990 00007ff80340b460
0x00000044c2cfc7b0:   0000198119999999 00000005cccccccc
0x00000044c2cfc7c0:   00007ff803569bf8 00007fffd1d57901 

Instructions: (pc=0x00007ff82ffc4b2c)
0x00007ff82ffc4a2c:   ff 4c 8d 05 1c 47 2c 00 33 d2 b9 00 00 10 00 e8
0x00007ff82ffc4a3c:   90 98 fd ff 4c 8b f0 48 89 44 24 58 48 85 c0 0f
0x00007ff82ffc4a4c:   84 0b fe ff ff 4c 8d 05 10 47 2c 00 33 d2 8d 4a
0x00007ff82ffc4a5c:   02 e8 6e 98 fd ff 48 8b f8 48 89 44 24 50 e9 ed
0x00007ff82ffc4a6c:   fd ff ff 45 33 c0 49 8b d7 48 83 c9 ff e8 a2 64
0x00007ff82ffc4a7c:   01 00 e9 08 ff ff ff 48 8b 0d 46 21 2f 00 e8 b1
0x00007ff82ffc4a8c:   16 fd ff 48 8b cf e8 69 f0 fb ff e9 f8 fe ff ff
0x00007ff82ffc4a9c:   49 8b ce e8 5c f0 fb ff e9 f4 fe ff ff 48 8b ce
0x00007ff82ffc4aac:   e8 4f f0 fb ff e9 f0 fe ff ff cc cc 71 18 d3 7a
0x00007ff82ffc4abc:   1a 87 89 f9 48 81 ec d8 00 00 00 48 8b 05 b2 f4
0x00007ff82ffc4acc:   2e 00 48 33 c4 48 89 84 24 c0 00 00 00 48 83 64
0x00007ff82ffc4adc:   24 28 00 48 8d 05 da ff ff ff 83 e2 01 89 4c 24
0x00007ff82ffc4aec:   20 89 54 24 24 48 89 44 24 30 4d 85 c9 74 4f b8
0x00007ff82ffc4afc:   0f 00 00 00 48 8d 4c 24 40 44 3b c0 49 8b d1 41
0x00007ff82ffc4b0c:   0f 46 c0 44 8b c0 44 89 44 24 38 49 c1 e0 03 e8
0x00007ff82ffc4b1c:   b7 de 05 00 48 8d 4c 24 20 48 ff 15 84 a4 1f 00
0x00007ff82ffc4b2c:   0f 1f 44 00 00 48 8b 8c 24 c0 00 00 00 48 33 cc
0x00007ff82ffc4b3c:   e8 1f 26 05 00 48 81 c4 d8 00 00 00 c3 cc 83 64
0x00007ff82ffc4b4c:   24 38 00 eb cf cc cc cc cc cc cc cc 48 8b c4 48
0x00007ff82ffc4b5c:   89 58 08 48 89 70 10 48 89 78 18 4c 89 68 20 55
0x00007ff82ffc4b6c:   41 56 41 57 48 8d 68 a1 48 81 ec e0 00 00 00 48
0x00007ff82ffc4b7c:   8b 05 fe f3 2e 00 48 33 c4 48 89 45 3f 45 33 ff
0x00007ff82ffc4b8c:   66 c7 45 2b 00 05 48 8d 45 c7 44 89 7d 27 48 89
0x00007ff82ffc4b9c:   44 24 50 48 8d 4d 27 44 89 7c 24 48 45 33 c9 44
0x00007ff82ffc4bac:   89 7c 24 40 45 8d 47 12 44 89 7c 24 38 b2 01 44
0x00007ff82ffc4bbc:   89 7c 24 30 41 8b df 44 89 7c 24 28 41 8b ff 44
0x00007ff82ffc4bcc:   89 7c 24 20 45 8b f7 44 89 7d 2f 66 c7 45 33 00
0x00007ff82ffc4bdc:   01 44 89 7d 37 66 c7 45 3b 00 10 4c 89 7d c7 4c
0x00007ff82ffc4bec:   89 7d cf 4c 89 7d d7 4c 89 7d df 48 ff 15 d2 a4
0x00007ff82ffc4bfc:   1f 00 0f 1f 44 00 00 85 c0 0f 88 a7 02 00 00 48
0x00007ff82ffc4c0c:   8d 45 cf 41 b9 20 02 00 00 48 89 44 24 50 45 8d
0x00007ff82ffc4c1c:   6f 02 44 89 7c 24 48 45 8d 47 20 44 89 7c 24 40 


Stack slot to memory mapping:
stack at sp + 0 slots: 0x00000044c2cfc6f0 is pointing into the stack for thread: 0x0000022cc2157b80
stack at sp + 1 slots: {method} {0x0000022cc349e998} 'resolveTableFormulas' '(Ljava/lang/String;)Ljava/lang/String;' in 'application/Table'
stack at sp + 2 slots: 0x0000000704ec3a98 is an oop: [B 
{0x0000000704ec3a98} - klass: {type array byte}
 - length: 265
stack at sp + 3 slots: 0x0000022c00000001 is an unknown value
stack at sp + 4 slots: 0x00000081e06d7363 is an unknown value
stack at sp + 5 slots: 0x0 is NULL
stack at sp + 6 slots: 0x00007ff82ffc4b2c KERNELBASE.dll
stack at sp + 7 slots: 0x00007ff800000004 is an unknown value


---------------  P R O C E S S  ---------------

Threads class SMR info:
_java_thread_list=0x0000022cc9a0bec0, length=19, elements={
0x0000022ca1c3e940, 0x0000022cc1069020, 0x0000022cc1069bd0, 0x0000022cc1090280,
0x0000022cc1092b50, 0x0000022cc1093500, 0x0000022cc1093eb0, 0x0000022cc10a2160,
0x0000022cc10a2c00, 0x0000022cc10a35f0, 0x0000022cc120a650, 0x0000022cc2002e50,
0x0000022cc1e66e60, 0x0000022cc1e10030, 0x0000022cc2157b80, 0x0000022cc21a79e0,
0x0000022cc21ca0f0, 0x0000022cc282d300, 0x0000022cc9b9df80
}

Java Threads: ( => current thread )
  0x0000022ca1c3e940 JavaThread "main" [_thread_blocked, id=20624, stack(0x00000044c1700000,0x00000044c1800000)]
  0x0000022cc1069020 JavaThread "Reference Handler" daemon [_thread_blocked, id=1320, stack(0x00000044c1e00000,0x00000044c1f00000)]
  0x0000022cc1069bd0 JavaThread "Finalizer" daemon [_thread_blocked, id=1724, stack(0x00000044c1f00000,0x00000044c2000000)]
  0x0000022cc1090280 JavaThread "Signal Dispatcher" daemon [_thread_blocked, id=20528, stack(0x00000044c2000000,0x00000044c2100000)]
  0x0000022cc1092b50 JavaThread "Attach Listener" daemon [_thread_blocked, id=22464, stack(0x00000044c2100000,0x00000044c2200000)]
  0x0000022cc1093500 JavaThread "Service Thread" daemon [_thread_blocked, id=20432, stack(0x00000044c2200000,0x00000044c2300000)]
  0x0000022cc1093eb0 JavaThread "Monitor Deflation Thread" daemon [_thread_blocked, id=14768, stack(0x00000044c2300000,0x00000044c2400000)]
  0x0000022cc10a2160 JavaThread "C2 CompilerThread0" daemon [_thread_blocked, id=10552, stack(0x00000044c2400000,0x00000044c2500000)]
  0x0000022cc10a2c00 JavaThread "C1 CompilerThread0" daemon [_thread_blocked, id=12360, stack(0x00000044c2500000,0x00000044c2600000)]
  0x0000022cc10a35f0 JavaThread "Sweeper thread" daemon [_thread_blocked, id=13400, stack(0x00000044c2600000,0x00000044c2700000)]
  0x0000022cc120a650 JavaThread "Common-Cleaner" daemon [_thread_blocked, id=21932, stack(0x00000044c2700000,0x00000044c2800000)]
  0x0000022cc2002e50 JavaThread "Notification Thread" daemon [_thread_blocked, id=1584, stack(0x00000044c2a00000,0x00000044c2b00000)]
  0x0000022cc1e66e60 JavaThread "QuantumRenderer-0" daemon [_thread_blocked, id=12592, stack(0x00000044c2800000,0x00000044c2900000)]
  0x0000022cc1e10030 JavaThread "InvokeLaterDispatcher" daemon [_thread_blocked, id=22300, stack(0x00000044c2900000,0x00000044c2a00000)]
=>0x0000022cc2157b80 JavaThread "JavaFX Application Thread" [_thread_in_native, id=21848, stack(0x00000044c2c00000,0x00000044c2d00000)]
  0x0000022cc21a79e0 JavaThread "Thread-1" daemon [_thread_in_native, id=11368, stack(0x00000044c3000000,0x00000044c3100000)]
  0x0000022cc21ca0f0 JavaThread "JavaFX-Launcher" [_thread_blocked, id=15996, stack(0x00000044c3100000,0x00000044c3200000)]
  0x0000022cc282d300 JavaThread "Prism Font Disposer" daemon [_thread_blocked, id=15140, stack(0x00000044c3c00000,0x00000044c3d00000)]
  0x0000022cc9b9df80 JavaThread "Cleaner-0" daemon [_thread_blocked, id=4424, stack(0x00000044c4400000,0x00000044c4500000)]

Other Threads:
  0x0000022cc1047070 VMThread "VM Thread" [stack: 0x00000044c1d00000,0x00000044c1e00000] [id=3224]
  0x0000022ca1cc8180 WatcherThread [stack: 0x00000044c2b00000,0x00000044c2c00000] [id=20752]
  0x0000022ca1caa1b0 GCTaskThread "GC Thread#0" [stack: 0x00000044c1800000,0x00000044c1900000] [id=6440]
  0x0000022cc21d0440 GCTaskThread "GC Thread#1" [stack: 0x00000044c3200000,0x00000044c3300000] [id=16344]
  0x0000022cc21b8220 GCTaskThread "GC Thread#2" [stack: 0x00000044c3300000,0x00000044c3400000] [id=21788]
  0x0000022cc21b84d0 GCTaskThread "GC Thread#3" [stack: 0x00000044c3400000,0x00000044c3500000] [id=6960]
  0x0000022cc21b8780 GCTaskThread "GC Thread#4" [stack: 0x00000044c3500000,0x00000044c3600000] [id=21756]
  0x0000022cc21b8a30 GCTaskThread "GC Thread#5" [stack: 0x00000044c3600000,0x00000044c3700000] [id=21768]
  0x0000022ccab3ec30 GCTaskThread "GC Thread#6" [stack: 0x00000044c3d00000,0x00000044c3e00000] [id=3592]
  0x0000022cc9c0b670 GCTaskThread "GC Thread#7" [stack: 0x00000044c3e00000,0x00000044c3f00000] [id=5148]
  0x0000022ca1cbb780 ConcurrentGCThread "G1 Main Marker" [stack: 0x00000044c1900000,0x00000044c1a00000] [id=14460]
  0x0000022ca1cbc190 ConcurrentGCThread "G1 Conc#0" [stack: 0x00000044c1a00000,0x00000044c1b00000] [id=19380]
  0x0000022cc284d830 ConcurrentGCThread "G1 Conc#1" [stack: 0x00000044c4300000,0x00000044c4400000] [id=10336]
  0x0000022cc05e44f0 ConcurrentGCThread "G1 Refine#0" [stack: 0x00000044c1b00000,0x00000044c1c00000] [id=7820]
  0x0000022cc27ef0d0 ConcurrentGCThread "G1 Refine#1" [stack: 0x00000044c3f00000,0x00000044c4000000] [id=20704]
  0x0000022cc2856b00 ConcurrentGCThread "G1 Refine#2" [stack: 0x00000044c4000000,0x00000044c4100000] [id=18800]
  0x0000022cc99d0c90 ConcurrentGCThread "G1 Refine#3" [stack: 0x00000044c4100000,0x00000044c4200000] [id=11712]
  0x0000022cc2432460 ConcurrentGCThread "G1 Refine#4" [stack: 0x00000044c4200000,0x00000044c4300000] [id=16156]
  0x0000022cc05e7dd0 ConcurrentGCThread "G1 Service" [stack: 0x00000044c1c00000,0x00000044c1d00000] [id=12752]

Threads with active compile tasks:

VM state: not at safepoint (normal execution)

VM Mutex/Monitor currently owned by a thread: None

Heap address: 0x0000000702600000, size: 4058 MB, Compressed Oops mode: Zero based, Oop shift amount: 3

CDS archive(s) not mapped
Compressed class space mapped at: 0x0000000800000000-0x0000000840000000, reserved size: 1073741824
Narrow klass base: 0x0000000800000000, Narrow klass shift: 0, Narrow klass range: 0x40000000

GC Precious Log:
 CPUs: 8 total, 8 available
 Memory: 16226M
 Large Page Support: Disabled
 NUMA Support: Disabled
 Compressed Oops: Enabled (Zero based)
 Heap Region Size: 2M
 Heap Min Capacity: 8M
 Heap Initial Capacity: 254M
 Heap Max Capacity: 4058M
 Pre-touch: Disabled
 Parallel Workers: 8
 Concurrent Workers: 2
 Concurrent Refinement Workers: 8
 Periodic GC: Disabled

Heap:
 garbage-first heap   total 55296K, used 28397K [0x0000000702600000, 0x0000000800000000)
  region size 2048K, 7 young (14336K), 2 survivors (4096K)
 Metaspace       used 22800K, committed 23040K, reserved 1073152K
  class space    used 3070K, committed 3200K, reserved 1048576K

Heap Regions: E=young(eden), S=young(survivor), O=old, HS=humongous(starts), HC=humongous(continues), CS=collection set, F=free, OA=open archive, CA=closed archive, TAMS=top-at-mark-start (previous, next)
|   0|0x0000000702600000, 0x0000000702800000, 0x0000000702800000|100%| O|  |TAMS 0x0000000702800000, 0x0000000702600000| Untracked 
|   1|0x0000000702800000, 0x0000000702a00000, 0x0000000702a00000|100%| O|  |TAMS 0x0000000702988600, 0x0000000702800000| Untracked 
|   2|0x0000000702a00000, 0x0000000702c00000, 0x0000000702c00000|100%| O|  |TAMS 0x0000000702a00000, 0x0000000702a00000| Untracked 
|   3|0x0000000702c00000, 0x0000000702e00000, 0x0000000702e00000|100%| O|  |TAMS 0x0000000702c00000, 0x0000000702c00000| Untracked 
|   4|0x0000000702e00000, 0x0000000702f52600, 0x0000000703000000| 66%| O|  |TAMS 0x0000000702e00000, 0x0000000702e00000| Complete 
|   5|0x0000000703000000, 0x0000000703200000, 0x0000000703200000|100%|HS|  |TAMS 0x0000000703000000, 0x0000000703000000| Complete 
|   6|0x0000000703200000, 0x0000000703400000, 0x0000000703400000|100%|HS|  |TAMS 0x0000000703200000, 0x0000000703200000| Complete 
|   7|0x0000000703400000, 0x0000000703600000, 0x0000000703600000|100%|HS|  |TAMS 0x0000000703400000, 0x0000000703400000| Complete 
|   8|0x0000000703600000, 0x0000000703800000, 0x0000000703800000|100%|HS|  |TAMS 0x0000000703600000, 0x0000000703600000| Complete 
|   9|0x0000000703800000, 0x0000000703800000, 0x0000000703a00000|  0%| F|  |TAMS 0x0000000703800000, 0x0000000703800000| Untracked 
|  10|0x0000000703a00000, 0x0000000703a00000, 0x0000000703c00000|  0%| F|  |TAMS 0x0000000703a00000, 0x0000000703a00000| Untracked 
|  11|0x0000000703c00000, 0x0000000703c00000, 0x0000000703e00000|  0%| F|  |TAMS 0x0000000703c00000, 0x0000000703c00000| Untracked 
|  12|0x0000000703e00000, 0x0000000703e00000, 0x0000000704000000|  0%| F|  |TAMS 0x0000000703e00000, 0x0000000703e00000| Untracked 
|  13|0x0000000704000000, 0x0000000704000000, 0x0000000704200000|  0%| F|  |TAMS 0x0000000704000000, 0x0000000704000000| Untracked 
|  14|0x0000000704200000, 0x0000000704200000, 0x0000000704400000|  0%| F|  |TAMS 0x0000000704200000, 0x0000000704200000| Untracked 
|  15|0x0000000704400000, 0x0000000704400000, 0x0000000704600000|  0%| F|  |TAMS 0x0000000704400000, 0x0000000704400000| Untracked 
|  16|0x0000000704600000, 0x0000000704600000, 0x0000000704800000|  0%| F|  |TAMS 0x0000000704600000, 0x0000000704600000| Untracked 
|  17|0x0000000704800000, 0x0000000704800000, 0x0000000704a00000|  0%| F|  |TAMS 0x0000000704800000, 0x0000000704800000| Untracked 
|  18|0x0000000704a00000, 0x0000000704a00000, 0x0000000704c00000|  0%| F|  |TAMS 0x0000000704a00000, 0x0000000704a00000| Untracked 
|  19|0x0000000704c00000, 0x0000000704c00000, 0x0000000704e00000|  0%| F|  |TAMS 0x0000000704c00000, 0x0000000704c00000| Untracked 
|  20|0x0000000704e00000, 0x0000000704f7a388, 0x0000000705000000| 73%| E|  |TAMS 0x0000000704e00000, 0x0000000704e00000| Complete 
|  21|0x0000000705000000, 0x0000000705200000, 0x0000000705200000|100%| E|CS|TAMS 0x0000000705000000, 0x0000000705000000| Complete 
|  22|0x0000000705200000, 0x0000000705400000, 0x0000000705400000|100%| E|CS|TAMS 0x0000000705200000, 0x0000000705200000| Complete 
|  23|0x0000000705400000, 0x0000000705600000, 0x0000000705600000|100%| E|CS|TAMS 0x0000000705400000, 0x0000000705400000| Complete 
| 118|0x0000000711200000, 0x0000000711268fe0, 0x0000000711400000| 20%| S|CS|TAMS 0x0000000711200000, 0x0000000711200000| Complete 
| 119|0x0000000711400000, 0x0000000711600000, 0x0000000711600000|100%| S|CS|TAMS 0x0000000711400000, 0x0000000711400000| Complete 
| 126|0x0000000712200000, 0x0000000712400000, 0x0000000712400000|100%| E|CS|TAMS 0x0000000712200000, 0x0000000712200000| Complete 

Card table byte_map: [0x0000022cb4e10000,0x0000022cb5600000] _byte_map_base: 0x0000022cb15fd000

Marking Bits (Prev, Next): (CMBitMap*) 0x0000022ca1caa800, (CMBitMap*) 0x0000022ca1caa7c0
 Prev Bits: [0x0000022cb9d60000, 0x0000022cbdcc8000)
 Next Bits: [0x0000022cb5df0000, 0x0000022cb9d58000)

Polling page: 0x0000022ca1400000

Metaspace:

Usage:
  Non-class:     19.27 MB used.
      Class:      3.00 MB used.
       Both:     22.27 MB used.

Virtual space:
  Non-class space:       24.00 MB reserved,      19.38 MB ( 81%) committed,  3 nodes.
      Class space:        1.00 GB reserved,       3.12 MB ( <1%) committed,  1 nodes.
             Both:        1.02 GB reserved,      22.50 MB (  2%) committed. 

Chunk freelists:
   Non-Class:  608.00 KB
       Class:  811.00 KB
        Both:  1.39 MB

MaxMetaspaceSize: unlimited
CompressedClassSpaceSize: 1.00 GB
Initial GC threshold: 21.00 MB
Current GC threshold: 35.25 MB
CDS: off
MetaspaceReclaimPolicy: balanced
 - commit_granule_bytes: 65536.
 - commit_granule_words: 8192.
 - virtual_space_node_default_size: 1048576.
 - enlarge_chunks_in_place: 1.
 - new_chunks_are_fully_committed: 0.
 - uncommit_free_chunks: 1.
 - use_allocation_guard: 0.
 - handle_deallocations: 1.


Internal statistics:

num_allocs_failed_limit: 3.
num_arena_births: 172.
num_arena_deaths: 0.
num_vsnodes_births: 4.
num_vsnodes_deaths: 0.
num_space_committed: 360.
num_space_uncommitted: 0.
num_chunks_returned_to_freelist: 3.
num_chunks_taken_from_freelist: 725.
num_chunk_merges: 3.
num_chunk_splits: 521.
num_chunks_enlarged: 435.
num_purges: 0.
num_inconsistent_stats: 0.

CodeHeap 'non-profiled nmethods': size=120000Kb used=1746Kb max_used=1746Kb free=118253Kb
 bounds [0x0000022cacdc0000, 0x0000022cad030000, 0x0000022cb42f0000]
CodeHeap 'profiled nmethods': size=120000Kb used=6993Kb max_used=6993Kb free=113006Kb
 bounds [0x0000022ca52f0000, 0x0000022ca59d0000, 0x0000022cac820000]
CodeHeap 'non-nmethods': size=5760Kb used=1425Kb max_used=1509Kb free=4334Kb
 bounds [0x0000022cac820000, 0x0000022caca90000, 0x0000022cacdc0000]
 total_blobs=4321 nmethods=3537 adapters=696
 compilation: enabled
              stopped_count=0, restarted_count=0
 full_count=0

Compilation events (20 events):
Event: 9.005 Thread 0x0000022cc24c92b0 3532       4       com.sun.javafx.geom.transform.Affine3D::concatenate (561 bytes)
Event: 9.008 Thread 0x0000022cc10a2160 nmethod 3525 0x0000022cacf71f90 code [0x0000022cacf72160, 0x0000022cacf72718]
Event: 9.008 Thread 0x0000022cc10a2160 3540       4       com.sun.prism.impl.ps.BaseShaderContext::updatePerVertexColor (46 bytes)
Event: 9.011 Thread 0x0000022cc10a2160 nmethod 3540 0x0000022cacf72b10 code [0x0000022cacf72cc0, 0x0000022cacf72ed8]
Event: 9.012 Thread 0x0000022cc10a2160 3531       4       com.sun.prism.impl.ps.BaseShaderGraphics::setPaint (47 bytes)
Event: 9.012 Thread 0x0000022cc10a2c00 nmethod 3538 0x0000022ca59bc590 code [0x0000022ca59bcb00, 0x0000022ca59c0158]
Event: 9.012 Thread 0x0000022cc10a2c00 3541       3       com.sun.prism.PixelFormat::getBytesPerPixelUnit (13 bytes)
Event: 9.013 Thread 0x0000022cc24c92b0 nmethod 3532 0x0000022cacf73010 code [0x0000022cacf731c0, 0x0000022cacf73458]
Event: 9.013 Thread 0x0000022cc10a2c00 nmethod 3541 0x0000022ca59c1590 code [0x0000022ca59c1720, 0x0000022ca59c1858]
Event: 9.013 Thread 0x0000022cc10a2c00 3536       3       com.sun.prism.impl.BaseGraphics::<init> (155 bytes)
Event: 9.014 Thread 0x0000022cc10a2c00 nmethod 3536 0x0000022ca59c1910 code [0x0000022ca59c1b60, 0x0000022ca59c26f8]
Event: 9.014 Thread 0x0000022cc10a2c00 3537       3       com.sun.javafx.geom.RectBounds::<init> (10 bytes)
Event: 9.014 Thread 0x0000022cc10a2c00 nmethod 3537 0x0000022ca59c2a10 code [0x0000022ca59c2bc0, 0x0000022ca59c2e78]
Event: 9.014 Thread 0x0000022cc10a2c00 3539       3       com.sun.prism.d3d.D3DGraphics::create (55 bytes)
Event: 9.014 Thread 0x0000022cc10a2c00 nmethod 3539 0x0000022ca59c2f90 code [0x0000022ca59c3180, 0x0000022ca59c37b8]
Event: 9.021 Thread 0x0000022cc10a2160 nmethod 3531 0x0000022cacf73910 code [0x0000022cacf73b80, 0x0000022cacf74368]
Event: 9.199 Thread 0x0000022cc10a2c00 3542       1       application.Cell::getValue (5 bytes)
Event: 9.199 Thread 0x0000022cc10a2c00 nmethod 3542 0x0000022cacf74810 code [0x0000022cacf749a0, 0x0000022cacf74a78]
Event: 9.199 Thread 0x0000022cc10a2c00 3543       3       application.Table::getCell (19 bytes)
Event: 9.200 Thread 0x0000022cc10a2c00 nmethod 3543 0x0000022ca59c3990 code [0x0000022ca59c3bc0, 0x0000022ca59c43d8]

GC Heap History (6 events):
Event: 2.885 GC heap before
{Heap before GC invocations=0 (full 0):
 garbage-first heap   total 260096K, used 20480K [0x0000000702600000, 0x0000000800000000)
  region size 2048K, 11 young (22528K), 0 survivors (0K)
 Metaspace       used 11684K, committed 11840K, reserved 1064960K
  class space    used 1250K, committed 1344K, reserved 1048576K
}
Event: 2.890 GC heap after
{Heap after GC invocations=1 (full 0):
 garbage-first heap   total 260096K, used 2602K [0x0000000702600000, 0x0000000800000000)
  region size 2048K, 2 young (4096K), 2 survivors (4096K)
 Metaspace       used 11684K, committed 11840K, reserved 1064960K
  class space    used 1250K, committed 1344K, reserved 1048576K
}
Event: 4.097 GC heap before
{Heap before GC invocations=1 (full 0):
 garbage-first heap   total 260096K, used 37418K [0x0000000702600000, 0x0000000800000000)
  region size 2048K, 20 young (40960K), 2 survivors (4096K)
 Metaspace       used 18684K, committed 18816K, reserved 1073152K
  class space    used 2439K, committed 2496K, reserved 1048576K
}
Event: 4.111 GC heap after
{Heap after GC invocations=2 (full 0):
 garbage-first heap   total 260096K, used 9761K [0x0000000702600000, 0x0000000800000000)
  region size 2048K, 3 young (6144K), 3 survivors (6144K)
 Metaspace       used 18684K, committed 18816K, reserved 1073152K
  class space    used 2439K, committed 2496K, reserved 1048576K
}
Event: 4.708 GC heap before
{Heap before GC invocations=2 (full 0):
 garbage-first heap   total 260096K, used 22049K [0x0000000702600000, 0x0000000800000000)
  region size 2048K, 10 young (20480K), 3 survivors (6144K)
 Metaspace       used 21280K, committed 21504K, reserved 1073152K
  class space    used 2944K, committed 3072K, reserved 1048576K
}
Event: 4.725 GC heap after
{Heap after GC invocations=3 (full 0):
 garbage-first heap   total 260096K, used 12013K [0x0000000702600000, 0x0000000800000000)
  region size 2048K, 2 young (4096K), 2 survivors (4096K)
 Metaspace       used 21280K, committed 21504K, reserved 1073152K
  class space    used 2944K, committed 3072K, reserved 1048576K
}

Dll operation events (20 events):
Event: 1.523 Loaded shared library C:\Users\janko\Desktop\openjfx-20.0.1_windows-x64_bin-sdk\javafx-sdk-20.0.1\bin\api-ms-win-crt-math-l1-1-0.dll
Event: 1.543 Loaded shared library C:\Users\janko\Desktop\openjfx-20.0.1_windows-x64_bin-sdk\javafx-sdk-20.0.1\bin\api-ms-win-crt-multibyte-l1-1-0.dll
Event: 1.568 Loaded shared library C:\Users\janko\Desktop\openjfx-20.0.1_windows-x64_bin-sdk\javafx-sdk-20.0.1\bin\api-ms-win-crt-private-l1-1-0.dll
Event: 1.588 Loaded shared library C:\Users\janko\Desktop\openjfx-20.0.1_windows-x64_bin-sdk\javafx-sdk-20.0.1\bin\api-ms-win-crt-process-l1-1-0.dll
Event: 1.594 Loaded shared library C:\Users\janko\Desktop\openjfx-20.0.1_windows-x64_bin-sdk\javafx-sdk-20.0.1\bin\api-ms-win-crt-runtime-l1-1-0.dll
Event: 1.614 Loaded shared library C:\Users\janko\Desktop\openjfx-20.0.1_windows-x64_bin-sdk\javafx-sdk-20.0.1\bin\api-ms-win-crt-stdio-l1-1-0.dll
Event: 1.634 Loaded shared library C:\Users\janko\Desktop\openjfx-20.0.1_windows-x64_bin-sdk\javafx-sdk-20.0.1\bin\api-ms-win-crt-string-l1-1-0.dll
Event: 1.654 Loaded shared library C:\Users\janko\Desktop\openjfx-20.0.1_windows-x64_bin-sdk\javafx-sdk-20.0.1\bin\api-ms-win-crt-time-l1-1-0.dll
Event: 1.673 Loaded shared library C:\Users\janko\Desktop\openjfx-20.0.1_windows-x64_bin-sdk\javafx-sdk-20.0.1\bin\api-ms-win-crt-utility-l1-1-0.dll
Event: 1.740 Loaded shared library C:\Users\janko\Desktop\openjfx-20.0.1_windows-x64_bin-sdk\javafx-sdk-20.0.1\bin\ucrtbase.dll
Event: 1.768 Loaded shared library C:\Users\janko\Desktop\openjfx-20.0.1_windows-x64_bin-sdk\javafx-sdk-20.0.1\bin\vcruntime140.dll
Event: 1.795 Loaded shared library C:\Users\janko\Desktop\openjfx-20.0.1_windows-x64_bin-sdk\javafx-sdk-20.0.1\bin\vcruntime140_1.dll
Event: 1.857 Loaded shared library C:\Users\janko\Desktop\openjfx-20.0.1_windows-x64_bin-sdk\javafx-sdk-20.0.1\bin\msvcp140.dll
Event: 1.885 Loaded shared library C:\Users\janko\Desktop\openjfx-20.0.1_windows-x64_bin-sdk\javafx-sdk-20.0.1\bin\msvcp140_1.dll
Event: 2.072 Loaded shared library C:\Users\janko\Desktop\openjfx-20.0.1_windows-x64_bin-sdk\javafx-sdk-20.0.1\bin\msvcp140_2.dll
Event: 2.163 Loaded shared library C:\Users\janko\Desktop\openjfx-20.0.1_windows-x64_bin-sdk\javafx-sdk-20.0.1\bin\prism_d3d.dll
Event: 2.303 Loaded shared library C:\Users\janko\Desktop\openjfx-20.0.1_windows-x64_bin-sdk\javafx-sdk-20.0.1\bin\glass.dll
Event: 2.579 Loaded shared library C:\Users\janko\git\poop_projekat_java\poop_projekat_java\src\POOP_domaci2_jni.dll
Event: 2.985 Loaded shared library C:\Users\janko\Desktop\openjfx-20.0.1_windows-x64_bin-sdk\javafx-sdk-20.0.1\bin\javafx_font.dll
Event: 3.112 Loaded shared library C:\Users\janko\.p2\pool\plugins\org.eclipse.justj.openjdk.hotspot.jre.full.win32.x86_64_17.0.6.v20230125-1136\jre\bin\jimage.dll

Deoptimization events (20 events):
Event: 7.804 Thread 0x0000022cc1e66e60 DEOPT PACKING pc=0x0000022ca581c2c8 sp=0x00000044c28fd600
Event: 7.804 Thread 0x0000022cc1e66e60 DEOPT UNPACKING pc=0x0000022cac877143 sp=0x00000044c28fca50 mode 0
Event: 8.479 Thread 0x0000022cc2157b80 Uncommon trap: trap_request=0xfffffff4 fr.pc=0x0000022cacf3c220 relative=0x0000000000006da0
Event: 8.479 Thread 0x0000022cc2157b80 Uncommon trap: reason=null_check action=make_not_entrant pc=0x0000022cacf3c220 method=com.sun.javafx.css.StyleManager.getSharedCache(Ljavafx/css/Styleable;Ljavafx/scene/SubScene;Lcom/sun/javafx/css/StyleCache$Key;)Lcom/sun/javafx/css/StyleCache; @ 37 c2
Event: 8.479 Thread 0x0000022cc2157b80 DEOPT PACKING pc=0x0000022cacf3c220 sp=0x00000044c2cfdb10
Event: 8.479 Thread 0x0000022cc2157b80 DEOPT UNPACKING pc=0x0000022cac8769a3 sp=0x00000044c2cfda00 mode 2
Event: 8.490 Thread 0x0000022cc2157b80 Uncommon trap: trap_request=0xffffffde fr.pc=0x0000022cacee703c relative=0x00000000000006bc
Event: 8.490 Thread 0x0000022cc2157b80 Uncommon trap: reason=class_check action=maybe_recompile pc=0x0000022cacee703c method=javafx.scene.Node.updateLocalToParentTransform()V @ 11 c2
Event: 8.491 Thread 0x0000022cc2157b80 DEOPT PACKING pc=0x0000022cacee703c sp=0x00000044c2cfddf0
Event: 8.491 Thread 0x0000022cc2157b80 DEOPT UNPACKING pc=0x0000022cac8769a3 sp=0x00000044c2cfdd80 mode 2
Event: 8.517 Thread 0x0000022cc1e66e60 DEOPT PACKING pc=0x0000022ca581c2c8 sp=0x00000044c28fcd10
Event: 8.517 Thread 0x0000022cc1e66e60 DEOPT UNPACKING pc=0x0000022cac877143 sp=0x00000044c28fc160 mode 0
Event: 8.539 Thread 0x0000022cc1e66e60 DEOPT PACKING pc=0x0000022ca581c509 sp=0x00000044c28fcd10
Event: 8.539 Thread 0x0000022cc1e66e60 DEOPT UNPACKING pc=0x0000022cac877143 sp=0x00000044c28fc160 mode 0
Event: 8.539 Thread 0x0000022cc1e66e60 Uncommon trap: trap_request=0xffffff45 fr.pc=0x0000022cacf17a50 relative=0x0000000000004270
Event: 8.539 Thread 0x0000022cc1e66e60 Uncommon trap: reason=unstable_if action=reinterpret pc=0x0000022cacf17a50 method=com.sun.marlin.Renderer._endRendering(IILcom/sun/marlin/MarlinAlphaConsumer;)V @ 2576 c2
Event: 8.539 Thread 0x0000022cc1e66e60 DEOPT PACKING pc=0x0000022cacf17a50 sp=0x00000044c28fcd10
Event: 8.539 Thread 0x0000022cc1e66e60 DEOPT UNPACKING pc=0x0000022cac8769a3 sp=0x00000044c28fcc60 mode 2
Event: 8.571 Thread 0x0000022cc1e66e60 DEOPT PACKING pc=0x0000022ca581c509 sp=0x00000044c28fcd10
Event: 8.571 Thread 0x0000022cc1e66e60 DEOPT UNPACKING pc=0x0000022cac877143 sp=0x00000044c28fc160 mode 0

Classes unloaded (0 events):
No events

Classes redefined (0 events):
No events

Internal exceptions (20 events):
Event: 3.350 Thread 0x0000022cc2157b80 Implicit null exception at 0x0000022cacde008f to 0x0000022cacde0109
Event: 3.663 Thread 0x0000022cc2157b80 Implicit null exception at 0x0000022cace29671 to 0x0000022cace29732
Event: 3.674 Thread 0x0000022cc2157b80 Exception <a 'java/lang/NoSuchMethodError'{0x000000071078c380}: 'java.lang.Object java.lang.invoke.DirectMethodHandle$Holder.invokeInterface(java.lang.Object, java.lang.Object, java.lang.Object)'> (0x000000071078c380) 
thrown [s\src\hotspot\share\interpreter\linkResolver.cpp, line 759]
Event: 3.674 Thread 0x0000022cc2157b80 Exception <a 'java/lang/IncompatibleClassChangeError'{0x000000071078ffb0}: Found class java.lang.Object, but interface was expected> (0x000000071078ffb0) 
thrown [s\src\hotspot\share\interpreter\linkResolver.cpp, line 826]
Event: 4.026 Thread 0x0000022cc2157b80 Exception <a 'java/lang/ClassNotFoundException'{0x000000070fc151f0}: com/sun/javafx/scene/control/skin/resources/controls> (0x000000070fc151f0) 
thrown [s\src\hotspot\share\prims\jni.cpp, line 535]
Event: 4.029 Thread 0x0000022cc2157b80 Exception <a 'java/lang/ClassNotFoundException'{0x000000070fc231a0}: com/sun/javafx/scene/control/skin/resources/controls_en> (0x000000070fc231a0) 
thrown [s\src\hotspot\share\prims\jni.cpp, line 535]
Event: 4.030 Thread 0x0000022cc2157b80 Exception <a 'java/lang/ClassNotFoundException'{0x000000070fc29420}: com/sun/javafx/scene/control/skin/resources/controls_en_US> (0x000000070fc29420) 
thrown [s\src\hotspot\share\prims\jni.cpp, line 535]
Event: 4.122 Thread 0x0000022cc2157b80 Exception <a 'java/lang/NoSuchMethodError'{0x000000071222cdd0}: 'void java.lang.invoke.DirectMethodHandle$Holder.invokeSpecial(java.lang.Object, java.lang.Object, java.lang.Object, java.lang.Object, java.lang.Object, java.lang.Object)'> (0x000000071222cdd0) 
thrown [s\src\hotspot\share\interpreter\linkResolver.cpp, line 759]
Event: 4.179 Thread 0x0000022cc2157b80 Exception <a 'java/lang/NoSuchMethodError'{0x0000000712021548}: 'int java.lang.invoke.DirectMethodHandle$Holder.invokeStaticInit(java.lang.Object, java.lang.Object)'> (0x0000000712021548) 
thrown [s\src\hotspot\share\interpreter\linkResolver.cpp, line 759]
Event: 4.303 Thread 0x0000022cc2157b80 Implicit null exception at 0x0000022cace3796f to 0x0000022cace38178
Event: 4.454 Thread 0x0000022cc2157b80 Exception <a 'java/lang/NoSuchMethodError'{0x0000000711a37100}: 'java.lang.Object java.lang.invoke.DirectMethodHandle$Holder.newInvokeSpecial(java.lang.Object, java.lang.Object, int, int)'> (0x0000000711a37100) 
thrown [s\src\hotspot\share\interpreter\linkResolver.cpp, line 759]
Event: 4.456 Thread 0x0000022cc2157b80 Implicit null exception at 0x0000022cace89380 to 0x0000022cace8989c
Event: 4.456 Thread 0x0000022cc2157b80 Implicit null exception at 0x0000022cace89f50 to 0x0000022cace89fec
Event: 4.465 Thread 0x0000022cc2157b80 Exception <a 'java/lang/NoSuchMethodError'{0x0000000711a52c58}: 'java.lang.Object java.lang.invoke.DirectMethodHandle$Holder.newInvokeSpecial(java.lang.Object, java.lang.Object, int)'> (0x0000000711a52c58) 
thrown [s\src\hotspot\share\interpreter\linkResolver.cpp, line 759]
Event: 4.689 Thread 0x0000022cc2157b80 Exception <a 'java/lang/NoSuchMethodError'{0x00000007119a2b90}: 'long java.lang.invoke.DirectMethodHandle$Holder.invokeStatic(java.lang.Object, java.lang.Object, java.lang.Object)'> (0x00000007119a2b90) 
thrown [s\src\hotspot\share\interpreter\linkResolver.cpp, line 759]
Event: 4.690 Thread 0x0000022cc2157b80 Exception <a 'java/lang/NoSuchMethodError'{0x00000007119a6338}: 'long java.lang.invoke.DirectMethodHandle$Holder.invokeStaticInit(java.lang.Object, java.lang.Object, java.lang.Object)'> (0x00000007119a6338) 
thrown [s\src\hotspot\share\interpreter\linkResolver.cpp, line 759]
Event: 4.694 Thread 0x0000022cc2157b80 Exception <a 'java/lang/NoSuchMethodError'{0x00000007119bdf38}: 'java.lang.Object java.lang.invoke.DirectMethodHandle$Holder.newInvokeSpecial(java.lang.Object, java.lang.Object, long)'> (0x00000007119bdf38) 
thrown [s\src\hotspot\share\interpreter\linkResolver.cpp, line 759]
Event: 4.695 Thread 0x0000022cc2157b80 Exception <a 'java/lang/NoSuchMethodError'{0x00000007119c1aa8}: 'java.lang.Object java.lang.invoke.Invokers$Holder.linkToTargetMethod(java.lang.Object, long, java.lang.Object)'> (0x00000007119c1aa8) 
thrown [s\src\hotspot\share\interpreter\linkResolver.cpp, line 759]
Event: 4.866 Thread 0x0000022cc1e66e60 Exception <a 'java/lang/NoSuchMethodError'{0x00000007123ab2b0}: 'java.lang.Object java.lang.invoke.DirectMethodHandle$Holder.invokeStaticInit(java.lang.Object, int)'> (0x00000007123ab2b0) 
thrown [s\src\hotspot\share\interpreter\linkResolver.cpp, line 759]
Event: 8.479 Thread 0x0000022cc2157b80 Implicit null exception at 0x0000022cacf35a04 to 0x0000022cacf3c208

VM Operations (20 events):
Event: 4.245 Executing VM operation: HandshakeAllThreads
Event: 4.245 Executing VM operation: HandshakeAllThreads done
Event: 4.336 Executing VM operation: ICBufferFull
Event: 4.337 Executing VM operation: ICBufferFull done
Event: 4.663 Executing VM operation: ICBufferFull
Event: 4.664 Executing VM operation: ICBufferFull done
Event: 4.708 Executing VM operation: CollectForMetadataAllocation
Event: 4.725 Executing VM operation: CollectForMetadataAllocation done
Event: 4.744 Executing VM operation: G1Concurrent
Event: 4.746 Executing VM operation: G1Concurrent done
Event: 4.756 Executing VM operation: G1Concurrent
Event: 4.756 Executing VM operation: G1Concurrent done
Event: 4.841 Executing VM operation: HandshakeAllThreads
Event: 4.841 Executing VM operation: HandshakeAllThreads done
Event: 5.765 Executing VM operation: ICBufferFull
Event: 5.765 Executing VM operation: ICBufferFull done
Event: 7.765 Executing VM operation: Cleanup
Event: 7.765 Executing VM operation: Cleanup done
Event: 8.536 Executing VM operation: HandshakeAllThreads
Event: 8.536 Executing VM operation: HandshakeAllThreads done

Events (20 events):
Event: 4.893 loading class jdk/internal/reflect/UnsafeFieldAccessorFactory
Event: 4.893 loading class jdk/internal/reflect/UnsafeFieldAccessorFactory done
Event: 4.893 loading class jdk/internal/reflect/UnsafeQualifiedStaticObjectFieldAccessorImpl
Event: 4.893 loading class jdk/internal/reflect/UnsafeQualifiedStaticFieldAccessorImpl
Event: 4.893 loading class jdk/internal/reflect/UnsafeQualifiedStaticFieldAccessorImpl done
Event: 4.893 loading class jdk/internal/reflect/UnsafeQualifiedStaticObjectFieldAccessorImpl done
Event: 5.636 loading class java/io/UnsupportedEncodingException
Event: 5.636 loading class java/io/UnsupportedEncodingException done
Event: 5.739 loading class java/util/LinkedList$ListItr
Event: 5.739 loading class java/util/LinkedList$ListItr done
Event: 6.079 Thread 0x0000022cc24c92b0 Thread exited: 0x0000022cc24c92b0
Event: 6.079 Thread 0x0000022cc2388aa0 Thread exited: 0x0000022cc2388aa0
Event: 7.725 Thread 0x0000022cc24c92b0 Thread added: 0x0000022cc24c92b0
Event: 7.737 Thread 0x0000022cc2388aa0 Thread added: 0x0000022cc2388aa0
Event: 8.463 Thread 0x0000022cc2388aa0 Thread exited: 0x0000022cc2388aa0
Event: 8.480 Thread 0x0000022cc24c92b0 Thread exited: 0x0000022cc24c92b0
Event: 8.489 Thread 0x0000022cc24c92b0 Thread added: 0x0000022cc24c92b0
Event: 8.491 Thread 0x0000022cc284a400 Thread added: 0x0000022cc284a400
Event: 8.767 Thread 0x0000022cc284a400 Thread exited: 0x0000022cc284a400
Event: 9.199 Thread 0x0000022cc24c92b0 Thread exited: 0x0000022cc24c92b0


Dynamic libraries:
0x00007ff7a62a0000 - 0x00007ff7a62ae000 	C:\Users\janko\.p2\pool\plugins\org.eclipse.justj.openjdk.hotspot.jre.full.win32.x86_64_17.0.6.v20230125-1136\jre\bin\javaw.exe
0x00007ff8325b0000 - 0x00007ff8327c4000 	C:\WINDOWS\SYSTEM32\ntdll.dll
0x00007ff830dc0000 - 0x00007ff830e82000 	C:\WINDOWS\System32\KERNEL32.DLL
0x00007ff82ff60000 - 0x00007ff830303000 	C:\WINDOWS\System32\KERNELBASE.dll
0x00007ff82f9b0000 - 0x00007ff82fac1000 	C:\WINDOWS\System32\ucrtbase.dll
0x00007ff809a30000 - 0x00007ff809a47000 	C:\Users\janko\.p2\pool\plugins\org.eclipse.justj.openjdk.hotspot.jre.full.win32.x86_64_17.0.6.v20230125-1136\jre\bin\jli.dll
0x00007ff830e90000 - 0x00007ff83103a000 	C:\WINDOWS\System32\USER32.dll
0x00007ff806120000 - 0x00007ff806139000 	C:\Users\janko\.p2\pool\plugins\org.eclipse.justj.openjdk.hotspot.jre.full.win32.x86_64_17.0.6.v20230125-1136\jre\bin\VCRUNTIME140.dll
0x00007ff82fdd0000 - 0x00007ff82fdf6000 	C:\WINDOWS\System32\win32u.dll
0x00007ff8249b0000 - 0x00007ff824c3e000 	C:\WINDOWS\WinSxS\amd64_microsoft.windows.common-controls_6595b64144ccf1df_6.0.22621.1635_none_270f70857386168e\COMCTL32.dll
0x00007ff831dc0000 - 0x00007ff831de9000 	C:\WINDOWS\System32\GDI32.dll
0x00007ff830a00000 - 0x00007ff830aa7000 	C:\WINDOWS\System32\msvcrt.dll
0x00007ff82fad0000 - 0x00007ff82fbe9000 	C:\WINDOWS\System32\gdi32full.dll
0x00007ff82fe00000 - 0x00007ff82fe9a000 	C:\WINDOWS\System32\msvcp_win.dll
0x00007ff831df0000 - 0x00007ff831e21000 	C:\WINDOWS\System32\IMM32.DLL
0x00007ff82aa90000 - 0x00007ff82aa9c000 	C:\Users\janko\.p2\pool\plugins\org.eclipse.justj.openjdk.hotspot.jre.full.win32.x86_64_17.0.6.v20230125-1136\jre\bin\vcruntime140_1.dll
0x00007fffe8060000 - 0x00007fffe80f1000 	C:\Users\janko\.p2\pool\plugins\org.eclipse.justj.openjdk.hotspot.jre.full.win32.x86_64_17.0.6.v20230125-1136\jre\bin\msvcp140.dll
0x00007fffd9fe0000 - 0x00007fffdac27000 	C:\Users\janko\.p2\pool\plugins\org.eclipse.justj.openjdk.hotspot.jre.full.win32.x86_64_17.0.6.v20230125-1136\jre\bin\server\jvm.dll
0x00007ff831920000 - 0x00007ff8319ce000 	C:\WINDOWS\System32\ADVAPI32.dll
0x00007ff831b30000 - 0x00007ff831bd4000 	C:\WINDOWS\System32\sechost.dll
0x00007ff830b70000 - 0x00007ff830c87000 	C:\WINDOWS\System32\RPCRT4.dll
0x00007ff827920000 - 0x00007ff82792a000 	C:\WINDOWS\SYSTEM32\VERSION.dll
0x00007ff827e70000 - 0x00007ff827ea4000 	C:\WINDOWS\SYSTEM32\WINMM.dll
0x00007ff813020000 - 0x00007ff813029000 	C:\WINDOWS\SYSTEM32\WSOCK32.dll
0x00007ff8310a0000 - 0x00007ff831111000 	C:\WINDOWS\System32\WS2_32.dll
0x00007ff82ea60000 - 0x00007ff82ea78000 	C:\WINDOWS\SYSTEM32\kernel.appcore.dll
0x00007ff82a530000 - 0x00007ff82a53a000 	C:\Users\janko\.p2\pool\plugins\org.eclipse.justj.openjdk.hotspot.jre.full.win32.x86_64_17.0.6.v20230125-1136\jre\bin\jimage.dll
0x00007ff82d530000 - 0x00007ff82d75e000 	C:\WINDOWS\SYSTEM32\DBGHELP.DLL
0x00007ff831f00000 - 0x00007ff832289000 	C:\WINDOWS\System32\combase.dll
0x00007ff830390000 - 0x00007ff830467000 	C:\WINDOWS\System32\OLEAUT32.dll
0x00007ff826eb0000 - 0x00007ff826ee2000 	C:\WINDOWS\SYSTEM32\dbgcore.DLL
0x00007ff830310000 - 0x00007ff83038a000 	C:\WINDOWS\System32\bcryptPrimitives.dll
0x00007ff827410000 - 0x00007ff827435000 	C:\Users\janko\.p2\pool\plugins\org.eclipse.justj.openjdk.hotspot.jre.full.win32.x86_64_17.0.6.v20230125-1136\jre\bin\java.dll
0x00007ff828840000 - 0x00007ff828858000 	C:\Users\janko\.p2\pool\plugins\org.eclipse.justj.openjdk.hotspot.jre.full.win32.x86_64_17.0.6.v20230125-1136\jre\bin\zip.dll
0x00007ff831120000 - 0x00007ff831919000 	C:\WINDOWS\System32\SHELL32.dll
0x00007ff82d9a0000 - 0x00007ff82e26e000 	C:\WINDOWS\SYSTEM32\windows.storage.dll
0x00007ff82d860000 - 0x00007ff82d99e000 	C:\WINDOWS\SYSTEM32\wintypes.dll
0x00007ff830900000 - 0x00007ff8309f1000 	C:\WINDOWS\System32\SHCORE.dll
0x00007ff831e30000 - 0x00007ff831e8e000 	C:\WINDOWS\System32\shlwapi.dll
0x00007ff82f8e0000 - 0x00007ff82f906000 	C:\WINDOWS\SYSTEM32\profapi.dll
0x00007ff827fe0000 - 0x00007ff827ff9000 	C:\Users\janko\.p2\pool\plugins\org.eclipse.justj.openjdk.hotspot.jre.full.win32.x86_64_17.0.6.v20230125-1136\jre\bin\net.dll
0x00007ff82c770000 - 0x00007ff82c8a7000 	C:\WINDOWS\SYSTEM32\WINHTTP.dll
0x00007ff82ef60000 - 0x00007ff82efc9000 	C:\WINDOWS\system32\mswsock.dll
0x00007ff8273f0000 - 0x00007ff827405000 	C:\Users\janko\.p2\pool\plugins\org.eclipse.justj.openjdk.hotspot.jre.full.win32.x86_64_17.0.6.v20230125-1136\jre\bin\nio.dll
0x0000022cc0780000 - 0x0000022cc0783000 	C:\Users\janko\Desktop\openjfx-20.0.1_windows-x64_bin-sdk\javafx-sdk-20.0.1\bin\api-ms-win-core-console-l1-1-0.dll
0x0000022cc0790000 - 0x0000022cc0793000 	C:\Users\janko\Desktop\openjfx-20.0.1_windows-x64_bin-sdk\javafx-sdk-20.0.1\bin\api-ms-win-core-console-l1-2-0.dll
0x0000022cc07a0000 - 0x0000022cc07a3000 	C:\Users\janko\Desktop\openjfx-20.0.1_windows-x64_bin-sdk\javafx-sdk-20.0.1\bin\api-ms-win-core-datetime-l1-1-0.dll
0x0000022cc07b0000 - 0x0000022cc07b3000 	C:\Users\janko\Desktop\openjfx-20.0.1_windows-x64_bin-sdk\javafx-sdk-20.0.1\bin\api-ms-win-core-debug-l1-1-0.dll
0x0000022cc07c0000 - 0x0000022cc07c3000 	C:\Users\janko\Desktop\openjfx-20.0.1_windows-x64_bin-sdk\javafx-sdk-20.0.1\bin\api-ms-win-core-errorhandling-l1-1-0.dll
0x0000022cc07d0000 - 0x0000022cc07d4000 	C:\Users\janko\Desktop\openjfx-20.0.1_windows-x64_bin-sdk\javafx-sdk-20.0.1\bin\api-ms-win-core-file-l1-1-0.dll
0x0000022cc07e0000 - 0x0000022cc07e3000 	C:\Users\janko\Desktop\openjfx-20.0.1_windows-x64_bin-sdk\javafx-sdk-20.0.1\bin\api-ms-win-core-file-l1-2-0.dll
0x0000022cc07f0000 - 0x0000022cc07f3000 	C:\Users\janko\Desktop\openjfx-20.0.1_windows-x64_bin-sdk\javafx-sdk-20.0.1\bin\api-ms-win-core-file-l2-1-0.dll
0x0000022cc2cd0000 - 0x0000022cc2cd3000 	C:\Users\janko\Desktop\openjfx-20.0.1_windows-x64_bin-sdk\javafx-sdk-20.0.1\bin\api-ms-win-core-handle-l1-1-0.dll
0x0000022cc2ce0000 - 0x0000022cc2ce3000 	C:\Users\janko\Desktop\openjfx-20.0.1_windows-x64_bin-sdk\javafx-sdk-20.0.1\bin\api-ms-win-core-heap-l1-1-0.dll
0x0000022cc2cf0000 - 0x0000022cc2cf3000 	C:\Users\janko\Desktop\openjfx-20.0.1_windows-x64_bin-sdk\javafx-sdk-20.0.1\bin\api-ms-win-core-interlocked-l1-1-0.dll
0x0000022cc2d00000 - 0x0000022cc2d03000 	C:\Users\janko\Desktop\openjfx-20.0.1_windows-x64_bin-sdk\javafx-sdk-20.0.1\bin\api-ms-win-core-libraryloader-l1-1-0.dll
0x0000022cc2d10000 - 0x0000022cc2d13000 	C:\Users\janko\Desktop\openjfx-20.0.1_windows-x64_bin-sdk\javafx-sdk-20.0.1\bin\api-ms-win-core-localization-l1-2-0.dll
0x0000022cc2d20000 - 0x0000022cc2d23000 	C:\Users\janko\Desktop\openjfx-20.0.1_windows-x64_bin-sdk\javafx-sdk-20.0.1\bin\api-ms-win-core-memory-l1-1-0.dll
0x0000022cc2d30000 - 0x0000022cc2d33000 	C:\Users\janko\Desktop\openjfx-20.0.1_windows-x64_bin-sdk\javafx-sdk-20.0.1\bin\api-ms-win-core-namedpipe-l1-1-0.dll
0x0000022cc2d40000 - 0x0000022cc2d43000 	C:\Users\janko\Desktop\openjfx-20.0.1_windows-x64_bin-sdk\javafx-sdk-20.0.1\bin\api-ms-win-core-processenvironment-l1-1-0.dll
0x0000022cc2d50000 - 0x0000022cc2d53000 	C:\Users\janko\Desktop\openjfx-20.0.1_windows-x64_bin-sdk\javafx-sdk-20.0.1\bin\api-ms-win-core-processthreads-l1-1-0.dll
0x0000022cc2d60000 - 0x0000022cc2d63000 	C:\Users\janko\Desktop\openjfx-20.0.1_windows-x64_bin-sdk\javafx-sdk-20.0.1\bin\api-ms-win-core-processthreads-l1-1-1.dll
0x0000022cc2d70000 - 0x0000022cc2d73000 	C:\Users\janko\Desktop\openjfx-20.0.1_windows-x64_bin-sdk\javafx-sdk-20.0.1\bin\api-ms-win-core-profile-l1-1-0.dll
0x0000022cc2d80000 - 0x0000022cc2d83000 	C:\Users\janko\Desktop\openjfx-20.0.1_windows-x64_bin-sdk\javafx-sdk-20.0.1\bin\api-ms-win-core-rtlsupport-l1-1-0.dll
0x0000022cc2d90000 - 0x0000022cc2d93000 	C:\Users\janko\Desktop\openjfx-20.0.1_windows-x64_bin-sdk\javafx-sdk-20.0.1\bin\api-ms-win-core-string-l1-1-0.dll
0x0000022cc2da0000 - 0x0000022cc2da3000 	C:\Users\janko\Desktop\openjfx-20.0.1_windows-x64_bin-sdk\javafx-sdk-20.0.1\bin\api-ms-win-core-synch-l1-1-0.dll
0x0000022cc2db0000 - 0x0000022cc2db3000 	C:\Users\janko\Desktop\openjfx-20.0.1_windows-x64_bin-sdk\javafx-sdk-20.0.1\bin\api-ms-win-core-synch-l1-2-0.dll
0x0000022cc2dc0000 - 0x0000022cc2dc3000 	C:\Users\janko\Desktop\openjfx-20.0.1_windows-x64_bin-sdk\javafx-sdk-20.0.1\bin\api-ms-win-core-sysinfo-l1-1-0.dll
0x0000022cc2dd0000 - 0x0000022cc2dd3000 	C:\Users\janko\Desktop\openjfx-20.0.1_windows-x64_bin-sdk\javafx-sdk-20.0.1\bin\api-ms-win-core-timezone-l1-1-0.dll
0x0000022cc2de0000 - 0x0000022cc2de3000 	C:\Users\janko\Desktop\openjfx-20.0.1_windows-x64_bin-sdk\javafx-sdk-20.0.1\bin\api-ms-win-core-util-l1-1-0.dll
0x0000022cc2df0000 - 0x0000022cc2df3000 	C:\Users\janko\Desktop\openjfx-20.0.1_windows-x64_bin-sdk\javafx-sdk-20.0.1\bin\api-ms-win-crt-conio-l1-1-0.dll
0x0000022cc2e00000 - 0x0000022cc2e04000 	C:\Users\janko\Desktop\openjfx-20.0.1_windows-x64_bin-sdk\javafx-sdk-20.0.1\bin\api-ms-win-crt-convert-l1-1-0.dll
0x0000022cc2e10000 - 0x0000022cc2e13000 	C:\Users\janko\Desktop\openjfx-20.0.1_windows-x64_bin-sdk\javafx-sdk-20.0.1\bin\api-ms-win-crt-environment-l1-1-0.dll
0x0000022cc2e20000 - 0x0000022cc2e23000 	C:\Users\janko\Desktop\openjfx-20.0.1_windows-x64_bin-sdk\javafx-sdk-20.0.1\bin\api-ms-win-crt-filesystem-l1-1-0.dll
0x0000022cc2e30000 - 0x0000022cc2e33000 	C:\Users\janko\Desktop\openjfx-20.0.1_windows-x64_bin-sdk\javafx-sdk-20.0.1\bin\api-ms-win-crt-heap-l1-1-0.dll
0x0000022cc2e40000 - 0x0000022cc2e43000 	C:\Users\janko\Desktop\openjfx-20.0.1_windows-x64_bin-sdk\javafx-sdk-20.0.1\bin\api-ms-win-crt-locale-l1-1-0.dll
0x0000022cc2e50000 - 0x0000022cc2e55000 	C:\Users\janko\Desktop\openjfx-20.0.1_windows-x64_bin-sdk\javafx-sdk-20.0.1\bin\api-ms-win-crt-math-l1-1-0.dll
0x0000022cc2e60000 - 0x0000022cc2e65000 	C:\Users\janko\Desktop\openjfx-20.0.1_windows-x64_bin-sdk\javafx-sdk-20.0.1\bin\api-ms-win-crt-multibyte-l1-1-0.dll
0x0000022cc2e70000 - 0x0000022cc2e80000 	C:\Users\janko\Desktop\openjfx-20.0.1_windows-x64_bin-sdk\javafx-sdk-20.0.1\bin\api-ms-win-crt-private-l1-1-0.dll
0x0000022cc2e80000 - 0x0000022cc2e83000 	C:\Users\janko\Desktop\openjfx-20.0.1_windows-x64_bin-sdk\javafx-sdk-20.0.1\bin\api-ms-win-crt-process-l1-1-0.dll
0x0000022cc2e90000 - 0x0000022cc2e94000 	C:\Users\janko\Desktop\openjfx-20.0.1_windows-x64_bin-sdk\javafx-sdk-20.0.1\bin\api-ms-win-crt-runtime-l1-1-0.dll
0x0000022cc2ea0000 - 0x0000022cc2ea4000 	C:\Users\janko\Desktop\openjfx-20.0.1_windows-x64_bin-sdk\javafx-sdk-20.0.1\bin\api-ms-win-crt-stdio-l1-1-0.dll
0x0000022cc2eb0000 - 0x0000022cc2eb4000 	C:\Users\janko\Desktop\openjfx-20.0.1_windows-x64_bin-sdk\javafx-sdk-20.0.1\bin\api-ms-win-crt-string-l1-1-0.dll
0x0000022cc2ec0000 - 0x0000022cc2ec3000 	C:\Users\janko\Desktop\openjfx-20.0.1_windows-x64_bin-sdk\javafx-sdk-20.0.1\bin\api-ms-win-crt-time-l1-1-0.dll
0x0000022cc2ed0000 - 0x0000022cc2ed3000 	C:\Users\janko\Desktop\openjfx-20.0.1_windows-x64_bin-sdk\javafx-sdk-20.0.1\bin\api-ms-win-crt-utility-l1-1-0.dll
0x00007fffd48e0000 - 0x00007fffd49dc000 	C:\Users\janko\Desktop\openjfx-20.0.1_windows-x64_bin-sdk\javafx-sdk-20.0.1\bin\ucrtbase.dll
0x00007ff806100000 - 0x00007ff80611b000 	C:\Users\janko\Desktop\openjfx-20.0.1_windows-x64_bin-sdk\javafx-sdk-20.0.1\bin\vcruntime140.dll
0x00007ff826f10000 - 0x00007ff826f1c000 	C:\Users\janko\Desktop\openjfx-20.0.1_windows-x64_bin-sdk\javafx-sdk-20.0.1\bin\vcruntime140_1.dll
0x00007fffffd20000 - 0x00007fffffdae000 	C:\Users\janko\Desktop\openjfx-20.0.1_windows-x64_bin-sdk\javafx-sdk-20.0.1\bin\msvcp140.dll
0x00007ff826ef0000 - 0x00007ff826ef9000 	C:\Users\janko\Desktop\openjfx-20.0.1_windows-x64_bin-sdk\javafx-sdk-20.0.1\bin\msvcp140_1.dll
0x00007ff8060b0000 - 0x00007ff8060e0000 	C:\Users\janko\Desktop\openjfx-20.0.1_windows-x64_bin-sdk\javafx-sdk-20.0.1\bin\msvcp140_2.dll
0x00007ff803580000 - 0x00007ff8035af000 	C:\Users\janko\Desktop\openjfx-20.0.1_windows-x64_bin-sdk\javafx-sdk-20.0.1\bin\prism_d3d.dll
0x00007ff802cf0000 - 0x00007ff802e99000 	C:\WINDOWS\system32\d3d9.dll
0x00007ff82cf10000 - 0x00007ff82cf3b000 	C:\WINDOWS\SYSTEM32\dwmapi.dll
0x00007ff82ccd0000 - 0x00007ff82cd08000 	C:\WINDOWS\SYSTEM32\dxcore.dll
0x00007ff82cbf0000 - 0x00007ff82cc9b000 	C:\WINDOWS\system32\uxtheme.dll
0x00007fffd2930000 - 0x00007fffd2b1b000 	C:\WINDOWS\System32\DriverStore\FileRepository\igdlh64.inf_amd64_c8634ed19e331cda\igdumdim64.dll
0x00007fffb8f00000 - 0x00007fffbc47d000 	C:\WINDOWS\System32\DriverStore\FileRepository\igdlh64.inf_amd64_c8634ed19e331cda\igd9dxva64.dll
0x00007ff8323d0000 - 0x00007ff83256c000 	C:\WINDOWS\System32\ole32.dll
0x00007ff823870000 - 0x00007ff8238b8000 	C:\WINDOWS\SYSTEM32\directxdatabasehelper.dll
0x00007ff803480000 - 0x00007ff8034c2000 	C:\Users\janko\Desktop\openjfx-20.0.1_windows-x64_bin-sdk\javafx-sdk-20.0.1\bin\glass.dll
0x00007ff831a30000 - 0x00007ff831b27000 	C:\WINDOWS\System32\COMDLG32.dll
0x00007ff832290000 - 0x00007ff8323b7000 	C:\WINDOWS\System32\MSCTF.dll
0x00007ffff8620000 - 0x00007ffff8644000 	C:\WINDOWS\System32\DriverStore\FileRepository\igdlh64.inf_amd64_c8634ed19e331cda\igdinfo64.dll
0x00007ff81ca00000 - 0x00007ff81e901000 	C:\WINDOWS\System32\DriverStore\FileRepository\igdlh64.inf_amd64_c8634ed19e331cda\igc64.dll
0x00007ff803540000 - 0x00007ff80357c000 	C:\Users\janko\git\poop_projekat_java\poop_projekat_java\src\POOP_domaci2_jni.dll
0x00007ff803400000 - 0x00007ff80342b000 	C:\WINDOWS\SYSTEM32\VCRUNTIME140D.dll
0x00007ff81c8b0000 - 0x00007ff81c8bf000 	C:\WINDOWS\SYSTEM32\VCRUNTIME140_1D.dll
0x00007fffd4050000 - 0x00007fffd4133000 	C:\WINDOWS\SYSTEM32\MSVCP140D.dll
0x00007fffd1d00000 - 0x00007fffd1ec3000 	C:\WINDOWS\SYSTEM32\ucrtbased.dll
0x00007ff800e10000 - 0x00007ff800e24000 	C:\Users\janko\Desktop\openjfx-20.0.1_windows-x64_bin-sdk\javafx-sdk-20.0.1\bin\javafx_font.dll
0x00007ff82b390000 - 0x00007ff82b5f7000 	C:\WINDOWS\SYSTEM32\dwrite.dll
0x00007ff830ab0000 - 0x00007ff830b60000 	C:\WINDOWS\System32\clbcatq.dll
0x00007ff82b1e0000 - 0x00007ff82b390000 	C:\WINDOWS\SYSTEM32\WindowsCodecs.dll
0x00007ff8266c0000 - 0x00007ff82671e000 	C:\WINDOWS\system32\dataexchange.dll
0x00007ff820bf0000 - 0x00007ff820e5e000 	C:\WINDOWS\system32\twinapi.appcore.dll
0x00007fffff670000 - 0x00007fffff6a2000 	C:\Program Files\Common Files\Microsoft Shared\Ink\rtscom.dll
0x00007ff81b740000 - 0x00007ff81b86d000 	C:\WINDOWS\SYSTEM32\textinputframework.dll
0x00007ff82c490000 - 0x00007ff82c5c3000 	C:\WINDOWS\SYSTEM32\CoreMessaging.dll
0x00007ff821bf0000 - 0x00007ff821f5c000 	C:\WINDOWS\SYSTEM32\CoreUIComponents.dll
0x00007ff82f1e0000 - 0x00007ff82f1ec000 	C:\WINDOWS\SYSTEM32\CRYPTBASE.DLL
0x00007ff8198d0000 - 0x00007ff819939000 	C:\WINDOWS\system32\Oleacc.dll

dbghelp: loaded successfully - version: 4.0.5 - missing functions: none
symbol engine: initialized successfully - sym options: 0x614 - pdb path: .;C:\Users\janko\.p2\pool\plugins\org.eclipse.justj.openjdk.hotspot.jre.full.win32.x86_64_17.0.6.v20230125-1136\jre\bin;C:\WINDOWS\SYSTEM32;C:\WINDOWS\WinSxS\amd64_microsoft.windows.common-controls_6595b64144ccf1df_6.0.22621.1635_none_270f70857386168e;C:\Users\janko\.p2\pool\plugins\org.eclipse.justj.openjdk.hotspot.jre.full.win32.x86_64_17.0.6.v20230125-1136\jre\bin\server;C:\Users\janko\Desktop\openjfx-20.0.1_windows-x64_bin-sdk\javafx-sdk-20.0.1\bin;C:\WINDOWS\System32\DriverStore\FileRepository\igdlh64.inf_amd64_c8634ed19e331cda;C:\Users\janko\git\poop_projekat_java\poop_projekat_java\src;C:\Program Files\Common Files\Microsoft Shared\Ink

VM Arguments:
jvm_args: --module-path=C:\Users\janko\Desktop\openjfx-20.0.1_windows-x64_bin-sdk\javafx-sdk-20.0.1\lib --add-modules=javafx.controls,javafx.fxml -Djava.library.path=C:\Users\janko\git\poop_projekat_java\poop_projekat_java\src -Dfile.encoding=UTF-8 -XX:+ShowCodeDetailsInExceptionMessages 
java_command: application.Main
java_class_path (initial): C:\Users\janko\git\poop_projekat_java\poop_projekat_java\bin;C:\Program Files\Java\jre1.8.0_321\lib\jfxswt.jar;C:\Program Files\Java\jre1.8.0_321\lib\ext\jfxrt.jar;C:\Users\janko\Desktop\openjfx-20.0.1_windows-x64_bin-sdk\javafx-sdk-20.0.1\lib\javafx.base.jar;C:\Users\janko\Desktop\openjfx-20.0.1_windows-x64_bin-sdk\javafx-sdk-20.0.1\lib\javafx.controls.jar;C:\Users\janko\Desktop\openjfx-20.0.1_windows-x64_bin-sdk\javafx-sdk-20.0.1\lib\javafx.fxml.jar;C:\Users\janko\Desktop\openjfx-20.0.1_windows-x64_bin-sdk\javafx-sdk-20.0.1\lib\javafx.graphics.jar;C:\Users\janko\Desktop\openjfx-20.0.1_windows-x64_bin-sdk\javafx-sdk-20.0.1\lib\javafx.media.jar;C:\Users\janko\Desktop\openjfx-20.0.1_windows-x64_bin-sdk\javafx-sdk-20.0.1\lib\javafx.swing.jar;C:\Users\janko\Desktop\openjfx-20.0.1_windows-x64_bin-sdk\javafx-sdk-20.0.1\lib\javafx.web.jar;C:\Users\janko\Desktop\openjfx-20.0.1_windows-x64_bin-sdk\javafx-sdk-20.0.1\lib\javafx-swt.jar
Launcher Type: SUN_STANDARD

[Global flags]
     intx CICompilerCount                          = 4                                         {product} {ergonomic}
     uint ConcGCThreads                            = 2                                         {product} {ergonomic}
     uint G1ConcRefinementThreads                  = 8                                         {product} {ergonomic}
   size_t G1HeapRegionSize                         = 2097152                                   {product} {ergonomic}
    uintx GCDrainStackTargetSize                   = 64                                        {product} {ergonomic}
   size_t InitialHeapSize                          = 266338304                                 {product} {ergonomic}
   size_t MarkStackSize                            = 4194304                                   {product} {ergonomic}
   size_t MaxHeapSize                              = 4255121408                                {product} {ergonomic}
   size_t MaxNewSize                               = 2552233984                                {product} {ergonomic}
   size_t MinHeapDeltaBytes                        = 2097152                                   {product} {ergonomic}
   size_t MinHeapSize                              = 8388608                                   {product} {ergonomic}
    uintx NonNMethodCodeHeapSize                   = 5839372                                {pd product} {ergonomic}
    uintx NonProfiledCodeHeapSize                  = 122909434                              {pd product} {ergonomic}
    uintx ProfiledCodeHeapSize                     = 122909434                              {pd product} {ergonomic}
    uintx ReservedCodeCacheSize                    = 251658240                              {pd product} {ergonomic}
     bool SegmentedCodeCache                       = true                                      {product} {ergonomic}
     bool ShowCodeDetailsInExceptionMessages       = true                                   {manageable} {command line}
   size_t SoftMaxHeapSize                          = 4255121408                             {manageable} {ergonomic}
     bool UseCompressedClassPointers               = true                           {product lp64_product} {ergonomic}
     bool UseCompressedOops                        = true                           {product lp64_product} {ergonomic}
     bool UseG1GC                                  = true                                      {product} {ergonomic}
     bool UseLargePagesIndividualAllocation        = false                                  {pd product} {ergonomic}

Logging:
Log output configuration:
 #0: stdout all=warning uptime,level,tags
 #1: stderr all=off uptime,level,tags

Environment Variables:
PATH=C:/Users/janko/.p2/pool/plugins/org.eclipse.justj.openjdk.hotspot.jre.full.win32.x86_64_17.0.6.v20230125-1136/jre/bin/server;C:/Users/janko/.p2/pool/plugins/org.eclipse.justj.openjdk.hotspot.jre.full.win32.x86_64_17.0.6.v20230125-1136/jre/bin;C:\Program Files (x86)\VMware\VMware Player\bin\;C:\Program Files (x86)\Embarcadero\Studio\20.0\bin;C:\Users\Public\Documents\Embarcadero\Studio\20.0\Bpl;C:\Program Files (x86)\Embarcadero\Studio\20.0\bin64;C:\Users\Public\Documents\Embarcadero\Studio\20.0\Bpl\Win64;C:\Program Files (x86)\Common Files\Oracle\Java\javapath;C:\Program Files (x86)\Intel\Intel(R) Management Engine Components\iCLS\;C:\Program Files\Intel\Intel(R) Management Engine Components\iCLS\;C:\Windows\system32;C:\Windows;C:\Windows\System32\Wbem;C:\Windows\System32\WindowsPowerShell\v1.0\;C:\Program Files (x86)\Intel\Intel(R) Management Engine Components\DAL;C:\Program Files\Intel\Intel(R) Management Engine Components\DAL;C:\Program Files (x86)\Intel\Intel(R) Management Engine Components\IPT;C:\Program Files\Intel\Intel(R) Management Engine Components\IPT;C:\Program Files (x86)\NVIDIA Corporation\PhysX\Common;C:\WINDOWS\system32;C:\WINDOWS;C:\WINDOWS\System32\Wbem;C:\WINDOWS\System32\WindowsPowerShell\v1.0\;C:\WINDOWS\System32\OpenSSH\;C:\Program Files\TortoiseSVN\bin;C:\Program Files\nodejs\;C:\Program Files\Intel\WiFi\bin\;C:\Program Files\Common Files\Intel\WirelessCommon\;C:\Program Files (x86)\Microsoft SQL Server\150\DTS\Binn\;C:\Program Files\Microsoft SQL Server\Client SDK\ODBC\170\Tools\Binn\;C:\Program Files (x86)\Microsoft SQL Server\150\Tools\Binn\;C:\Program Files\Microsoft SQL Server\150\Tools\Binn\;C:\Program Files\Microsoft SQL Server\150\DTS\Binn\;C:\Program Files\Microsoft SQL Server\130\Tools\Binn\;C:\Program Files\dotnet\;C:\Program Files\TortoiseGit\bin;C:\Program Files\Git\cmd;C:\msys64\mingw64\bin;C:\WINDOWS\system32;C:\WINDOWS;C:\WINDOWS\System32\Wbem;C:\WINDOWS\System32\WindowsPowerShell\v1.0\;C:\WINDOWS\System32\OpenSSH\;C:\Users\j
USERNAME=janko
OS=Windows_NT
PROCESSOR_IDENTIFIER=Intel64 Family 6 Model 142 Stepping 10, GenuineIntel
TMP=C:\Users\janko\AppData\Local\Temp
TEMP=C:\Users\janko\AppData\Local\Temp



---------------  S Y S T E M  ---------------

OS:
 Windows 11 , 64 bit Build 22621 (10.0.22621.1928)
OS uptime: 4 days 11:21 hours

CPU: total 8 (initial active 8) (4 cores per cpu, 2 threads per core) family 6 model 142 stepping 10 microcode 0xe0, cx8, cmov, fxsr, ht, mmx, 3dnowpref, sse, sse2, sse3, ssse3, sse4.1, sse4.2, popcnt, lzcnt, tsc, tscinvbit, avx, avx2, aes, erms, clmul, bmi1, bmi2, adx, fma, vzeroupper, clflush, clflushopt

Memory: 4k page, system-wide physical 16226M (7959M free)
TotalPageFile size 17250M (AvailPageFile size 6887M)
current process WorkingSet (physical memory assigned to process): 254M, peak: 265M
current process commit charge ("private bytes"): 312M, peak: 475M

vm_info: OpenJDK 64-Bit Server VM (17.0.6+10) for windows-amd64 JRE (17.0.6+10), built on Jan 18 2023 10:08:59 by "temurin" with MS VC++ 16.7 (VS2019)

END.
