#
# A fatal error has been detected by the Java Runtime Environment:
#
#  EXCEPTION_UNCAUGHT_CXX_EXCEPTION (0xe06d7363) at pc=0x00007ff82ffc4b2c, pid=20932, tid=18096
#
# JRE version: OpenJDK Runtime Environment Temurin-17.0.6+10 (17.0.6+10) (build 17.0.6+10)
# Java VM: OpenJDK 64-Bit Server VM Temurin-17.0.6+10 (17.0.6+10, mixed mode, tiered, compressed oops, compressed class ptrs, g1 gc, windows-amd64)
# Problematic frame:
# C  [KERNELBASE.dll+0x64b2c]
#
# No core dump will be written. Minidumps are not enabled by default on client versions of Windows
#
# If you would like to submit a bug report, please visit:
#   https://github.com/adoptium/adoptium-support/issues
# The crash happened outside the Java Virtual Machine in native code.
# See problematic frame for where to report the bug.
#

---------------  S U M M A R Y ------------

Command Line: --module-path=C:\Users\janko\Desktop\openjfx-20.0.1_windows-x64_bin-sdk\javafx-sdk-20.0.1\lib --add-modules=javafx.controls,javafx.fxml -Djava.library.path=C:\Users\janko\git\poop_projekat_java\POOP_domaci2_jni\x64\Debug -Dfile.encoding=UTF-8 -XX:+ShowCodeDetailsInExceptionMessages application.Main

Host: Intel(R) Core(TM) i7-8550U CPU @ 1.80GHz, 8 cores, 15G,  Windows 11 , 64 bit Build 22621 (10.0.22621.1928)
Time: Mon Jul 24 20:46:31 2023 Central Europe Daylight Time elapsed time: 5.719250 seconds (0d 0h 0m 5s)

---------------  T H R E A D  ---------------

Current thread (0x000002626bc31bc0):  JavaThread "JavaFX Application Thread" [_thread_in_native, id=18096, stack(0x000000b5a7700000,0x000000b5a7800000)]

Stack: [0x000000b5a7700000,0x000000b5a7800000],  sp=0x000000b5a77fb340,  free space=1004k
Native frames: (J=compiled Java code, j=interpreted, Vv=VM code, C=native code)
C  [KERNELBASE.dll+0x64b2c]
C  [VCRUNTIME140D.dll+0xb460]

Java frames: (J=compiled Java code, j=interpreted, Vv=VM code)
j  application.Table.resolveTableFormulas(Ljava/lang/String;)Ljava/lang/String;+0
j  application.Table.setCell(IILapplication/Cell;)V+85
j  application.GUI.lambda$12(IILjavafx/scene/control/TextField;IILjavafx/scene/layout/GridPane;Ljavafx/beans/value/ObservableValue;Ljava/lang/Boolean;Ljava/lang/Boolean;)V+62
j  application.GUI$$Lambda$613+0x0000000800334000.changed(Ljavafx/beans/value/ObservableValue;Ljava/lang/Object;Ljava/lang/Object;)V+33
j  com.sun.javafx.binding.ExpressionHelper$Generic.fireValueChangedEvent()V+167 javafx.base@20.0.1
J 1171 c1 com.sun.javafx.binding.ExpressionHelper.fireValueChangedEvent(Lcom/sun/javafx/binding/ExpressionHelper;)V javafx.base@20.0.1 (9 bytes) @ 0x000002624f3967dc [0x000002624f3966c0+0x000000000000011c]
j  javafx.beans.property.ReadOnlyBooleanPropertyBase.fireValueChangedEvent()V+4 javafx.base@20.0.1
j  javafx.scene.Node$FocusPropertyBase.notifyListeners()Z+72 javafx.graphics@20.0.1
j  javafx.scene.Node$17.notifyListeners()Z+1 javafx.graphics@20.0.1
j  javafx.scene.Node.notifyFocusListeners()V+4 javafx.graphics@20.0.1
j  javafx.scene.Scene$FocusOwnerProperty.invalidated()V+92 javafx.graphics@20.0.1
J 2061 c2 javafx.beans.property.ObjectPropertyBase.set(Ljava/lang/Object;)V javafx.base@20.0.1 (76 bytes) @ 0x0000026256d5b7e0 [0x0000026256d5b720+0x00000000000000c0]
j  javafx.scene.Scene.setFocusOwner(Ljavafx/scene/Node;Z)V+67 javafx.graphics@20.0.1
j  javafx.scene.Scene.requestFocus(Ljavafx/scene/Node;Z)V+23 javafx.graphics@20.0.1
j  javafx.scene.Node.requestFocus()V+13 javafx.graphics@20.0.1
j  application.GUI.lambda$11(Ljavafx/scene/input/KeyEvent;)V+22
j  application.GUI$$Lambda$612+0x000000080032fd08.handle(Ljavafx/event/Event;)V+4
j  com.sun.javafx.event.CompositeEventHandler.dispatchBubblingEvent(Ljavafx/event/Event;)V+51 javafx.base@20.0.1
J 3081 c1 com.sun.javafx.event.EventHandlerManager.dispatchBubblingEvent(Ljavafx/event/EventType;Ljavafx/event/Event;)Ljavafx/event/Event; javafx.base@20.0.1 (41 bytes) @ 0x000002624f789cac [0x000002624f789680+0x000000000000062c]
j  com.sun.javafx.event.EventHandlerManager.dispatchBubblingEvent(Ljavafx/event/Event;)Ljavafx/event/Event;+8 javafx.base@20.0.1
j  com.sun.javafx.event.CompositeEventDispatcher.dispatchBubblingEvent(Ljavafx/event/Event;)Ljavafx/event/Event;+11 javafx.base@20.0.1
j  com.sun.javafx.event.BasicEventDispatcher.dispatchEvent(Ljavafx/event/Event;Ljavafx/event/EventDispatchChain;)Ljavafx/event/Event;+29 javafx.base@20.0.1
j  com.sun.javafx.event.EventDispatchChainImpl.dispatchEvent(Ljavafx/event/Event;)Ljavafx/event/Event;+69 javafx.base@20.0.1
j  com.sun.javafx.event.BasicEventDispatcher.dispatchEvent(Ljavafx/event/Event;Ljavafx/event/EventDispatchChain;)Ljavafx/event/Event;+17 javafx.base@20.0.1
j  com.sun.javafx.event.EventDispatchChainImpl.dispatchEvent(Ljavafx/event/Event;)Ljavafx/event/Event;+69 javafx.base@20.0.1
j  com.sun.javafx.event.BasicEventDispatcher.dispatchEvent(Ljavafx/event/Event;Ljavafx/event/EventDispatchChain;)Ljavafx/event/Event;+17 javafx.base@20.0.1
j  com.sun.javafx.event.EventDispatchChainImpl.dispatchEvent(Ljavafx/event/Event;)Ljavafx/event/Event;+69 javafx.base@20.0.1
j  com.sun.javafx.event.BasicEventDispatcher.dispatchEvent(Ljavafx/event/Event;Ljavafx/event/EventDispatchChain;)Ljavafx/event/Event;+17 javafx.base@20.0.1
j  com.sun.javafx.event.EventDispatchChainImpl.dispatchEvent(Ljavafx/event/Event;)Ljavafx/event/Event;+69 javafx.base@20.0.1
j  com.sun.javafx.event.BasicEventDispatcher.dispatchEvent(Ljavafx/event/Event;Ljavafx/event/EventDispatchChain;)Ljavafx/event/Event;+17 javafx.base@20.0.1
j  com.sun.javafx.event.EventDispatchChainImpl.dispatchEvent(Ljavafx/event/Event;)Ljavafx/event/Event;+69 javafx.base@20.0.1
j  com.sun.javafx.event.EventUtil.fireEventImpl(Ljavafx/event/EventDispatchChain;Ljavafx/event/EventTarget;Ljavafx/event/Event;)Ljavafx/event/Event;+10 javafx.base@20.0.1
j  com.sun.javafx.event.EventUtil.fireEvent(Ljavafx/event/EventTarget;Ljavafx/event/Event;)Ljavafx/event/Event;+46 javafx.base@20.0.1
j  javafx.event.Event.fireEvent(Ljavafx/event/EventTarget;Ljavafx/event/Event;)V+30 javafx.base@20.0.1
j  javafx.scene.Scene.processKeyEvent(Ljavafx/scene/input/KeyEvent;)V+48 javafx.graphics@20.0.1
j  javafx.scene.Scene$ScenePeerListener.keyEvent(Ljavafx/scene/input/KeyEvent;)V+5 javafx.graphics@20.0.1
j  com.sun.javafx.tk.quantum.GlassViewEventHandler$KeyEventNotification.run()Ljava/lang/Void;+357 javafx.graphics@20.0.1
j  com.sun.javafx.tk.quantum.GlassViewEventHandler$KeyEventNotification.run()Ljava/lang/Object;+1 javafx.graphics@20.0.1
J 3305 c1 java.security.AccessController.doPrivileged(Ljava/security/PrivilegedAction;Ljava/security/AccessControlContext;)Ljava/lang/Object; java.base@17.0.6 (17 bytes) @ 0x000002624f80f15c [0x000002624f80ef80+0x00000000000001dc]
j  com.sun.javafx.tk.quantum.GlassViewEventHandler.lambda$handleKeyEvent$1()Ljava/lang/Void;+11 javafx.graphics@20.0.1
j  com.sun.javafx.tk.quantum.GlassViewEventHandler$$Lambda$611+0x000000080032f8e8.get()Ljava/lang/Object;+4 javafx.graphics@20.0.1
j  com.sun.javafx.tk.quantum.QuantumToolkit.runWithoutRenderLock(Ljava/util/function/Supplier;)Ljava/lang/Object;+18 javafx.graphics@20.0.1
j  com.sun.javafx.tk.quantum.GlassViewEventHandler.handleKeyEvent(Lcom/sun/glass/ui/View;JII[CI)V+58 javafx.graphics@20.0.1
j  com.sun.glass.ui.View.handleKeyEvent(JII[CI)V+20 javafx.graphics@20.0.1
j  com.sun.glass.ui.View.notifyKey(II[CI)V+9 javafx.graphics@20.0.1
v  ~StubRoutines::call_stub
j  com.sun.glass.ui.win.WinApplication._runLoop(Ljava/lang/Runnable;)V+0 javafx.graphics@20.0.1
j  com.sun.glass.ui.win.WinApplication.lambda$runLoop$3(ILjava/lang/Runnable;)V+8 javafx.graphics@20.0.1
j  com.sun.glass.ui.win.WinApplication$$Lambda$85+0x00000008000ec1f8.run()V+12 javafx.graphics@20.0.1
j  java.lang.Thread.run()V+11 java.base@17.0.6
v  ~StubRoutines::call_stub

siginfo: EXCEPTION_UNCAUGHT_CXX_EXCEPTION (0xe06d7363), ExceptionInformation=0x0000000019930520 0x000000b5a77fb4d0 0x00007fffdb8b2aa8 0x00007fffdb800000 


Register to memory mapping:

RIP=0x00007ff82ffc4b2c KERNELBASE.dll
RAX=0x000002626cb0b178 points into unknown readable memory: 0xdddddddddddddddd | dd dd dd dd dd dd dd dd
RBX={method} {0x000002626d09e880} 'resolveTableFormulas' '(Ljava/lang/String;)Ljava/lang/String;' in 'application/Table'
RCX=0x00000262497402c0 points into unknown readable memory: 0x0108000900070008 | 08 00 07 00 09 00 08 01
RDX=0x00007fffdbd3cff8 POOP_domaci2_jni.dll
RSP=0x000000b5a77fb340 is pointing into the stack for thread: 0x000002626bc31bc0
RBP=0x000000b5a77fb530 is pointing into the stack for thread: 0x000002626bc31bc0
RSI=0x000000b5a77fbd88 is pointing into the stack for thread: 0x000002626bc31bc0
RDI=0x000000b5a77fb5b8 is pointing into the stack for thread: 0x000002626bc31bc0
R8 =0x00007fffdbd3b658 POOP_domaci2_jni.dll
R9 =0x000002626cb0b170 points into unknown readable memory: 0xdddddddddddddddd | dd dd dd dd dd dd dd dd
R10=0x00007fffdbd18ceb POOP_domaci2_jni.dll
R11=0x00007fffdbd72017 POOP_domaci2_jni.dll
R12=0x0 is NULL
R13={method} {0x000002626d09e880} 'resolveTableFormulas' '(Ljava/lang/String;)Ljava/lang/String;' in 'application/Table'
R14=0x000000b5a77fd120 is pointing into the stack for thread: 0x000002626bc31bc0
R15=0x000002626bc31bc0 is a thread


Registers:
RAX=0x000002626cb0b178, RBX=0x000002626d09e878, RCX=0x00000262497402c0, RDX=0x00007fffdbd3cff8
RSP=0x000000b5a77fb340, RBP=0x000000b5a77fb530, RSI=0x000000b5a77fbd88, RDI=0x000000b5a77fb5b8
R8 =0x00007fffdbd3b658, R9 =0x000002626cb0b170, R10=0x00007fffdbd18ceb, R11=0x00007fffdbd72017
R12=0x0000000000000000, R13=0x000002626d09e878, R14=0x000000b5a77fd120, R15=0x000002626bc31bc0
RIP=0x00007ff82ffc4b2c, EFLAGS=0x0000000000000202

Top of Stack: (sp=0x000000b5a77fb340)
0x000000b5a77fb340:   000000b5a77fb360 000002626d09e878
0x000000b5a77fb350:   000000b5a77fbd88 0000026200000001
0x000000b5a77fb360:   00000081e06d7363 0000000000000000
0x000000b5a77fb370:   00007ff82ffc4b2c 00007ff800000004
0x000000b5a77fb380:   0000000019930520 000000b5a77fb4d0
0x000000b5a77fb390:   00007fffdb8b2aa8 00007fffdb800000
0x000000b5a77fb3a0:   00007f0000000000 00007ff80364ab77
0x000000b5a77fb3b0:   0000000000000000 00007fffdb8b2aa8
0x000000b5a77fb3c0:   000000b5a77fd120 00007ff8326265cf
0x000000b5a77fb3d0:   000000b5a77fb450 00007fffdb8d6000
0x000000b5a77fb3e0:   000000b5a77fbd88 000000b5a77fb5b8
0x000000b5a77fb3f0:   00007fffdb8d6000 00007fffdb800000
0x000000b5a77fb400:   0000ed1bfb97da4b 00007fffdb8083f8
0x000000b5a77fb410:   000002626d09e878 00007ff80364b460
0x000000b5a77fb420:   000000b5a77fb5b8 00007fffd5799856
0x000000b5a77fb430:   00007fffdbd50f28 000000b5a77fb401 

Instructions: (pc=0x00007ff82ffc4b2c)
0x00007ff82ffc4a2c:   ff 4c 8d 05 1c 47 2c 00 33 d2 b9 00 00 10 00 e8
0x00007ff82ffc4a3c:   90 98 fd ff 4c 8b f0 48 89 44 24 58 48 85 c0 0f
0x00007ff82ffc4a4c:   84 0b fe ff ff 4c 8d 05 10 47 2c 00 33 d2 8d 4a
0x00007ff82ffc4a5c:   02 e8 6e 98 fd ff 48 8b f8 48 89 44 24 50 e9 ed
0x00007ff82ffc4a6c:   fd ff ff 45 33 c0 49 8b d7 48 83 c9 ff e8 a2 64
0x00007ff82ffc4a7c:   01 00 e9 08 ff ff ff 48 8b 0d 46 21 2f 00 e8 b1
0x00007ff82ffc4a8c:   16 fd ff 48 8b cf e8 69 f0 fb ff e9 f8 fe ff ff
0x00007ff82ffc4a9c:   49 8b ce e8 5c f0 fb ff e9 f4 fe ff ff 48 8b ce
0x00007ff82ffc4aac:   e8 4f f0 fb ff e9 f0 fe ff ff cc cc 71 18 d3 7a
0x00007ff82ffc4abc:   1a 87 89 f9 48 81 ec d8 00 00 00 48 8b 05 b2 f4
0x00007ff82ffc4acc:   2e 00 48 33 c4 48 89 84 24 c0 00 00 00 48 83 64
0x00007ff82ffc4adc:   24 28 00 48 8d 05 da ff ff ff 83 e2 01 89 4c 24
0x00007ff82ffc4aec:   20 89 54 24 24 48 89 44 24 30 4d 85 c9 74 4f b8
0x00007ff82ffc4afc:   0f 00 00 00 48 8d 4c 24 40 44 3b c0 49 8b d1 41
0x00007ff82ffc4b0c:   0f 46 c0 44 8b c0 44 89 44 24 38 49 c1 e0 03 e8
0x00007ff82ffc4b1c:   b7 de 05 00 48 8d 4c 24 20 48 ff 15 84 a4 1f 00
0x00007ff82ffc4b2c:   0f 1f 44 00 00 48 8b 8c 24 c0 00 00 00 48 33 cc
0x00007ff82ffc4b3c:   e8 1f 26 05 00 48 81 c4 d8 00 00 00 c3 cc 83 64
0x00007ff82ffc4b4c:   24 38 00 eb cf cc cc cc cc cc cc cc 48 8b c4 48
0x00007ff82ffc4b5c:   89 58 08 48 89 70 10 48 89 78 18 4c 89 68 20 55
0x00007ff82ffc4b6c:   41 56 41 57 48 8d 68 a1 48 81 ec e0 00 00 00 48
0x00007ff82ffc4b7c:   8b 05 fe f3 2e 00 48 33 c4 48 89 45 3f 45 33 ff
0x00007ff82ffc4b8c:   66 c7 45 2b 00 05 48 8d 45 c7 44 89 7d 27 48 89
0x00007ff82ffc4b9c:   44 24 50 48 8d 4d 27 44 89 7c 24 48 45 33 c9 44
0x00007ff82ffc4bac:   89 7c 24 40 45 8d 47 12 44 89 7c 24 38 b2 01 44
0x00007ff82ffc4bbc:   89 7c 24 30 41 8b df 44 89 7c 24 28 41 8b ff 44
0x00007ff82ffc4bcc:   89 7c 24 20 45 8b f7 44 89 7d 2f 66 c7 45 33 00
0x00007ff82ffc4bdc:   01 44 89 7d 37 66 c7 45 3b 00 10 4c 89 7d c7 4c
0x00007ff82ffc4bec:   89 7d cf 4c 89 7d d7 4c 89 7d df 48 ff 15 d2 a4
0x00007ff82ffc4bfc:   1f 00 0f 1f 44 00 00 85 c0 0f 88 a7 02 00 00 48
0x00007ff82ffc4c0c:   8d 45 cf 41 b9 20 02 00 00 48 89 44 24 50 45 8d
0x00007ff82ffc4c1c:   6f 02 44 89 7c 24 48 45 8d 47 20 44 89 7c 24 40 


Stack slot to memory mapping:
stack at sp + 0 slots: 0x000000b5a77fb360 is pointing into the stack for thread: 0x000002626bc31bc0
stack at sp + 1 slots: {method} {0x000002626d09e880} 'resolveTableFormulas' '(Ljava/lang/String;)Ljava/lang/String;' in 'application/Table'
stack at sp + 2 slots: 0x000000b5a77fbd88 is pointing into the stack for thread: 0x000002626bc31bc0
stack at sp + 3 slots: 0x0000026200000001 is an unknown value
stack at sp + 4 slots: 0x00000081e06d7363 is an unknown value
stack at sp + 5 slots: 0x0 is NULL
stack at sp + 6 slots: 0x00007ff82ffc4b2c KERNELBASE.dll
stack at sp + 7 slots: 0x00007ff800000004 is an unknown value


---------------  P R O C E S S  ---------------

Threads class SMR info:
_java_thread_list=0x000002626b9fd2a0, length=19, elements={
0x000002624bb0bdd0, 0x000002626a63a880, 0x000002626a63ce50, 0x000002626b08e280,
0x000002626b08e750, 0x000002626b08ec20, 0x000002626b0931f0, 0x000002626b09f580,
0x000002626b09fb80, 0x000002626b0a0180, 0x000002626b2457e0, 0x000002626b922340,
0x000002626bc32f00, 0x000002626bc30880, 0x000002626bc31bc0, 0x000002626bc30d50,
0x000002626bc32090, 0x000002626bc32560, 0x000002626bc33d70
}

Java Threads: ( => current thread )
  0x000002624bb0bdd0 JavaThread "main" [_thread_blocked, id=18992, stack(0x000000b5a6000000,0x000000b5a6100000)]
  0x000002626a63a880 JavaThread "Reference Handler" daemon [_thread_blocked, id=19432, stack(0x000000b5a6700000,0x000000b5a6800000)]
  0x000002626a63ce50 JavaThread "Finalizer" daemon [_thread_blocked, id=5140, stack(0x000000b5a6800000,0x000000b5a6900000)]
  0x000002626b08e280 JavaThread "Signal Dispatcher" daemon [_thread_blocked, id=456, stack(0x000000b5a6900000,0x000000b5a6a00000)]
  0x000002626b08e750 JavaThread "Attach Listener" daemon [_thread_blocked, id=9344, stack(0x000000b5a6a00000,0x000000b5a6b00000)]
  0x000002626b08ec20 JavaThread "Service Thread" daemon [_thread_blocked, id=20768, stack(0x000000b5a6b00000,0x000000b5a6c00000)]
  0x000002626b0931f0 JavaThread "Monitor Deflation Thread" daemon [_thread_blocked, id=21444, stack(0x000000b5a6c00000,0x000000b5a6d00000)]
  0x000002626b09f580 JavaThread "C2 CompilerThread0" daemon [_thread_blocked, id=11504, stack(0x000000b5a6d00000,0x000000b5a6e00000)]
  0x000002626b09fb80 JavaThread "C1 CompilerThread0" daemon [_thread_blocked, id=11964, stack(0x000000b5a6e00000,0x000000b5a6f00000)]
  0x000002626b0a0180 JavaThread "Sweeper thread" daemon [_thread_blocked, id=17760, stack(0x000000b5a6f00000,0x000000b5a7000000)]
  0x000002626b2457e0 JavaThread "Common-Cleaner" daemon [_thread_blocked, id=15148, stack(0x000000b5a7000000,0x000000b5a7100000)]
  0x000002626b922340 JavaThread "Notification Thread" daemon [_thread_blocked, id=1540, stack(0x000000b5a7300000,0x000000b5a7400000)]
  0x000002626bc32f00 JavaThread "QuantumRenderer-0" daemon [_thread_blocked, id=13240, stack(0x000000b5a7500000,0x000000b5a7600000)]
  0x000002626bc30880 JavaThread "InvokeLaterDispatcher" daemon [_thread_blocked, id=10672, stack(0x000000b5a7600000,0x000000b5a7700000)]
=>0x000002626bc31bc0 JavaThread "JavaFX Application Thread" [_thread_in_native, id=18096, stack(0x000000b5a7700000,0x000000b5a7800000)]
  0x000002626bc30d50 JavaThread "JavaFX-Launcher" [_thread_blocked, id=15196, stack(0x000000b5a7c00000,0x000000b5a7d00000)]
  0x000002626bc32090 JavaThread "Thread-2" daemon [_thread_in_native, id=17172, stack(0x000000b5a7b00000,0x000000b5a7c00000)]
  0x000002626bc32560 JavaThread "Prism Font Disposer" daemon [_thread_blocked, id=4308, stack(0x000000b5a8500000,0x000000b5a8600000)]
  0x000002626bc33d70 JavaThread "Cleaner-0" daemon [_thread_blocked, id=10200, stack(0x000000b5a8e00000,0x000000b5a8f00000)]

Other Threads:
  0x000002626a6394e0 VMThread "VM Thread" [stack: 0x000000b5a6600000,0x000000b5a6700000] [id=20688]
  0x000002624bb9daa0 WatcherThread [stack: 0x000000b5a7400000,0x000000b5a7500000] [id=7832]
  0x000002624bb7acc0 GCTaskThread "GC Thread#0" [stack: 0x000000b5a6100000,0x000000b5a6200000] [id=8876]
  0x000002626b8318e0 GCTaskThread "GC Thread#1" [stack: 0x000000b5a7d00000,0x000000b5a7e00000] [id=5292]
  0x000002626b831b90 GCTaskThread "GC Thread#2" [stack: 0x000000b5a7e00000,0x000000b5a7f00000] [id=20696]
  0x000002626c101f00 GCTaskThread "GC Thread#3" [stack: 0x000000b5a7f00000,0x000000b5a8000000] [id=6024]
  0x000002626c102980 GCTaskThread "GC Thread#4" [stack: 0x000000b5a8000000,0x000000b5a8100000] [id=16004]
  0x000002626c169810 GCTaskThread "GC Thread#5" [stack: 0x000000b5a8100000,0x000000b5a8200000] [id=20864]
  0x0000026273726340 GCTaskThread "GC Thread#6" [stack: 0x000000b5a8600000,0x000000b5a8700000] [id=14176]
  0x000002626c4d74e0 GCTaskThread "GC Thread#7" [stack: 0x000000b5a8700000,0x000000b5a8800000] [id=7660]
  0x000002624bb8baf0 ConcurrentGCThread "G1 Main Marker" [stack: 0x000000b5a6200000,0x000000b5a6300000] [id=20676]
  0x000002624bb8db50 ConcurrentGCThread "G1 Conc#0" [stack: 0x000000b5a6300000,0x000000b5a6400000] [id=2420]
  0x000002626cab6b40 ConcurrentGCThread "G1 Conc#1" [stack: 0x000000b5a8d00000,0x000000b5a8e00000] [id=18612]
  0x000002624bbcd980 ConcurrentGCThread "G1 Refine#0" [stack: 0x000000b5a6400000,0x000000b5a6500000] [id=7676]
  0x000002626c9612a0 ConcurrentGCThread "G1 Refine#1" [stack: 0x000000b5a8800000,0x000000b5a8900000] [id=22116]
  0x0000026273de13d0 ConcurrentGCThread "G1 Refine#2" [stack: 0x000000b5a8900000,0x000000b5a8a00000] [id=13776]
  0x0000026273de16b0 ConcurrentGCThread "G1 Refine#3" [stack: 0x000000b5a8a00000,0x000000b5a8b00000] [id=21544]
  0x000002626ca1f610 ConcurrentGCThread "G1 Refine#4" [stack: 0x000000b5a8b00000,0x000000b5a8c00000] [id=9968]
  0x00000262743cb540 ConcurrentGCThread "G1 Refine#5" [stack: 0x000000b5a8c00000,0x000000b5a8d00000] [id=7608]
  0x000002624bbcdd50 ConcurrentGCThread "G1 Service" [stack: 0x000000b5a6500000,0x000000b5a6600000] [id=14592]

Threads with active compile tasks:

VM state: not at safepoint (normal execution)

VM Mutex/Monitor currently owned by a thread: None

Heap address: 0x0000000702600000, size: 4058 MB, Compressed Oops mode: Zero based, Oop shift amount: 3

CDS archive(s) not mapped
Compressed class space mapped at: 0x0000000800000000-0x0000000840000000, reserved size: 1073741824
Narrow klass base: 0x0000000800000000, Narrow klass shift: 0, Narrow klass range: 0x40000000

GC Precious Log:
 CPUs: 8 total, 8 available
 Memory: 16226M
 Large Page Support: Disabled
 NUMA Support: Disabled
 Compressed Oops: Enabled (Zero based)
 Heap Region Size: 2M
 Heap Min Capacity: 8M
 Heap Initial Capacity: 254M
 Heap Max Capacity: 4058M
 Pre-touch: Disabled
 Parallel Workers: 8
 Concurrent Workers: 2
 Concurrent Refinement Workers: 8
 Periodic GC: Disabled

Heap:
 garbage-first heap   total 55296K, used 26320K [0x0000000702600000, 0x0000000800000000)
  region size 2048K, 7 young (14336K), 2 survivors (4096K)
 Metaspace       used 22723K, committed 22976K, reserved 1073152K
  class space    used 3071K, committed 3200K, reserved 1048576K

Heap Regions: E=young(eden), S=young(survivor), O=old, HS=humongous(starts), HC=humongous(continues), CS=collection set, F=free, OA=open archive, CA=closed archive, TAMS=top-at-mark-start (previous, next)
|   0|0x0000000702600000, 0x0000000702800000, 0x0000000702800000|100%| O|  |TAMS 0x0000000702800000, 0x0000000702600000| Untracked 
|   1|0x0000000702800000, 0x0000000702a00000, 0x0000000702a00000|100%| O|  |TAMS 0x00000007029bf000, 0x0000000702800000| Untracked 
|   2|0x0000000702a00000, 0x0000000702c00000, 0x0000000702c00000|100%| O|  |TAMS 0x0000000702a00000, 0x0000000702a00000| Untracked 
|   3|0x0000000702c00000, 0x0000000702e00000, 0x0000000702e00000|100%| O|  |TAMS 0x0000000702c00000, 0x0000000702c00000| Untracked 
|   4|0x0000000702e00000, 0x0000000702f70200, 0x0000000703000000| 71%| O|  |TAMS 0x0000000702e00000, 0x0000000702e00000| Complete 
|   5|0x0000000703000000, 0x0000000703200000, 0x0000000703200000|100%|HS|  |TAMS 0x0000000703000000, 0x0000000703000000| Complete 
|   6|0x0000000703200000, 0x0000000703400000, 0x0000000703400000|100%|HS|  |TAMS 0x0000000703200000, 0x0000000703200000| Complete 
|   7|0x0000000703400000, 0x0000000703600000, 0x0000000703600000|100%|HS|  |TAMS 0x0000000703400000, 0x0000000703400000| Complete 
|   8|0x0000000703600000, 0x0000000703800000, 0x0000000703800000|100%|HS|  |TAMS 0x0000000703600000, 0x0000000703600000| Complete 
|   9|0x0000000703800000, 0x0000000703800000, 0x0000000703a00000|  0%| F|  |TAMS 0x0000000703800000, 0x0000000703800000| Untracked 
|  10|0x0000000703a00000, 0x0000000703a00000, 0x0000000703c00000|  0%| F|  |TAMS 0x0000000703a00000, 0x0000000703a00000| Untracked 
|  11|0x0000000703c00000, 0x0000000703c00000, 0x0000000703e00000|  0%| F|  |TAMS 0x0000000703c00000, 0x0000000703c00000| Untracked 
|  12|0x0000000703e00000, 0x0000000703e00000, 0x0000000704000000|  0%| F|  |TAMS 0x0000000703e00000, 0x0000000703e00000| Untracked 
|  13|0x0000000704000000, 0x0000000704000000, 0x0000000704200000|  0%| F|  |TAMS 0x0000000704000000, 0x0000000704000000| Untracked 
|  14|0x0000000704200000, 0x0000000704200000, 0x0000000704400000|  0%| F|  |TAMS 0x0000000704200000, 0x0000000704200000| Untracked 
|  15|0x0000000704400000, 0x0000000704400000, 0x0000000704600000|  0%| F|  |TAMS 0x0000000704400000, 0x0000000704400000| Untracked 
|  16|0x0000000704600000, 0x0000000704600000, 0x0000000704800000|  0%| F|  |TAMS 0x0000000704600000, 0x0000000704600000| Untracked 
|  17|0x0000000704800000, 0x0000000704800000, 0x0000000704a00000|  0%| F|  |TAMS 0x0000000704800000, 0x0000000704800000| Untracked 
|  18|0x0000000704a00000, 0x0000000704a00000, 0x0000000704c00000|  0%| F|  |TAMS 0x0000000704a00000, 0x0000000704a00000| Untracked 
|  19|0x0000000704c00000, 0x0000000704c00000, 0x0000000704e00000|  0%| F|  |TAMS 0x0000000704c00000, 0x0000000704c00000| Untracked 
|  20|0x0000000704e00000, 0x0000000704f7a660, 0x0000000705000000| 73%| E|  |TAMS 0x0000000704e00000, 0x0000000704e00000| Complete 
|  21|0x0000000705000000, 0x0000000705200000, 0x0000000705200000|100%| E|CS|TAMS 0x0000000705000000, 0x0000000705000000| Complete 
|  22|0x0000000705200000, 0x0000000705400000, 0x0000000705400000|100%| E|CS|TAMS 0x0000000705200000, 0x0000000705200000| Complete 
|  23|0x0000000705400000, 0x0000000705600000, 0x0000000705600000|100%| E|  |TAMS 0x0000000705400000, 0x0000000705400000| Complete 
| 119|0x0000000711400000, 0x0000000711443f38, 0x0000000711600000| 13%| S|CS|TAMS 0x0000000711400000, 0x0000000711400000| Complete 
| 120|0x0000000711600000, 0x0000000711800000, 0x0000000711800000|100%| S|CS|TAMS 0x0000000711600000, 0x0000000711600000| Complete 
| 126|0x0000000712200000, 0x0000000712400000, 0x0000000712400000|100%| E|CS|TAMS 0x0000000712200000, 0x0000000712200000| Complete 

Card table byte_map: [0x000002625ece0000,0x000002625f4d0000] _byte_map_base: 0x000002625b4cd000

Marking Bits (Prev, Next): (CMBitMap*) 0x000002624bb7b310, (CMBitMap*) 0x000002624bb7b2d0
 Prev Bits: [0x0000026263c30000, 0x0000026267b98000)
 Next Bits: [0x000002625fcc0000, 0x0000026263c28000)

Polling page: 0x0000026249a30000

Metaspace:

Usage:
  Non-class:     19.19 MB used.
      Class:      3.00 MB used.
       Both:     22.19 MB used.

Virtual space:
  Non-class space:       24.00 MB reserved,      19.31 MB ( 80%) committed,  3 nodes.
      Class space:        1.00 GB reserved,       3.12 MB ( <1%) committed,  1 nodes.
             Both:        1.02 GB reserved,      22.44 MB (  2%) committed. 

Chunk freelists:
   Non-Class:  656.00 KB
       Class:  811.00 KB
        Both:  1.43 MB

MaxMetaspaceSize: unlimited
CompressedClassSpaceSize: 1.00 GB
Initial GC threshold: 21.00 MB
Current GC threshold: 35.25 MB
CDS: off
MetaspaceReclaimPolicy: balanced
 - commit_granule_bytes: 65536.
 - commit_granule_words: 8192.
 - virtual_space_node_default_size: 1048576.
 - enlarge_chunks_in_place: 1.
 - new_chunks_are_fully_committed: 0.
 - uncommit_free_chunks: 1.
 - use_allocation_guard: 0.
 - handle_deallocations: 1.


Internal statistics:

num_allocs_failed_limit: 3.
num_arena_births: 172.
num_arena_deaths: 0.
num_vsnodes_births: 4.
num_vsnodes_deaths: 0.
num_space_committed: 359.
num_space_uncommitted: 0.
num_chunks_returned_to_freelist: 3.
num_chunks_taken_from_freelist: 721.
num_chunk_merges: 3.
num_chunk_splits: 524.
num_chunks_enlarged: 435.
num_purges: 0.
num_inconsistent_stats: 0.

CodeHeap 'non-profiled nmethods': size=120000Kb used=1617Kb max_used=1617Kb free=118382Kb
 bounds [0x0000026256c90000, 0x0000026256f00000, 0x000002625e1c0000]
CodeHeap 'profiled nmethods': size=120000Kb used=6767Kb max_used=6767Kb free=113232Kb
 bounds [0x000002624f1c0000, 0x000002624f860000, 0x00000262566f0000]
CodeHeap 'non-nmethods': size=5760Kb used=1426Kb max_used=1496Kb free=4333Kb
 bounds [0x00000262566f0000, 0x0000026256960000, 0x0000026256c90000]
 total_blobs=4187 nmethods=3403 adapters=696
 compilation: enabled
              stopped_count=0, restarted_count=0
 full_count=0

Compilation events (20 events):
Event: 5.392 Thread 0x000002626b09fb80 3414       3       com.sun.scenario.animation.AbstractPrimaryTimer::nanos (37 bytes)
Event: 5.393 Thread 0x000002626b09fb80 nmethod 3414 0x000002624f858110 code [0x000002624f8582c0, 0x000002624f8584d8]
Event: 5.425 Thread 0x000002626b09fb80 3415       3       java.util.WeakHashMap::putAll (133 bytes)
Event: 5.426 Thread 0x000002626b09fb80 nmethod 3415 0x000002624f858590 code [0x000002624f858820, 0x000002624f859308]
Event: 5.426 Thread 0x000002626b09fb80 3416       3       com.sun.javafx.tk.Toolkit::runPulse (26 bytes)
Event: 5.427 Thread 0x000002626b09fb80 nmethod 3416 0x000002624f859610 code [0x000002624f859880, 0x000002624f85a2f8]
Event: 5.427 Thread 0x000002626b09fb80 3417       1       javafx.scene.Scene::isFocusDirty (5 bytes)
Event: 5.427 Thread 0x000002626b09fb80 nmethod 3417 0x0000026256e23910 code [0x0000026256e23aa0, 0x0000026256e23b78]
Event: 5.686 Thread 0x000002626b09fb80 3418       3       com.sun.javafx.scene.control.inputmap.InputMap::testInterceptor (20 bytes)
Event: 5.686 Thread 0x000002626b09f580 3422       4       com.sun.javafx.binding.ExpressionHelper::fireValueChangedEvent (9 bytes)
Event: 5.686 Thread 0x000002626b09fb80 nmethod 3418 0x000002624f85a710 code [0x000002624f85a8c0, 0x000002624f85ab28]
Event: 5.686 Thread 0x000002626b09fb80 3419       3       com.sun.javafx.scene.control.inputmap.InputMap$Mapping::getInterceptor (11 bytes)
Event: 5.687 Thread 0x000002626b09fb80 nmethod 3419 0x000002624f85ac10 code [0x000002624f85adc0, 0x000002624f85b208]
Event: 5.687 Thread 0x000002626b09fb80 3423       1       application.Cell::getValue (5 bytes)
Event: 5.687 Thread 0x000002626b09fb80 nmethod 3423 0x0000026256e23c10 code [0x0000026256e23da0, 0x0000026256e23e78]
Event: 5.687 Thread 0x000002626b09fb80 3420       3       com.sun.javafx.scene.control.inputmap.InputMap$KeyMapping::getSpecificity (30 bytes)
Event: 5.687 Thread 0x000002626b09f580 nmethod 3422 0x0000026256e23f10 code [0x0000026256e24080, 0x0000026256e240f8]
Event: 5.688 Thread 0x000002626b09fb80 nmethod 3420 0x000002624f85b310 code [0x000002624f85b500, 0x000002624f85bbb8]
Event: 5.688 Thread 0x000002626b09fb80 3421       1       javafx.util.Duration::toMillis (5 bytes)
Event: 5.688 Thread 0x000002626b09fb80 nmethod 3421 0x0000026256e24210 code [0x0000026256e243a0, 0x0000026256e24478]

GC Heap History (6 events):
Event: 1.048 GC heap before
{Heap before GC invocations=0 (full 0):
 garbage-first heap   total 260096K, used 20480K [0x0000000702600000, 0x0000000800000000)
  region size 2048K, 11 young (22528K), 0 survivors (0K)
 Metaspace       used 11695K, committed 11840K, reserved 1064960K
  class space    used 1251K, committed 1344K, reserved 1048576K
}
Event: 1.053 GC heap after
{Heap after GC invocations=1 (full 0):
 garbage-first heap   total 260096K, used 2602K [0x0000000702600000, 0x0000000800000000)
  region size 2048K, 2 young (4096K), 2 survivors (4096K)
 Metaspace       used 11695K, committed 11840K, reserved 1064960K
  class space    used 1251K, committed 1344K, reserved 1048576K
}
Event: 2.302 GC heap before
{Heap before GC invocations=1 (full 0):
 garbage-first heap   total 260096K, used 37418K [0x0000000702600000, 0x0000000800000000)
  region size 2048K, 20 young (40960K), 2 survivors (4096K)
 Metaspace       used 18701K, committed 18880K, reserved 1073152K
  class space    used 2447K, committed 2560K, reserved 1048576K
}
Event: 2.316 GC heap after
{Heap after GC invocations=2 (full 0):
 garbage-first heap   total 260096K, used 9980K [0x0000000702600000, 0x0000000800000000)
  region size 2048K, 3 young (6144K), 3 survivors (6144K)
 Metaspace       used 18701K, committed 18880K, reserved 1073152K
  class space    used 2447K, committed 2560K, reserved 1048576K
}
Event: 2.946 GC heap before
{Heap before GC invocations=2 (full 0):
 garbage-first heap   total 260096K, used 20220K [0x0000000702600000, 0x0000000800000000)
  region size 2048K, 9 young (18432K), 3 survivors (6144K)
 Metaspace       used 21271K, committed 21504K, reserved 1073152K
  class space    used 2943K, committed 3072K, reserved 1048576K
}
Event: 2.962 GC heap after
{Heap after GC invocations=3 (full 0):
 garbage-first heap   total 260096K, used 11984K [0x0000000702600000, 0x0000000800000000)
  region size 2048K, 2 young (4096K), 2 survivors (4096K)
 Metaspace       used 21271K, committed 21504K, reserved 1073152K
  class space    used 2943K, committed 3072K, reserved 1048576K
}

Dll operation events (20 events):
Event: 0.629 Loaded shared library C:\Users\janko\Desktop\openjfx-20.0.1_windows-x64_bin-sdk\javafx-sdk-20.0.1\bin\api-ms-win-crt-math-l1-1-0.dll
Event: 0.631 Loaded shared library C:\Users\janko\Desktop\openjfx-20.0.1_windows-x64_bin-sdk\javafx-sdk-20.0.1\bin\api-ms-win-crt-multibyte-l1-1-0.dll
Event: 0.633 Loaded shared library C:\Users\janko\Desktop\openjfx-20.0.1_windows-x64_bin-sdk\javafx-sdk-20.0.1\bin\api-ms-win-crt-private-l1-1-0.dll
Event: 0.635 Loaded shared library C:\Users\janko\Desktop\openjfx-20.0.1_windows-x64_bin-sdk\javafx-sdk-20.0.1\bin\api-ms-win-crt-process-l1-1-0.dll
Event: 0.637 Loaded shared library C:\Users\janko\Desktop\openjfx-20.0.1_windows-x64_bin-sdk\javafx-sdk-20.0.1\bin\api-ms-win-crt-runtime-l1-1-0.dll
Event: 0.640 Loaded shared library C:\Users\janko\Desktop\openjfx-20.0.1_windows-x64_bin-sdk\javafx-sdk-20.0.1\bin\api-ms-win-crt-stdio-l1-1-0.dll
Event: 0.642 Loaded shared library C:\Users\janko\Desktop\openjfx-20.0.1_windows-x64_bin-sdk\javafx-sdk-20.0.1\bin\api-ms-win-crt-string-l1-1-0.dll
Event: 0.644 Loaded shared library C:\Users\janko\Desktop\openjfx-20.0.1_windows-x64_bin-sdk\javafx-sdk-20.0.1\bin\api-ms-win-crt-time-l1-1-0.dll
Event: 0.646 Loaded shared library C:\Users\janko\Desktop\openjfx-20.0.1_windows-x64_bin-sdk\javafx-sdk-20.0.1\bin\api-ms-win-crt-utility-l1-1-0.dll
Event: 0.648 Loaded shared library C:\Users\janko\Desktop\openjfx-20.0.1_windows-x64_bin-sdk\javafx-sdk-20.0.1\bin\ucrtbase.dll
Event: 0.651 Loaded shared library C:\Users\janko\Desktop\openjfx-20.0.1_windows-x64_bin-sdk\javafx-sdk-20.0.1\bin\vcruntime140.dll
Event: 0.654 Loaded shared library C:\Users\janko\Desktop\openjfx-20.0.1_windows-x64_bin-sdk\javafx-sdk-20.0.1\bin\vcruntime140_1.dll
Event: 0.657 Loaded shared library C:\Users\janko\Desktop\openjfx-20.0.1_windows-x64_bin-sdk\javafx-sdk-20.0.1\bin\msvcp140.dll
Event: 0.660 Loaded shared library C:\Users\janko\Desktop\openjfx-20.0.1_windows-x64_bin-sdk\javafx-sdk-20.0.1\bin\msvcp140_1.dll
Event: 0.663 Loaded shared library C:\Users\janko\Desktop\openjfx-20.0.1_windows-x64_bin-sdk\javafx-sdk-20.0.1\bin\msvcp140_2.dll
Event: 0.725 Loaded shared library C:\Users\janko\Desktop\openjfx-20.0.1_windows-x64_bin-sdk\javafx-sdk-20.0.1\bin\prism_d3d.dll
Event: 0.797 Loaded shared library C:\Users\janko\Desktop\openjfx-20.0.1_windows-x64_bin-sdk\javafx-sdk-20.0.1\bin\glass.dll
Event: 0.968 Loaded shared library C:\Users\janko\git\poop_projekat_java\POOP_domaci2_jni\x64\Debug\POOP_domaci2_jni.dll
Event: 1.103 Loaded shared library C:\Users\janko\Desktop\openjfx-20.0.1_windows-x64_bin-sdk\javafx-sdk-20.0.1\bin\javafx_font.dll
Event: 1.246 Loaded shared library C:\Users\janko\.p2\pool\plugins\org.eclipse.justj.openjdk.hotspot.jre.full.win32.x86_64_17.0.6.v20230125-1136\jre\bin\jimage.dll

Deoptimization events (20 events):
Event: 4.304 Thread 0x000002626bc31bc0 Uncommon trap: trap_request=0xffffffde fr.pc=0x0000026256dd5490 relative=0x0000000000000690
Event: 4.304 Thread 0x000002626bc31bc0 Uncommon trap: reason=class_check action=maybe_recompile pc=0x0000026256dd5490 method=javafx.scene.Node.updateLocalToParentTransform()V @ 11 c2
Event: 4.304 Thread 0x000002626bc31bc0 DEOPT PACKING pc=0x0000026256dd5490 sp=0x000000b5a77fdfc0
Event: 4.304 Thread 0x000002626bc31bc0 DEOPT UNPACKING pc=0x00000262567469a3 sp=0x000000b5a77fdf50 mode 2
Event: 4.304 Thread 0x000002626bc31bc0 Uncommon trap: trap_request=0xffffffde fr.pc=0x0000026256dd5490 relative=0x0000000000000690
Event: 4.305 Thread 0x000002626bc31bc0 Uncommon trap: reason=class_check action=maybe_recompile pc=0x0000026256dd5490 method=javafx.scene.Node.updateLocalToParentTransform()V @ 11 c2
Event: 4.305 Thread 0x000002626bc31bc0 DEOPT PACKING pc=0x0000026256dd5490 sp=0x000000b5a77fdfc0
Event: 4.305 Thread 0x000002626bc31bc0 DEOPT UNPACKING pc=0x00000262567469a3 sp=0x000000b5a77fdf50 mode 2
Event: 4.305 Thread 0x000002626bc31bc0 Uncommon trap: trap_request=0xffffffde fr.pc=0x0000026256dd5490 relative=0x0000000000000690
Event: 4.305 Thread 0x000002626bc31bc0 Uncommon trap: reason=class_check action=maybe_recompile pc=0x0000026256dd5490 method=javafx.scene.Node.updateLocalToParentTransform()V @ 11 c2
Event: 4.305 Thread 0x000002626bc31bc0 DEOPT PACKING pc=0x0000026256dd5490 sp=0x000000b5a77fdfc0
Event: 4.305 Thread 0x000002626bc31bc0 DEOPT UNPACKING pc=0x00000262567469a3 sp=0x000000b5a77fdf50 mode 2
Event: 4.311 Thread 0x000002626bc32f00 Uncommon trap: trap_request=0xffffff45 fr.pc=0x0000026256d6dbd0 relative=0x0000000000000050
Event: 4.311 Thread 0x000002626bc32f00 Uncommon trap: reason=unstable_if action=reinterpret pc=0x0000026256d6dbd0 method=java.lang.Float.isNaN(F)Z @ 3 c2
Event: 4.311 Thread 0x000002626bc32f00 DEOPT PACKING pc=0x0000026256d6dbd0 sp=0x000000b5a75fe340
Event: 4.311 Thread 0x000002626bc32f00 DEOPT UNPACKING pc=0x00000262567469a3 sp=0x000000b5a75fe2d0 mode 2
Event: 4.331 Thread 0x000002626bc32f00 DEOPT PACKING pc=0x000002624f71b5c8 sp=0x000000b5a75fcd70
Event: 4.331 Thread 0x000002626bc32f00 DEOPT UNPACKING pc=0x0000026256747143 sp=0x000000b5a75fc1c0 mode 0
Event: 4.356 Thread 0x000002626bc32f00 DEOPT PACKING pc=0x000002624f71b809 sp=0x000000b5a75fcd30
Event: 4.356 Thread 0x000002626bc32f00 DEOPT UNPACKING pc=0x0000026256747143 sp=0x000000b5a75fc180 mode 0

Classes unloaded (0 events):
No events

Classes redefined (0 events):
No events

Internal exceptions (20 events):
Event: 1.459 Thread 0x000002626bc31bc0 Implicit null exception at 0x0000026256ce77b4 to 0x0000026256ce7cd8
Event: 1.498 Thread 0x000002626bc31bc0 Implicit null exception at 0x0000026256ce6b2f to 0x0000026256ce703c
Event: 1.501 Thread 0x000002626bc31bc0 Implicit null exception at 0x0000026256cb068f to 0x0000026256cb0709
Event: 1.832 Thread 0x000002626bc31bc0 Implicit null exception at 0x0000026256d00871 to 0x0000026256d009b0
Event: 1.843 Thread 0x000002626bc31bc0 Exception <a 'java/lang/NoSuchMethodError'{0x000000071078ad28}: 'java.lang.Object java.lang.invoke.DirectMethodHandle$Holder.invokeInterface(java.lang.Object, java.lang.Object, java.lang.Object)'> (0x000000071078ad28) 
thrown [s\src\hotspot\share\interpreter\linkResolver.cpp, line 759]
Event: 1.843 Thread 0x000002626bc31bc0 Exception <a 'java/lang/IncompatibleClassChangeError'{0x000000071078e958}: Found class java.lang.Object, but interface was expected> (0x000000071078e958) 
thrown [s\src\hotspot\share\interpreter\linkResolver.cpp, line 826]
Event: 2.227 Thread 0x000002626bc31bc0 Exception <a 'java/lang/ClassNotFoundException'{0x000000070fc12c98}: com/sun/javafx/scene/control/skin/resources/controls> (0x000000070fc12c98) 
thrown [s\src\hotspot\share\prims\jni.cpp, line 535]
Event: 2.229 Thread 0x000002626bc31bc0 Exception <a 'java/lang/ClassNotFoundException'{0x000000070fc20c48}: com/sun/javafx/scene/control/skin/resources/controls_en> (0x000000070fc20c48) 
thrown [s\src\hotspot\share\prims\jni.cpp, line 535]
Event: 2.230 Thread 0x000002626bc31bc0 Exception <a 'java/lang/ClassNotFoundException'{0x000000070fc26ec8}: com/sun/javafx/scene/control/skin/resources/controls_en_US> (0x000000070fc26ec8) 
thrown [s\src\hotspot\share\prims\jni.cpp, line 535]
Event: 2.321 Thread 0x000002626bc31bc0 Exception <a 'java/lang/NoSuchMethodError'{0x0000000712205368}: 'void java.lang.invoke.DirectMethodHandle$Holder.invokeSpecial(java.lang.Object, java.lang.Object, java.lang.Object, java.lang.Object, java.lang.Object, java.lang.Object)'> (0x0000000712205368) 
thrown [s\src\hotspot\share\interpreter\linkResolver.cpp, line 759]
Event: 2.378 Thread 0x000002626bc31bc0 Exception <a 'java/lang/NoSuchMethodError'{0x00000007123adb98}: 'int java.lang.invoke.DirectMethodHandle$Holder.invokeStaticInit(java.lang.Object, java.lang.Object)'> (0x00000007123adb98) 
thrown [s\src\hotspot\share\interpreter\linkResolver.cpp, line 759]
Event: 2.503 Thread 0x000002626bc31bc0 Implicit null exception at 0x0000026256d1c36f to 0x0000026256d1cb78
Event: 2.676 Thread 0x000002626bc31bc0 Exception <a 'java/lang/NoSuchMethodError'{0x0000000711dd38d0}: 'java.lang.Object java.lang.invoke.DirectMethodHandle$Holder.newInvokeSpecial(java.lang.Object, java.lang.Object, int, int)'> (0x0000000711dd38d0) 
thrown [s\src\hotspot\share\interpreter\linkResolver.cpp, line 759]
Event: 2.679 Thread 0x000002626bc31bc0 Implicit null exception at 0x0000026256d72000 to 0x0000026256d72518
Event: 2.690 Thread 0x000002626bc31bc0 Exception <a 'java/lang/NoSuchMethodError'{0x0000000711def350}: 'java.lang.Object java.lang.invoke.DirectMethodHandle$Holder.newInvokeSpecial(java.lang.Object, java.lang.Object, int)'> (0x0000000711def350) 
thrown [s\src\hotspot\share\interpreter\linkResolver.cpp, line 759]
Event: 2.925 Thread 0x000002626bc31bc0 Exception <a 'java/lang/NoSuchMethodError'{0x000000071186bc20}: 'long java.lang.invoke.DirectMethodHandle$Holder.invokeStatic(java.lang.Object, java.lang.Object, java.lang.Object)'> (0x000000071186bc20) 
thrown [s\src\hotspot\share\interpreter\linkResolver.cpp, line 759]
Event: 2.926 Thread 0x000002626bc31bc0 Exception <a 'java/lang/NoSuchMethodError'{0x000000071186f3c8}: 'long java.lang.invoke.DirectMethodHandle$Holder.invokeStaticInit(java.lang.Object, java.lang.Object, java.lang.Object)'> (0x000000071186f3c8) 
thrown [s\src\hotspot\share\interpreter\linkResolver.cpp, line 759]
Event: 2.934 Thread 0x000002626bc31bc0 Exception <a 'java/lang/NoSuchMethodError'{0x0000000711886fc8}: 'java.lang.Object java.lang.invoke.DirectMethodHandle$Holder.newInvokeSpecial(java.lang.Object, java.lang.Object, long)'> (0x0000000711886fc8) 
thrown [s\src\hotspot\share\interpreter\linkResolver.cpp, line 759]
Event: 2.934 Thread 0x000002626bc31bc0 Exception <a 'java/lang/NoSuchMethodError'{0x000000071188ab38}: 'java.lang.Object java.lang.invoke.Invokers$Holder.linkToTargetMethod(java.lang.Object, long, java.lang.Object)'> (0x000000071188ab38) 
thrown [s\src\hotspot\share\interpreter\linkResolver.cpp, line 759]
Event: 3.108 Thread 0x000002626bc32f00 Exception <a 'java/lang/NoSuchMethodError'{0x00000007123b96a0}: 'java.lang.Object java.lang.invoke.DirectMethodHandle$Holder.invokeStaticInit(java.lang.Object, int)'> (0x00000007123b96a0) 
thrown [s\src\hotspot\share\interpreter\linkResolver.cpp, line 759]

VM Operations (20 events):
Event: 2.287 Executing VM operation: HandshakeAllThreads
Event: 2.288 Executing VM operation: HandshakeAllThreads done
Event: 2.288 Executing VM operation: HandshakeAllThreads
Event: 2.288 Executing VM operation: HandshakeAllThreads done
Event: 2.302 Executing VM operation: G1CollectForAllocation
Event: 2.316 Executing VM operation: G1CollectForAllocation done
Event: 2.448 Executing VM operation: HandshakeAllThreads
Event: 2.448 Executing VM operation: HandshakeAllThreads done
Event: 2.631 Executing VM operation: ICBufferFull
Event: 2.631 Executing VM operation: ICBufferFull done
Event: 2.945 Executing VM operation: CollectForMetadataAllocation
Event: 2.962 Executing VM operation: CollectForMetadataAllocation done
Event: 2.981 Executing VM operation: G1Concurrent
Event: 2.984 Executing VM operation: G1Concurrent done
Event: 2.995 Executing VM operation: G1Concurrent
Event: 2.995 Executing VM operation: G1Concurrent done
Event: 3.087 Executing VM operation: HandshakeAllThreads
Event: 3.087 Executing VM operation: HandshakeAllThreads done
Event: 4.086 Executing VM operation: Cleanup
Event: 4.087 Executing VM operation: Cleanup done

Events (20 events):
Event: 3.134 loading class jdk/internal/reflect/UnsafeQualifiedStaticObjectFieldAccessorImpl
Event: 3.134 loading class jdk/internal/reflect/UnsafeQualifiedStaticFieldAccessorImpl
Event: 3.134 loading class jdk/internal/reflect/UnsafeQualifiedStaticFieldAccessorImpl done
Event: 3.134 loading class jdk/internal/reflect/UnsafeQualifiedStaticObjectFieldAccessorImpl done
Event: 3.617 Thread 0x0000026273672f50 Thread exited: 0x0000026273672f50
Event: 3.617 Thread 0x000002626b25c5a0 Thread exited: 0x000002626b25c5a0
Event: 3.631 loading class java/io/UnsupportedEncodingException
Event: 3.631 loading class java/io/UnsupportedEncodingException done
Event: 3.643 Thread 0x000002626b25c5a0 Thread added: 0x000002626b25c5a0
Event: 3.661 Thread 0x0000026273f2c280 Thread added: 0x0000026273f2c280
Event: 3.718 loading class java/util/LinkedList$ListItr
Event: 3.718 loading class java/util/LinkedList$ListItr done
Event: 4.145 Thread 0x0000026273f2c280 Thread exited: 0x0000026273f2c280
Event: 4.314 Thread 0x0000026273f2c280 Thread added: 0x0000026273f2c280
Event: 4.673 Thread 0x0000026273f2c280 Thread exited: 0x0000026273f2c280
Event: 4.785 Thread 0x000002626b25c5a0 Thread exited: 0x000002626b25c5a0
Event: 5.076 Thread 0x000002626b25c5a0 Thread added: 0x000002626b25c5a0
Event: 5.205 Thread 0x000002626b25c5a0 Thread exited: 0x000002626b25c5a0
Event: 5.209 Thread 0x000002626b25c5a0 Thread added: 0x000002626b25c5a0
Event: 5.392 Thread 0x000002626b25c5a0 Thread exited: 0x000002626b25c5a0


Dynamic libraries:
0x00007ff7a62a0000 - 0x00007ff7a62ae000 	C:\Users\janko\.p2\pool\plugins\org.eclipse.justj.openjdk.hotspot.jre.full.win32.x86_64_17.0.6.v20230125-1136\jre\bin\javaw.exe
0x00007ff8325b0000 - 0x00007ff8327c4000 	C:\WINDOWS\SYSTEM32\ntdll.dll
0x00007ff830dc0000 - 0x00007ff830e82000 	C:\WINDOWS\System32\KERNEL32.DLL
0x00007ff82ff60000 - 0x00007ff830303000 	C:\WINDOWS\System32\KERNELBASE.dll
0x00007ff82f9b0000 - 0x00007ff82fac1000 	C:\WINDOWS\System32\ucrtbase.dll
0x00007ff81c8d0000 - 0x00007ff81c8e7000 	C:\Users\janko\.p2\pool\plugins\org.eclipse.justj.openjdk.hotspot.jre.full.win32.x86_64_17.0.6.v20230125-1136\jre\bin\jli.dll
0x00007ff81c260000 - 0x00007ff81c279000 	C:\Users\janko\.p2\pool\plugins\org.eclipse.justj.openjdk.hotspot.jre.full.win32.x86_64_17.0.6.v20230125-1136\jre\bin\VCRUNTIME140.dll
0x00007ff830e90000 - 0x00007ff83103a000 	C:\WINDOWS\System32\USER32.dll
0x00007ff8249b0000 - 0x00007ff824c3e000 	C:\WINDOWS\WinSxS\amd64_microsoft.windows.common-controls_6595b64144ccf1df_6.0.22621.1635_none_270f70857386168e\COMCTL32.dll
0x00007ff82fdd0000 - 0x00007ff82fdf6000 	C:\WINDOWS\System32\win32u.dll
0x00007ff831dc0000 - 0x00007ff831de9000 	C:\WINDOWS\System32\GDI32.dll
0x00007ff830a00000 - 0x00007ff830aa7000 	C:\WINDOWS\System32\msvcrt.dll
0x00007ff82fad0000 - 0x00007ff82fbe9000 	C:\WINDOWS\System32\gdi32full.dll
0x00007ff82fe00000 - 0x00007ff82fe9a000 	C:\WINDOWS\System32\msvcp_win.dll
0x00007ff831df0000 - 0x00007ff831e21000 	C:\WINDOWS\System32\IMM32.DLL
0x00007ff826ef0000 - 0x00007ff826efc000 	C:\Users\janko\.p2\pool\plugins\org.eclipse.justj.openjdk.hotspot.jre.full.win32.x86_64_17.0.6.v20230125-1136\jre\bin\vcruntime140_1.dll
0x00007fffece90000 - 0x00007fffecf21000 	C:\Users\janko\.p2\pool\plugins\org.eclipse.justj.openjdk.hotspot.jre.full.win32.x86_64_17.0.6.v20230125-1136\jre\bin\msvcp140.dll
0x00007fffd9fe0000 - 0x00007fffdac27000 	C:\Users\janko\.p2\pool\plugins\org.eclipse.justj.openjdk.hotspot.jre.full.win32.x86_64_17.0.6.v20230125-1136\jre\bin\server\jvm.dll
0x00007ff831920000 - 0x00007ff8319ce000 	C:\WINDOWS\System32\ADVAPI32.dll
0x00007ff831b30000 - 0x00007ff831bd4000 	C:\WINDOWS\System32\sechost.dll
0x00007ff830b70000 - 0x00007ff830c87000 	C:\WINDOWS\System32\RPCRT4.dll
0x00007ff813020000 - 0x00007ff813029000 	C:\WINDOWS\SYSTEM32\WSOCK32.dll
0x00007ff827e70000 - 0x00007ff827ea4000 	C:\WINDOWS\SYSTEM32\WINMM.dll
0x00007ff827920000 - 0x00007ff82792a000 	C:\WINDOWS\SYSTEM32\VERSION.dll
0x00007ff8310a0000 - 0x00007ff831111000 	C:\WINDOWS\System32\WS2_32.dll
0x00007ff82ea60000 - 0x00007ff82ea78000 	C:\WINDOWS\SYSTEM32\kernel.appcore.dll
0x00007ff82a530000 - 0x00007ff82a53a000 	C:\Users\janko\.p2\pool\plugins\org.eclipse.justj.openjdk.hotspot.jre.full.win32.x86_64_17.0.6.v20230125-1136\jre\bin\jimage.dll
0x00007ff82d530000 - 0x00007ff82d75e000 	C:\WINDOWS\SYSTEM32\DBGHELP.DLL
0x00007ff831f00000 - 0x00007ff832289000 	C:\WINDOWS\System32\combase.dll
0x00007ff830390000 - 0x00007ff830467000 	C:\WINDOWS\System32\OLEAUT32.dll
0x00007ff826eb0000 - 0x00007ff826ee2000 	C:\WINDOWS\SYSTEM32\dbgcore.DLL
0x00007ff830310000 - 0x00007ff83038a000 	C:\WINDOWS\System32\bcryptPrimitives.dll
0x00007ff827410000 - 0x00007ff827435000 	C:\Users\janko\.p2\pool\plugins\org.eclipse.justj.openjdk.hotspot.jre.full.win32.x86_64_17.0.6.v20230125-1136\jre\bin\java.dll
0x00007ff828840000 - 0x00007ff828858000 	C:\Users\janko\.p2\pool\plugins\org.eclipse.justj.openjdk.hotspot.jre.full.win32.x86_64_17.0.6.v20230125-1136\jre\bin\zip.dll
0x00007ff831120000 - 0x00007ff831919000 	C:\WINDOWS\System32\SHELL32.dll
0x00007ff82d9a0000 - 0x00007ff82e26e000 	C:\WINDOWS\SYSTEM32\windows.storage.dll
0x00007ff82d860000 - 0x00007ff82d99e000 	C:\WINDOWS\SYSTEM32\wintypes.dll
0x00007ff830900000 - 0x00007ff8309f1000 	C:\WINDOWS\System32\SHCORE.dll
0x00007ff831e30000 - 0x00007ff831e8e000 	C:\WINDOWS\System32\shlwapi.dll
0x00007ff82f8e0000 - 0x00007ff82f906000 	C:\WINDOWS\SYSTEM32\profapi.dll
0x00007ff827fe0000 - 0x00007ff827ff9000 	C:\Users\janko\.p2\pool\plugins\org.eclipse.justj.openjdk.hotspot.jre.full.win32.x86_64_17.0.6.v20230125-1136\jre\bin\net.dll
0x00007ff82c770000 - 0x00007ff82c8a7000 	C:\WINDOWS\SYSTEM32\WINHTTP.dll
0x00007ff82ef60000 - 0x00007ff82efc9000 	C:\WINDOWS\system32\mswsock.dll
0x00007ff8273f0000 - 0x00007ff827405000 	C:\Users\janko\.p2\pool\plugins\org.eclipse.justj.openjdk.hotspot.jre.full.win32.x86_64_17.0.6.v20230125-1136\jre\bin\nio.dll
0x000002624ba20000 - 0x000002624ba23000 	C:\Users\janko\Desktop\openjfx-20.0.1_windows-x64_bin-sdk\javafx-sdk-20.0.1\bin\api-ms-win-core-console-l1-1-0.dll
0x000002624ba30000 - 0x000002624ba33000 	C:\Users\janko\Desktop\openjfx-20.0.1_windows-x64_bin-sdk\javafx-sdk-20.0.1\bin\api-ms-win-core-console-l1-2-0.dll
0x000002624ba40000 - 0x000002624ba43000 	C:\Users\janko\Desktop\openjfx-20.0.1_windows-x64_bin-sdk\javafx-sdk-20.0.1\bin\api-ms-win-core-datetime-l1-1-0.dll
0x000002624ba50000 - 0x000002624ba53000 	C:\Users\janko\Desktop\openjfx-20.0.1_windows-x64_bin-sdk\javafx-sdk-20.0.1\bin\api-ms-win-core-debug-l1-1-0.dll
0x000002624ba60000 - 0x000002624ba63000 	C:\Users\janko\Desktop\openjfx-20.0.1_windows-x64_bin-sdk\javafx-sdk-20.0.1\bin\api-ms-win-core-errorhandling-l1-1-0.dll
0x000002624ba70000 - 0x000002624ba74000 	C:\Users\janko\Desktop\openjfx-20.0.1_windows-x64_bin-sdk\javafx-sdk-20.0.1\bin\api-ms-win-core-file-l1-1-0.dll
0x000002624ba80000 - 0x000002624ba83000 	C:\Users\janko\Desktop\openjfx-20.0.1_windows-x64_bin-sdk\javafx-sdk-20.0.1\bin\api-ms-win-core-file-l1-2-0.dll
0x000002624ba90000 - 0x000002624ba93000 	C:\Users\janko\Desktop\openjfx-20.0.1_windows-x64_bin-sdk\javafx-sdk-20.0.1\bin\api-ms-win-core-file-l2-1-0.dll
0x000002624baa0000 - 0x000002624baa3000 	C:\Users\janko\Desktop\openjfx-20.0.1_windows-x64_bin-sdk\javafx-sdk-20.0.1\bin\api-ms-win-core-handle-l1-1-0.dll
0x000002624bab0000 - 0x000002624bab3000 	C:\Users\janko\Desktop\openjfx-20.0.1_windows-x64_bin-sdk\javafx-sdk-20.0.1\bin\api-ms-win-core-heap-l1-1-0.dll
0x000002624bac0000 - 0x000002624bac3000 	C:\Users\janko\Desktop\openjfx-20.0.1_windows-x64_bin-sdk\javafx-sdk-20.0.1\bin\api-ms-win-core-interlocked-l1-1-0.dll
0x000002626a740000 - 0x000002626a743000 	C:\Users\janko\Desktop\openjfx-20.0.1_windows-x64_bin-sdk\javafx-sdk-20.0.1\bin\api-ms-win-core-libraryloader-l1-1-0.dll
0x000002626a750000 - 0x000002626a753000 	C:\Users\janko\Desktop\openjfx-20.0.1_windows-x64_bin-sdk\javafx-sdk-20.0.1\bin\api-ms-win-core-localization-l1-2-0.dll
0x000002626a760000 - 0x000002626a763000 	C:\Users\janko\Desktop\openjfx-20.0.1_windows-x64_bin-sdk\javafx-sdk-20.0.1\bin\api-ms-win-core-memory-l1-1-0.dll
0x000002626a770000 - 0x000002626a773000 	C:\Users\janko\Desktop\openjfx-20.0.1_windows-x64_bin-sdk\javafx-sdk-20.0.1\bin\api-ms-win-core-namedpipe-l1-1-0.dll
0x000002626a780000 - 0x000002626a783000 	C:\Users\janko\Desktop\openjfx-20.0.1_windows-x64_bin-sdk\javafx-sdk-20.0.1\bin\api-ms-win-core-processenvironment-l1-1-0.dll
0x000002626a790000 - 0x000002626a793000 	C:\Users\janko\Desktop\openjfx-20.0.1_windows-x64_bin-sdk\javafx-sdk-20.0.1\bin\api-ms-win-core-processthreads-l1-1-0.dll
0x000002626a7a0000 - 0x000002626a7a3000 	C:\Users\janko\Desktop\openjfx-20.0.1_windows-x64_bin-sdk\javafx-sdk-20.0.1\bin\api-ms-win-core-processthreads-l1-1-1.dll
0x000002626a7b0000 - 0x000002626a7b3000 	C:\Users\janko\Desktop\openjfx-20.0.1_windows-x64_bin-sdk\javafx-sdk-20.0.1\bin\api-ms-win-core-profile-l1-1-0.dll
0x000002626a7c0000 - 0x000002626a7c3000 	C:\Users\janko\Desktop\openjfx-20.0.1_windows-x64_bin-sdk\javafx-sdk-20.0.1\bin\api-ms-win-core-rtlsupport-l1-1-0.dll
0x000002626a7d0000 - 0x000002626a7d3000 	C:\Users\janko\Desktop\openjfx-20.0.1_windows-x64_bin-sdk\javafx-sdk-20.0.1\bin\api-ms-win-core-string-l1-1-0.dll
0x000002626a7e0000 - 0x000002626a7e3000 	C:\Users\janko\Desktop\openjfx-20.0.1_windows-x64_bin-sdk\javafx-sdk-20.0.1\bin\api-ms-win-core-synch-l1-1-0.dll
0x000002626a7f0000 - 0x000002626a7f3000 	C:\Users\janko\Desktop\openjfx-20.0.1_windows-x64_bin-sdk\javafx-sdk-20.0.1\bin\api-ms-win-core-synch-l1-2-0.dll
0x000002626cbd0000 - 0x000002626cbd3000 	C:\Users\janko\Desktop\openjfx-20.0.1_windows-x64_bin-sdk\javafx-sdk-20.0.1\bin\api-ms-win-core-sysinfo-l1-1-0.dll
0x000002626cbe0000 - 0x000002626cbe3000 	C:\Users\janko\Desktop\openjfx-20.0.1_windows-x64_bin-sdk\javafx-sdk-20.0.1\bin\api-ms-win-core-timezone-l1-1-0.dll
0x000002626cd30000 - 0x000002626cd33000 	C:\Users\janko\Desktop\openjfx-20.0.1_windows-x64_bin-sdk\javafx-sdk-20.0.1\bin\api-ms-win-core-util-l1-1-0.dll
0x000002626cbf0000 - 0x000002626cbf3000 	C:\Users\janko\Desktop\openjfx-20.0.1_windows-x64_bin-sdk\javafx-sdk-20.0.1\bin\api-ms-win-crt-conio-l1-1-0.dll
0x000002626cc00000 - 0x000002626cc04000 	C:\Users\janko\Desktop\openjfx-20.0.1_windows-x64_bin-sdk\javafx-sdk-20.0.1\bin\api-ms-win-crt-convert-l1-1-0.dll
0x000002626cc10000 - 0x000002626cc13000 	C:\Users\janko\Desktop\openjfx-20.0.1_windows-x64_bin-sdk\javafx-sdk-20.0.1\bin\api-ms-win-crt-environment-l1-1-0.dll
0x000002626cc20000 - 0x000002626cc23000 	C:\Users\janko\Desktop\openjfx-20.0.1_windows-x64_bin-sdk\javafx-sdk-20.0.1\bin\api-ms-win-crt-filesystem-l1-1-0.dll
0x000002626cc30000 - 0x000002626cc33000 	C:\Users\janko\Desktop\openjfx-20.0.1_windows-x64_bin-sdk\javafx-sdk-20.0.1\bin\api-ms-win-crt-heap-l1-1-0.dll
0x000002626cc40000 - 0x000002626cc43000 	C:\Users\janko\Desktop\openjfx-20.0.1_windows-x64_bin-sdk\javafx-sdk-20.0.1\bin\api-ms-win-crt-locale-l1-1-0.dll
0x000002626cc50000 - 0x000002626cc55000 	C:\Users\janko\Desktop\openjfx-20.0.1_windows-x64_bin-sdk\javafx-sdk-20.0.1\bin\api-ms-win-crt-math-l1-1-0.dll
0x000002626cc60000 - 0x000002626cc65000 	C:\Users\janko\Desktop\openjfx-20.0.1_windows-x64_bin-sdk\javafx-sdk-20.0.1\bin\api-ms-win-crt-multibyte-l1-1-0.dll
0x000002626cc70000 - 0x000002626cc80000 	C:\Users\janko\Desktop\openjfx-20.0.1_windows-x64_bin-sdk\javafx-sdk-20.0.1\bin\api-ms-win-crt-private-l1-1-0.dll
0x000002626cc80000 - 0x000002626cc83000 	C:\Users\janko\Desktop\openjfx-20.0.1_windows-x64_bin-sdk\javafx-sdk-20.0.1\bin\api-ms-win-crt-process-l1-1-0.dll
0x000002626cc90000 - 0x000002626cc94000 	C:\Users\janko\Desktop\openjfx-20.0.1_windows-x64_bin-sdk\javafx-sdk-20.0.1\bin\api-ms-win-crt-runtime-l1-1-0.dll
0x000002626cca0000 - 0x000002626cca4000 	C:\Users\janko\Desktop\openjfx-20.0.1_windows-x64_bin-sdk\javafx-sdk-20.0.1\bin\api-ms-win-crt-stdio-l1-1-0.dll
0x000002626ccb0000 - 0x000002626ccb4000 	C:\Users\janko\Desktop\openjfx-20.0.1_windows-x64_bin-sdk\javafx-sdk-20.0.1\bin\api-ms-win-crt-string-l1-1-0.dll
0x000002626ccc0000 - 0x000002626ccc3000 	C:\Users\janko\Desktop\openjfx-20.0.1_windows-x64_bin-sdk\javafx-sdk-20.0.1\bin\api-ms-win-crt-time-l1-1-0.dll
0x000002626ccd0000 - 0x000002626ccd3000 	C:\Users\janko\Desktop\openjfx-20.0.1_windows-x64_bin-sdk\javafx-sdk-20.0.1\bin\api-ms-win-crt-utility-l1-1-0.dll
0x00007fffe8140000 - 0x00007fffe823c000 	C:\Users\janko\Desktop\openjfx-20.0.1_windows-x64_bin-sdk\javafx-sdk-20.0.1\bin\ucrtbase.dll
0x00007ff811d90000 - 0x00007ff811dab000 	C:\Users\janko\Desktop\openjfx-20.0.1_windows-x64_bin-sdk\javafx-sdk-20.0.1\bin\vcruntime140.dll
0x00007ff81c8b0000 - 0x00007ff81c8bc000 	C:\Users\janko\Desktop\openjfx-20.0.1_windows-x64_bin-sdk\javafx-sdk-20.0.1\bin\vcruntime140_1.dll
0x00007fffe80b0000 - 0x00007fffe813e000 	C:\Users\janko\Desktop\openjfx-20.0.1_windows-x64_bin-sdk\javafx-sdk-20.0.1\bin\msvcp140.dll
0x00007ff81bd20000 - 0x00007ff81bd29000 	C:\Users\janko\Desktop\openjfx-20.0.1_windows-x64_bin-sdk\javafx-sdk-20.0.1\bin\msvcp140_1.dll
0x00007ff809a40000 - 0x00007ff809a70000 	C:\Users\janko\Desktop\openjfx-20.0.1_windows-x64_bin-sdk\javafx-sdk-20.0.1\bin\msvcp140_2.dll
0x00007ff806110000 - 0x00007ff80613f000 	C:\Users\janko\Desktop\openjfx-20.0.1_windows-x64_bin-sdk\javafx-sdk-20.0.1\bin\prism_d3d.dll
0x00007ff802cf0000 - 0x00007ff802e99000 	C:\WINDOWS\system32\d3d9.dll
0x00007ff82cf10000 - 0x00007ff82cf3b000 	C:\WINDOWS\SYSTEM32\dwmapi.dll
0x00007ff82ccd0000 - 0x00007ff82cd08000 	C:\WINDOWS\SYSTEM32\dxcore.dll
0x00007ff82cbf0000 - 0x00007ff82cc9b000 	C:\WINDOWS\system32\uxtheme.dll
0x00007fffdb040000 - 0x00007fffdb22b000 	C:\WINDOWS\System32\DriverStore\FileRepository\igdlh64.inf_amd64_c8634ed19e331cda\igdumdim64.dll
0x00007fffb8f00000 - 0x00007fffbc47d000 	C:\WINDOWS\System32\DriverStore\FileRepository\igdlh64.inf_amd64_c8634ed19e331cda\igd9dxva64.dll
0x00007ff8323d0000 - 0x00007ff83256c000 	C:\WINDOWS\System32\ole32.dll
0x00007ff823870000 - 0x00007ff8238b8000 	C:\WINDOWS\SYSTEM32\directxdatabasehelper.dll
0x00007ff803560000 - 0x00007ff8035a2000 	C:\Users\janko\Desktop\openjfx-20.0.1_windows-x64_bin-sdk\javafx-sdk-20.0.1\bin\glass.dll
0x00007ff831a30000 - 0x00007ff831b27000 	C:\WINDOWS\System32\COMDLG32.dll
0x00007ff832290000 - 0x00007ff8323b7000 	C:\WINDOWS\System32\MSCTF.dll
0x00007ffff8620000 - 0x00007ffff8644000 	C:\WINDOWS\System32\DriverStore\FileRepository\igdlh64.inf_amd64_c8634ed19e331cda\igdinfo64.dll
0x00007ff81ca00000 - 0x00007ff81e901000 	C:\WINDOWS\System32\DriverStore\FileRepository\igdlh64.inf_amd64_c8634ed19e331cda\igc64.dll
0x00007fffdbcb0000 - 0x00007fffdbd76000 	C:\Users\janko\git\poop_projekat_java\POOP_domaci2_jni\x64\Debug\POOP_domaci2_jni.dll
0x00007ff81b690000 - 0x00007ff81b69f000 	C:\WINDOWS\SYSTEM32\VCRUNTIME140_1D.dll
0x00007ff803640000 - 0x00007ff80366b000 	C:\WINDOWS\SYSTEM32\VCRUNTIME140D.dll
0x00007fffdb800000 - 0x00007fffdb8e3000 	C:\WINDOWS\SYSTEM32\MSVCP140D.dll
0x00007fffd5750000 - 0x00007fffd5913000 	C:\WINDOWS\SYSTEM32\ucrtbased.dll
0x00007ff809a90000 - 0x00007ff809aa4000 	C:\Users\janko\Desktop\openjfx-20.0.1_windows-x64_bin-sdk\javafx-sdk-20.0.1\bin\javafx_font.dll
0x00007ff82b390000 - 0x00007ff82b5f7000 	C:\WINDOWS\SYSTEM32\dwrite.dll
0x00007ff830ab0000 - 0x00007ff830b60000 	C:\WINDOWS\System32\clbcatq.dll
0x00007ff82b1e0000 - 0x00007ff82b390000 	C:\WINDOWS\SYSTEM32\WindowsCodecs.dll
0x00007ff8266c0000 - 0x00007ff82671e000 	C:\WINDOWS\system32\dataexchange.dll
0x00007ff820bf0000 - 0x00007ff820e5e000 	C:\WINDOWS\system32\twinapi.appcore.dll
0x00007ff803440000 - 0x00007ff803472000 	C:\Program Files\Common Files\Microsoft Shared\Ink\rtscom.dll
0x00007ff81b740000 - 0x00007ff81b86d000 	C:\WINDOWS\SYSTEM32\textinputframework.dll
0x00007ff82c490000 - 0x00007ff82c5c3000 	C:\WINDOWS\SYSTEM32\CoreMessaging.dll
0x00007ff821bf0000 - 0x00007ff821f5c000 	C:\WINDOWS\SYSTEM32\CoreUIComponents.dll
0x00007ff82f1e0000 - 0x00007ff82f1ec000 	C:\WINDOWS\SYSTEM32\CRYPTBASE.DLL
0x00007ff8198d0000 - 0x00007ff819939000 	C:\WINDOWS\system32\Oleacc.dll

dbghelp: loaded successfully - version: 4.0.5 - missing functions: none
symbol engine: initialized successfully - sym options: 0x614 - pdb path: .;C:\Users\janko\.p2\pool\plugins\org.eclipse.justj.openjdk.hotspot.jre.full.win32.x86_64_17.0.6.v20230125-1136\jre\bin;C:\WINDOWS\SYSTEM32;C:\WINDOWS\WinSxS\amd64_microsoft.windows.common-controls_6595b64144ccf1df_6.0.22621.1635_none_270f70857386168e;C:\Users\janko\.p2\pool\plugins\org.eclipse.justj.openjdk.hotspot.jre.full.win32.x86_64_17.0.6.v20230125-1136\jre\bin\server;C:\Users\janko\Desktop\openjfx-20.0.1_windows-x64_bin-sdk\javafx-sdk-20.0.1\bin;C:\WINDOWS\System32\DriverStore\FileRepository\igdlh64.inf_amd64_c8634ed19e331cda;C:\Users\janko\git\poop_projekat_java\POOP_domaci2_jni\x64\Debug;C:\Program Files\Common Files\Microsoft Shared\Ink

VM Arguments:
jvm_args: --module-path=C:\Users\janko\Desktop\openjfx-20.0.1_windows-x64_bin-sdk\javafx-sdk-20.0.1\lib --add-modules=javafx.controls,javafx.fxml -Djava.library.path=C:\Users\janko\git\poop_projekat_java\POOP_domaci2_jni\x64\Debug -Dfile.encoding=UTF-8 -XX:+ShowCodeDetailsInExceptionMessages 
java_command: application.Main
java_class_path (initial): C:\Users\janko\git\poop_projekat_java\poop_projekat_java\bin;C:\Program Files\Java\jre1.8.0_321\lib\jfxswt.jar;C:\Program Files\Java\jre1.8.0_321\lib\ext\jfxrt.jar;C:\Users\janko\Desktop\openjfx-20.0.1_windows-x64_bin-sdk\javafx-sdk-20.0.1\lib\javafx.base.jar;C:\Users\janko\Desktop\openjfx-20.0.1_windows-x64_bin-sdk\javafx-sdk-20.0.1\lib\javafx.controls.jar;C:\Users\janko\Desktop\openjfx-20.0.1_windows-x64_bin-sdk\javafx-sdk-20.0.1\lib\javafx.fxml.jar;C:\Users\janko\Desktop\openjfx-20.0.1_windows-x64_bin-sdk\javafx-sdk-20.0.1\lib\javafx.graphics.jar;C:\Users\janko\Desktop\openjfx-20.0.1_windows-x64_bin-sdk\javafx-sdk-20.0.1\lib\javafx.media.jar;C:\Users\janko\Desktop\openjfx-20.0.1_windows-x64_bin-sdk\javafx-sdk-20.0.1\lib\javafx.swing.jar;C:\Users\janko\Desktop\openjfx-20.0.1_windows-x64_bin-sdk\javafx-sdk-20.0.1\lib\javafx.web.jar;C:\Users\janko\Desktop\openjfx-20.0.1_windows-x64_bin-sdk\javafx-sdk-20.0.1\lib\javafx-swt.jar
Launcher Type: SUN_STANDARD

[Global flags]
     intx CICompilerCount                          = 4                                         {product} {ergonomic}
     uint ConcGCThreads                            = 2                                         {product} {ergonomic}
     uint G1ConcRefinementThreads                  = 8                                         {product} {ergonomic}
   size_t G1HeapRegionSize                         = 2097152                                   {product} {ergonomic}
    uintx GCDrainStackTargetSize                   = 64                                        {product} {ergonomic}
   size_t InitialHeapSize                          = 266338304                                 {product} {ergonomic}
   size_t MarkStackSize                            = 4194304                                   {product} {ergonomic}
   size_t MaxHeapSize                              = 4255121408                                {product} {ergonomic}
   size_t MaxNewSize                               = 2552233984                                {product} {ergonomic}
   size_t MinHeapDeltaBytes                        = 2097152                                   {product} {ergonomic}
   size_t MinHeapSize                              = 8388608                                   {product} {ergonomic}
    uintx NonNMethodCodeHeapSize                   = 5839372                                {pd product} {ergonomic}
    uintx NonProfiledCodeHeapSize                  = 122909434                              {pd product} {ergonomic}
    uintx ProfiledCodeHeapSize                     = 122909434                              {pd product} {ergonomic}
    uintx ReservedCodeCacheSize                    = 251658240                              {pd product} {ergonomic}
     bool SegmentedCodeCache                       = true                                      {product} {ergonomic}
     bool ShowCodeDetailsInExceptionMessages       = true                                   {manageable} {command line}
   size_t SoftMaxHeapSize                          = 4255121408                             {manageable} {ergonomic}
     bool UseCompressedClassPointers               = true                           {product lp64_product} {ergonomic}
     bool UseCompressedOops                        = true                           {product lp64_product} {ergonomic}
     bool UseG1GC                                  = true                                      {product} {ergonomic}
     bool UseLargePagesIndividualAllocation        = false                                  {pd product} {ergonomic}

Logging:
Log output configuration:
 #0: stdout all=warning uptime,level,tags
 #1: stderr all=off uptime,level,tags

Environment Variables:
PATH=C:/Users/janko/.p2/pool/plugins/org.eclipse.justj.openjdk.hotspot.jre.full.win32.x86_64_17.0.6.v20230125-1136/jre/bin/server;C:/Users/janko/.p2/pool/plugins/org.eclipse.justj.openjdk.hotspot.jre.full.win32.x86_64_17.0.6.v20230125-1136/jre/bin;C:\Program Files (x86)\VMware\VMware Player\bin\;C:\Program Files (x86)\Embarcadero\Studio\20.0\bin;C:\Users\Public\Documents\Embarcadero\Studio\20.0\Bpl;C:\Program Files (x86)\Embarcadero\Studio\20.0\bin64;C:\Users\Public\Documents\Embarcadero\Studio\20.0\Bpl\Win64;C:\Program Files (x86)\Common Files\Oracle\Java\javapath;C:\Program Files (x86)\Intel\Intel(R) Management Engine Components\iCLS\;C:\Program Files\Intel\Intel(R) Management Engine Components\iCLS\;C:\Windows\system32;C:\Windows;C:\Windows\System32\Wbem;C:\Windows\System32\WindowsPowerShell\v1.0\;C:\Program Files (x86)\Intel\Intel(R) Management Engine Components\DAL;C:\Program Files\Intel\Intel(R) Management Engine Components\DAL;C:\Program Files (x86)\Intel\Intel(R) Management Engine Components\IPT;C:\Program Files\Intel\Intel(R) Management Engine Components\IPT;C:\Program Files (x86)\NVIDIA Corporation\PhysX\Common;C:\WINDOWS\system32;C:\WINDOWS;C:\WINDOWS\System32\Wbem;C:\WINDOWS\System32\WindowsPowerShell\v1.0\;C:\WINDOWS\System32\OpenSSH\;C:\Program Files\TortoiseSVN\bin;C:\Program Files\nodejs\;C:\Program Files\Intel\WiFi\bin\;C:\Program Files\Common Files\Intel\WirelessCommon\;C:\Program Files (x86)\Microsoft SQL Server\150\DTS\Binn\;C:\Program Files\Microsoft SQL Server\Client SDK\ODBC\170\Tools\Binn\;C:\Program Files (x86)\Microsoft SQL Server\150\Tools\Binn\;C:\Program Files\Microsoft SQL Server\150\Tools\Binn\;C:\Program Files\Microsoft SQL Server\150\DTS\Binn\;C:\Program Files\Microsoft SQL Server\130\Tools\Binn\;C:\Program Files\dotnet\;C:\Program Files\TortoiseGit\bin;C:\Program Files\Git\cmd;C:\msys64\mingw64\bin;C:\WINDOWS\system32;C:\WINDOWS;C:\WINDOWS\System32\Wbem;C:\WINDOWS\System32\WindowsPowerShell\v1.0\;C:\WINDOWS\System32\OpenSSH\;C:\Users\j
USERNAME=janko
OS=Windows_NT
PROCESSOR_IDENTIFIER=Intel64 Family 6 Model 142 Stepping 10, GenuineIntel
TMP=C:\Users\janko\AppData\Local\Temp
TEMP=C:\Users\janko\AppData\Local\Temp



---------------  S Y S T E M  ---------------

OS:
 Windows 11 , 64 bit Build 22621 (10.0.22621.1928)
OS uptime: 4 days 19:37 hours

CPU: total 8 (initial active 8) (4 cores per cpu, 2 threads per core) family 6 model 142 stepping 10 microcode 0xe0, cx8, cmov, fxsr, ht, mmx, 3dnowpref, sse, sse2, sse3, ssse3, sse4.1, sse4.2, popcnt, lzcnt, tsc, tscinvbit, avx, avx2, aes, erms, clmul, bmi1, bmi2, adx, fma, vzeroupper, clflush, clflushopt

Memory: 4k page, system-wide physical 16226M (8353M free)
TotalPageFile size 17250M (AvailPageFile size 6316M)
current process WorkingSet (physical memory assigned to process): 222M, peak: 254M
current process commit charge ("private bytes"): 282M, peak: 464M

vm_info: OpenJDK 64-Bit Server VM (17.0.6+10) for windows-amd64 JRE (17.0.6+10), built on Jan 18 2023 10:08:59 by "temurin" with MS VC++ 16.7 (VS2019)

END.
