#
# A fatal error has been detected by the Java Runtime Environment:
#
#  EXCEPTION_UNCAUGHT_CXX_EXCEPTION (0xe06d7363) at pc=0x00007ff82ffc4b2c, pid=1444, tid=16400
#
# JRE version: OpenJDK Runtime Environment Temurin-17.0.6+10 (17.0.6+10) (build 17.0.6+10)
# Java VM: OpenJDK 64-Bit Server VM Temurin-17.0.6+10 (17.0.6+10, mixed mode, tiered, compressed oops, compressed class ptrs, g1 gc, windows-amd64)
# Problematic frame:
# C  [KERNELBASE.dll+0x64b2c]
#
# No core dump will be written. Minidumps are not enabled by default on client versions of Windows
#
# If you would like to submit a bug report, please visit:
#   https://github.com/adoptium/adoptium-support/issues
# The crash happened outside the Java Virtual Machine in native code.
# See problematic frame for where to report the bug.
#

---------------  S U M M A R Y ------------

Command Line: --module-path=C:\Users\janko\Desktop\openjfx-20.0.1_windows-x64_bin-sdk\javafx-sdk-20.0.1\lib --add-modules=javafx.controls,javafx.fxml -Djava.library.path=C:\Users\janko\git\poop_projekat_java\POOP_domaci2_jni\x64\Debug -Dfile.encoding=UTF-8 -XX:+ShowCodeDetailsInExceptionMessages application.Main

Host: Intel(R) Core(TM) i7-8550U CPU @ 1.80GHz, 8 cores, 15G,  Windows 11 , 64 bit Build 22621 (10.0.22621.1928)
Time: Mon Jul 24 20:46:12 2023 Central Europe Daylight Time elapsed time: 167.002044 seconds (0d 0h 2m 47s)

---------------  T H R E A D  ---------------

Current thread (0x0000019a29350bb0):  JavaThread "JavaFX Application Thread" [_thread_in_native, id=16400, stack(0x00000016b0000000,0x00000016b0100000)]

Stack: [0x00000016b0000000,0x00000016b0100000],  sp=0x00000016b00fbb30,  free space=1006k
Native frames: (J=compiled Java code, j=interpreted, Vv=VM code, C=native code)
C  [KERNELBASE.dll+0x64b2c]
C  [VCRUNTIME140D.dll+0xb460]

Java frames: (J=compiled Java code, j=interpreted, Vv=VM code)
j  application.Table.resolveTableFormulas(Ljava/lang/String;)Ljava/lang/String;+0
j  application.Table.setCell(IILapplication/Cell;)V+85
j  application.GUI.lambda$12(IILjavafx/scene/control/TextField;IILjavafx/scene/layout/GridPane;Ljavafx/beans/value/ObservableValue;Ljava/lang/Boolean;Ljava/lang/Boolean;)V+62
j  application.GUI$$Lambda$613+0x000000080032fbe8.changed(Ljavafx/beans/value/ObservableValue;Ljava/lang/Object;Ljava/lang/Object;)V+33
J 4433 c1 com.sun.javafx.binding.ExpressionHelper$Generic.fireValueChangedEvent()V javafx.base@20.0.1 (218 bytes) @ 0x0000019a0cca7934 [0x0000019a0cca7280+0x00000000000006b4]
J 4043 c1 javafx.scene.Node$FocusPropertyBase.notifyListeners()Z javafx.graphics@20.0.1 (77 bytes) @ 0x0000019a0cbfa8a4 [0x0000019a0cbf9ea0+0x0000000000000a04]
j  javafx.scene.Node$17.notifyListeners()Z+1 javafx.graphics@20.0.1
j  javafx.scene.Node.notifyFocusListeners()V+4 javafx.graphics@20.0.1
j  javafx.scene.Scene$FocusOwnerProperty.invalidated()V+92 javafx.graphics@20.0.1
J 3980 c2 javafx.beans.property.ObjectPropertyBase.set(Ljava/lang/Object;)V javafx.base@20.0.1 (76 bytes) @ 0x0000019a14073a70 [0x0000019a140739a0+0x00000000000000d0]
j  javafx.scene.Scene.setFocusOwner(Ljavafx/scene/Node;Z)V+67 javafx.graphics@20.0.1
j  javafx.scene.Scene.requestFocus(Ljavafx/scene/Node;Z)V+23 javafx.graphics@20.0.1
j  javafx.scene.Node.requestFocus()V+13 javafx.graphics@20.0.1
j  application.GUI.lambda$11(Ljavafx/scene/input/KeyEvent;)V+22
j  application.GUI$$Lambda$612+0x000000080032f9d0.handle(Ljavafx/event/Event;)V+4
j  com.sun.javafx.event.CompositeEventHandler.dispatchBubblingEvent(Ljavafx/event/Event;)V+51 javafx.base@20.0.1
J 4449 c2 com.sun.javafx.event.EventHandlerManager.dispatchBubblingEvent(Ljavafx/event/Event;)Ljavafx/event/Event; javafx.base@20.0.1 (23 bytes) @ 0x0000019a1412cc8c [0x0000019a1412ca40+0x000000000000024c]
J 3089 c1 com.sun.javafx.event.CompositeEventDispatcher.dispatchBubblingEvent(Ljavafx/event/Event;)Ljavafx/event/Event; javafx.base@20.0.1 (35 bytes) @ 0x0000019a0c940aa4 [0x0000019a0c9408e0+0x00000000000001c4]
J 4450 c2 com.sun.javafx.event.BasicEventDispatcher.dispatchEvent(Ljavafx/event/Event;Ljavafx/event/EventDispatchChain;)Ljavafx/event/Event; javafx.base@20.0.1 (44 bytes) @ 0x0000019a1412e2e4 [0x0000019a1412e1a0+0x0000000000000144]
J 4450 c2 com.sun.javafx.event.BasicEventDispatcher.dispatchEvent(Ljavafx/event/Event;Ljavafx/event/EventDispatchChain;)Ljavafx/event/Event; javafx.base@20.0.1 (44 bytes) @ 0x0000019a1412e2a0 [0x0000019a1412e1a0+0x0000000000000100]
J 4450 c2 com.sun.javafx.event.BasicEventDispatcher.dispatchEvent(Ljavafx/event/Event;Ljavafx/event/EventDispatchChain;)Ljavafx/event/Event; javafx.base@20.0.1 (44 bytes) @ 0x0000019a1412e2a0 [0x0000019a1412e1a0+0x0000000000000100]
J 4450 c2 com.sun.javafx.event.BasicEventDispatcher.dispatchEvent(Ljavafx/event/Event;Ljavafx/event/EventDispatchChain;)Ljavafx/event/Event; javafx.base@20.0.1 (44 bytes) @ 0x0000019a1412e2a0 [0x0000019a1412e1a0+0x0000000000000100]
J 4450 c2 com.sun.javafx.event.BasicEventDispatcher.dispatchEvent(Ljavafx/event/Event;Ljavafx/event/EventDispatchChain;)Ljavafx/event/Event; javafx.base@20.0.1 (44 bytes) @ 0x0000019a1412e2a0 [0x0000019a1412e1a0+0x0000000000000100]
J 4322 c2 com.sun.javafx.event.EventDispatchChainImpl.dispatchEvent(Ljavafx/event/Event;)Ljavafx/event/Event; javafx.base@20.0.1 (101 bytes) @ 0x0000019a14119adc [0x0000019a14119a20+0x00000000000000bc]
J 3473 c1 com.sun.javafx.event.EventUtil.fireEvent(Ljavafx/event/EventTarget;Ljavafx/event/Event;)Ljavafx/event/Event; javafx.base@20.0.1 (81 bytes) @ 0x0000019a0ca21d54 [0x0000019a0ca21420+0x0000000000000934]
J 3472 c1 javafx.event.Event.fireEvent(Ljavafx/event/EventTarget;Ljavafx/event/Event;)V javafx.base@20.0.1 (35 bytes) @ 0x0000019a0ca20da4 [0x0000019a0ca20ce0+0x00000000000000c4]
j  javafx.scene.Scene.processKeyEvent(Ljavafx/scene/input/KeyEvent;)V+48 javafx.graphics@20.0.1
j  javafx.scene.Scene$ScenePeerListener.keyEvent(Ljavafx/scene/input/KeyEvent;)V+5 javafx.graphics@20.0.1
j  com.sun.javafx.tk.quantum.GlassViewEventHandler$KeyEventNotification.run()Ljava/lang/Void;+357 javafx.graphics@20.0.1
j  com.sun.javafx.tk.quantum.GlassViewEventHandler$KeyEventNotification.run()Ljava/lang/Object;+1 javafx.graphics@20.0.1
J 2991 c1 java.security.AccessController.doPrivileged(Ljava/security/PrivilegedAction;Ljava/security/AccessControlContext;)Ljava/lang/Object; java.base@17.0.6 (17 bytes) @ 0x0000019a0c90e0dc [0x0000019a0c90df00+0x00000000000001dc]
j  com.sun.javafx.tk.quantum.GlassViewEventHandler.lambda$handleKeyEvent$1()Ljava/lang/Void;+11 javafx.graphics@20.0.1
j  com.sun.javafx.tk.quantum.GlassViewEventHandler$$Lambda$611+0x000000080032f5b0.get()Ljava/lang/Object;+4 javafx.graphics@20.0.1
J 3724 c1 com.sun.javafx.tk.quantum.QuantumToolkit.runWithoutRenderLock(Ljava/util/function/Supplier;)Ljava/lang/Object; javafx.graphics@20.0.1 (49 bytes) @ 0x0000019a0cad6664 [0x0000019a0cad6160+0x0000000000000504]
j  com.sun.javafx.tk.quantum.GlassViewEventHandler.handleKeyEvent(Lcom/sun/glass/ui/View;JII[CI)V+58 javafx.graphics@20.0.1
j  com.sun.glass.ui.View.handleKeyEvent(JII[CI)V+20 javafx.graphics@20.0.1
j  com.sun.glass.ui.View.notifyKey(II[CI)V+9 javafx.graphics@20.0.1
v  ~StubRoutines::call_stub
j  com.sun.glass.ui.win.WinApplication._runLoop(Ljava/lang/Runnable;)V+0 javafx.graphics@20.0.1
j  com.sun.glass.ui.win.WinApplication.lambda$runLoop$3(ILjava/lang/Runnable;)V+8 javafx.graphics@20.0.1
j  com.sun.glass.ui.win.WinApplication$$Lambda$85+0x00000008000ec438.run()V+12 javafx.graphics@20.0.1
j  java.lang.Thread.run()V+11 java.base@17.0.6
v  ~StubRoutines::call_stub

siginfo: EXCEPTION_UNCAUGHT_CXX_EXCEPTION (0xe06d7363), ExceptionInformation=0x0000000019930520 0x00000016b00fbcc0 0x00007fffdb8b2aa8 0x00007fffdb800000 


Register to memory mapping:

RIP=0x00007ff82ffc4b2c KERNELBASE.dll
RAX=0x0000019a299065a8 points into unknown readable memory: 0x00640070002e006c | 6c 00 2e 00 70 00 64 00
RBX={method} {0x0000019a2a89e880} 'resolveTableFormulas' '(Ljava/lang/String;)Ljava/lang/String;' in 'application/Table'
RCX=0x0000019a071a02c0 points into unknown readable memory: 0x0108000900070008 | 08 00 07 00 09 00 08 01
RDX=0x00007fffdbd3cff8 POOP_domaci2_jni.dll
RSP=0x00000016b00fbb30 is pointing into the stack for thread: 0x0000019a29350bb0
RBP=0x00000016b00fbd20 is pointing into the stack for thread: 0x0000019a29350bb0
RSI=0x00000016b00fc578 is pointing into the stack for thread: 0x0000019a29350bb0
RDI=0x00000016b00fbda8 is pointing into the stack for thread: 0x0000019a29350bb0
R8 =0x00007fffdbd3b658 POOP_domaci2_jni.dll
R9 =0x0000019a299065a0 points into unknown readable memory: 0x006c00640074006e | 6e 00 74 00 64 00 6c 00
R10=0x00007fffdbd18ceb POOP_domaci2_jni.dll
R11=0x00007fffdbd72017 POOP_domaci2_jni.dll
R12=0x0 is NULL
R13={method} {0x0000019a2a89e880} 'resolveTableFormulas' '(Ljava/lang/String;)Ljava/lang/String;' in 'application/Table'
R14=0x00000016b00fd910 is pointing into the stack for thread: 0x0000019a29350bb0
R15=0x0000019a29350bb0 is a thread


Registers:
RAX=0x0000019a299065a8, RBX=0x0000019a2a89e878, RCX=0x0000019a071a02c0, RDX=0x00007fffdbd3cff8
RSP=0x00000016b00fbb30, RBP=0x00000016b00fbd20, RSI=0x00000016b00fc578, RDI=0x00000016b00fbda8
R8 =0x00007fffdbd3b658, R9 =0x0000019a299065a0, R10=0x00007fffdbd18ceb, R11=0x00007fffdbd72017
R12=0x0000000000000000, R13=0x0000019a2a89e878, R14=0x00000016b00fd910, R15=0x0000019a29350bb0
RIP=0x00007ff82ffc4b2c, EFLAGS=0x0000000000000206

Top of Stack: (sp=0x00000016b00fbb30)
0x00000016b00fbb30:   00000016b00fbb50 0000019a2a89e878
0x00000016b00fbb40:   00000016b00fc578 0000019a00000001
0x00000016b00fbb50:   00000081e06d7363 0000000000000000
0x00000016b00fbb60:   00007ff82ffc4b2c 00007ff800000004
0x00000016b00fbb70:   0000000019930520 00000016b00fbcc0
0x00000016b00fbb80:   00007fffdb8b2aa8 00007fffdb800000
0x00000016b00fbb90:   00007f0000000000 00007ff80611ab77
0x00000016b00fbba0:   0000000000000000 00007fffdb8b2aa8
0x00000016b00fbbb0:   00000016b00fd910 00007ff8326265cf
0x00000016b00fbbc0:   00000016b00fbc40 00007fffdb8d6000
0x00000016b00fbbd0:   00000016b00fc578 00000016b00fbda8
0x00000016b00fbbe0:   00007fffdb8d6000 00007fffdb800000
0x00000016b00fbbf0:   0000b1328143d0cc 00007fffdb8083f8
0x00000016b00fbc00:   0000019a2a89e878 00007ff80611b460
0x00000016b00fbc10:   00000016b00fbda8 00007fffd55a9856
0x00000016b00fbc20:   00007fffdbd50f28 00000016b00fbc01 

Instructions: (pc=0x00007ff82ffc4b2c)
0x00007ff82ffc4a2c:   ff 4c 8d 05 1c 47 2c 00 33 d2 b9 00 00 10 00 e8
0x00007ff82ffc4a3c:   90 98 fd ff 4c 8b f0 48 89 44 24 58 48 85 c0 0f
0x00007ff82ffc4a4c:   84 0b fe ff ff 4c 8d 05 10 47 2c 00 33 d2 8d 4a
0x00007ff82ffc4a5c:   02 e8 6e 98 fd ff 48 8b f8 48 89 44 24 50 e9 ed
0x00007ff82ffc4a6c:   fd ff ff 45 33 c0 49 8b d7 48 83 c9 ff e8 a2 64
0x00007ff82ffc4a7c:   01 00 e9 08 ff ff ff 48 8b 0d 46 21 2f 00 e8 b1
0x00007ff82ffc4a8c:   16 fd ff 48 8b cf e8 69 f0 fb ff e9 f8 fe ff ff
0x00007ff82ffc4a9c:   49 8b ce e8 5c f0 fb ff e9 f4 fe ff ff 48 8b ce
0x00007ff82ffc4aac:   e8 4f f0 fb ff e9 f0 fe ff ff cc cc 71 18 d3 7a
0x00007ff82ffc4abc:   1a 87 89 f9 48 81 ec d8 00 00 00 48 8b 05 b2 f4
0x00007ff82ffc4acc:   2e 00 48 33 c4 48 89 84 24 c0 00 00 00 48 83 64
0x00007ff82ffc4adc:   24 28 00 48 8d 05 da ff ff ff 83 e2 01 89 4c 24
0x00007ff82ffc4aec:   20 89 54 24 24 48 89 44 24 30 4d 85 c9 74 4f b8
0x00007ff82ffc4afc:   0f 00 00 00 48 8d 4c 24 40 44 3b c0 49 8b d1 41
0x00007ff82ffc4b0c:   0f 46 c0 44 8b c0 44 89 44 24 38 49 c1 e0 03 e8
0x00007ff82ffc4b1c:   b7 de 05 00 48 8d 4c 24 20 48 ff 15 84 a4 1f 00
0x00007ff82ffc4b2c:   0f 1f 44 00 00 48 8b 8c 24 c0 00 00 00 48 33 cc
0x00007ff82ffc4b3c:   e8 1f 26 05 00 48 81 c4 d8 00 00 00 c3 cc 83 64
0x00007ff82ffc4b4c:   24 38 00 eb cf cc cc cc cc cc cc cc 48 8b c4 48
0x00007ff82ffc4b5c:   89 58 08 48 89 70 10 48 89 78 18 4c 89 68 20 55
0x00007ff82ffc4b6c:   41 56 41 57 48 8d 68 a1 48 81 ec e0 00 00 00 48
0x00007ff82ffc4b7c:   8b 05 fe f3 2e 00 48 33 c4 48 89 45 3f 45 33 ff
0x00007ff82ffc4b8c:   66 c7 45 2b 00 05 48 8d 45 c7 44 89 7d 27 48 89
0x00007ff82ffc4b9c:   44 24 50 48 8d 4d 27 44 89 7c 24 48 45 33 c9 44
0x00007ff82ffc4bac:   89 7c 24 40 45 8d 47 12 44 89 7c 24 38 b2 01 44
0x00007ff82ffc4bbc:   89 7c 24 30 41 8b df 44 89 7c 24 28 41 8b ff 44
0x00007ff82ffc4bcc:   89 7c 24 20 45 8b f7 44 89 7d 2f 66 c7 45 33 00
0x00007ff82ffc4bdc:   01 44 89 7d 37 66 c7 45 3b 00 10 4c 89 7d c7 4c
0x00007ff82ffc4bec:   89 7d cf 4c 89 7d d7 4c 89 7d df 48 ff 15 d2 a4
0x00007ff82ffc4bfc:   1f 00 0f 1f 44 00 00 85 c0 0f 88 a7 02 00 00 48
0x00007ff82ffc4c0c:   8d 45 cf 41 b9 20 02 00 00 48 89 44 24 50 45 8d
0x00007ff82ffc4c1c:   6f 02 44 89 7c 24 48 45 8d 47 20 44 89 7c 24 40 


Stack slot to memory mapping:
stack at sp + 0 slots: 0x00000016b00fbb50 is pointing into the stack for thread: 0x0000019a29350bb0
stack at sp + 1 slots: {method} {0x0000019a2a89e880} 'resolveTableFormulas' '(Ljava/lang/String;)Ljava/lang/String;' in 'application/Table'
stack at sp + 2 slots: 0x00000016b00fc578 is pointing into the stack for thread: 0x0000019a29350bb0
stack at sp + 3 slots: 0x0000019a00000001 is an unknown value
stack at sp + 4 slots: 0x00000081e06d7363 is an unknown value
stack at sp + 5 slots: 0x0 is NULL
stack at sp + 6 slots: 0x00007ff82ffc4b2c KERNELBASE.dll
stack at sp + 7 slots: 0x00007ff800000004 is an unknown value


---------------  P R O C E S S  ---------------

Threads class SMR info:
_java_thread_list=0x0000019a297182c0, length=19, elements={
0x0000019a074ccf50, 0x0000019a2885ca60, 0x0000019a2885d420, 0x0000019a2887e2a0,
0x0000019a288b6010, 0x0000019a288b68d0, 0x0000019a288b7190, 0x0000019a288c52a0,
0x0000019a288c5ba0, 0x0000019a288d6c60, 0x0000019a289bca90, 0x0000019a2905cab0,
0x0000019a2934e530, 0x0000019a2934fd40, 0x0000019a29350bb0, 0x0000019a29351ef0,
0x0000019a29351080, 0x0000019a2934ea00, 0x0000019a2934eed0
}

Java Threads: ( => current thread )
  0x0000019a074ccf50 JavaThread "main" [_thread_blocked, id=17772, stack(0x00000016aeb00000,0x00000016aec00000)]
  0x0000019a2885ca60 JavaThread "Reference Handler" daemon [_thread_blocked, id=18756, stack(0x00000016af200000,0x00000016af300000)]
  0x0000019a2885d420 JavaThread "Finalizer" daemon [_thread_blocked, id=15788, stack(0x00000016af300000,0x00000016af400000)]
  0x0000019a2887e2a0 JavaThread "Signal Dispatcher" daemon [_thread_blocked, id=11428, stack(0x00000016af400000,0x00000016af500000)]
  0x0000019a288b6010 JavaThread "Attach Listener" daemon [_thread_blocked, id=12588, stack(0x00000016af500000,0x00000016af600000)]
  0x0000019a288b68d0 JavaThread "Service Thread" daemon [_thread_blocked, id=13352, stack(0x00000016af600000,0x00000016af700000)]
  0x0000019a288b7190 JavaThread "Monitor Deflation Thread" daemon [_thread_blocked, id=3580, stack(0x00000016af700000,0x00000016af800000)]
  0x0000019a288c52a0 JavaThread "C2 CompilerThread0" daemon [_thread_blocked, id=5432, stack(0x00000016af800000,0x00000016af900000)]
  0x0000019a288c5ba0 JavaThread "C1 CompilerThread0" daemon [_thread_blocked, id=4596, stack(0x00000016af900000,0x00000016afa00000)]
  0x0000019a288d6c60 JavaThread "Sweeper thread" daemon [_thread_blocked, id=6524, stack(0x00000016afa00000,0x00000016afb00000)]
  0x0000019a289bca90 JavaThread "Common-Cleaner" daemon [_thread_blocked, id=9720, stack(0x00000016afb00000,0x00000016afc00000)]
  0x0000019a2905cab0 JavaThread "Notification Thread" daemon [_thread_blocked, id=13060, stack(0x00000016afe00000,0x00000016aff00000)]
  0x0000019a2934e530 JavaThread "QuantumRenderer-0" daemon [_thread_blocked, id=14708, stack(0x00000016afc00000,0x00000016afd00000)]
  0x0000019a2934fd40 JavaThread "InvokeLaterDispatcher" daemon [_thread_blocked, id=4400, stack(0x00000016afd00000,0x00000016afe00000)]
=>0x0000019a29350bb0 JavaThread "JavaFX Application Thread" [_thread_in_native, id=16400, stack(0x00000016b0000000,0x00000016b0100000)]
  0x0000019a29351ef0 JavaThread "JavaFX-Launcher" [_thread_blocked, id=2620, stack(0x00000016b0500000,0x00000016b0600000)]
  0x0000019a29351080 JavaThread "Thread-2" daemon [_thread_in_native, id=7480, stack(0x00000016b0400000,0x00000016b0500000)]
  0x0000019a2934ea00 JavaThread "Prism Font Disposer" daemon [_thread_blocked, id=4932, stack(0x00000016b1000000,0x00000016b1100000)]
  0x0000019a2934eed0 JavaThread "Cleaner-0" daemon [_thread_blocked, id=16708, stack(0x00000016b0f00000,0x00000016b1000000)]

Other Threads:
  0x0000019a28858510 VMThread "VM Thread" [stack: 0x00000016af100000,0x00000016af200000] [id=6528]
  0x0000019a07554650 WatcherThread [stack: 0x00000016aff00000,0x00000016b0000000] [id=2936]
  0x0000019a0753aad0 GCTaskThread "GC Thread#0" [stack: 0x00000016aec00000,0x00000016aed00000] [id=15568]
  0x0000019a2966a510 GCTaskThread "GC Thread#1" [stack: 0x00000016b0600000,0x00000016b0700000] [id=9796]
  0x0000019a29659850 GCTaskThread "GC Thread#2" [stack: 0x00000016b0700000,0x00000016b0800000] [id=19984]
  0x0000019a29659b00 GCTaskThread "GC Thread#3" [stack: 0x00000016b0800000,0x00000016b0900000] [id=12360]
  0x0000019a29659db0 GCTaskThread "GC Thread#4" [stack: 0x00000016b0900000,0x00000016b0a00000] [id=19260]
  0x0000019a2965a060 GCTaskThread "GC Thread#5" [stack: 0x00000016b0a00000,0x00000016b0b00000] [id=11392]
  0x0000019a30dd9180 GCTaskThread "GC Thread#6" [stack: 0x00000016b1100000,0x00000016b1200000] [id=20852]
  0x0000019a30d66a00 GCTaskThread "GC Thread#7" [stack: 0x00000016b1200000,0x00000016b1300000] [id=13904]
  0x0000019a0754c0a0 ConcurrentGCThread "G1 Main Marker" [stack: 0x00000016aed00000,0x00000016aee00000] [id=7400]
  0x0000019a0754cab0 ConcurrentGCThread "G1 Conc#0" [stack: 0x00000016aee00000,0x00000016aef00000] [id=17300]
  0x0000019a3135c960 ConcurrentGCThread "G1 Conc#1" [stack: 0x00000016b1900000,0x00000016b1a00000] [id=19444]
  0x0000019a27805ff0 ConcurrentGCThread "G1 Refine#0" [stack: 0x00000016aef00000,0x00000016af000000] [id=3684]
  0x0000019a29f31d70 ConcurrentGCThread "G1 Refine#1" [stack: 0x00000016b1300000,0x00000016b1400000] [id=21488]
  0x0000019a31068e10 ConcurrentGCThread "G1 Refine#2" [stack: 0x00000016b1400000,0x00000016b1500000] [id=17584]
  0x0000019a29884280 ConcurrentGCThread "G1 Refine#3" [stack: 0x00000016b1500000,0x00000016b1600000] [id=19716]
  0x0000019a29884560 ConcurrentGCThread "G1 Refine#4" [stack: 0x00000016b1600000,0x00000016b1700000] [id=20872]
  0x0000019a31fa6c90 ConcurrentGCThread "G1 Refine#5" [stack: 0x00000016b1700000,0x00000016b1800000] [id=21148]
  0x0000019a31fa6f70 ConcurrentGCThread "G1 Refine#6" [stack: 0x00000016b1800000,0x00000016b1900000] [id=2724]
  0x0000019a278077d0 ConcurrentGCThread "G1 Service" [stack: 0x00000016af000000,0x00000016af100000] [id=20580]

Threads with active compile tasks:

VM state: not at safepoint (normal execution)

VM Mutex/Monitor currently owned by a thread: None

Heap address: 0x0000000702600000, size: 4058 MB, Compressed Oops mode: Zero based, Oop shift amount: 3

CDS archive(s) not mapped
Compressed class space mapped at: 0x0000000800000000-0x0000000840000000, reserved size: 1073741824
Narrow klass base: 0x0000000800000000, Narrow klass shift: 0, Narrow klass range: 0x40000000

GC Precious Log:
 CPUs: 8 total, 8 available
 Memory: 16226M
 Large Page Support: Disabled
 NUMA Support: Disabled
 Compressed Oops: Enabled (Zero based)
 Heap Region Size: 2M
 Heap Min Capacity: 8M
 Heap Initial Capacity: 254M
 Heap Max Capacity: 4058M
 Pre-touch: Disabled
 Parallel Workers: 8
 Concurrent Workers: 2
 Concurrent Refinement Workers: 8
 Periodic GC: Disabled

Heap:
 garbage-first heap   total 55296K, used 17034K [0x0000000702600000, 0x0000000800000000)
  region size 2048K, 3 young (6144K), 2 survivors (4096K)
 Metaspace       used 23578K, committed 23808K, reserved 1073152K
  class space    used 3095K, committed 3200K, reserved 1048576K

Heap Regions: E=young(eden), S=young(survivor), O=old, HS=humongous(starts), HC=humongous(continues), CS=collection set, F=free, OA=open archive, CA=closed archive, TAMS=top-at-mark-start (previous, next)
|   0|0x0000000702600000, 0x0000000702800000, 0x0000000702800000|100%| O|  |TAMS 0x0000000702800000, 0x0000000702600000| Untracked 
|   1|0x0000000702800000, 0x0000000702a00000, 0x0000000702a00000|100%| O|  |TAMS 0x0000000702a00000, 0x0000000702800000| Untracked 
|   2|0x0000000702a00000, 0x0000000702c00000, 0x0000000702c00000|100%| O|  |TAMS 0x0000000702c00000, 0x0000000702a00000| Untracked 
|   3|0x0000000702c00000, 0x0000000702e00000, 0x0000000702e00000|100%| O|  |TAMS 0x0000000702e00000, 0x0000000702c00000| Untracked 
|   4|0x0000000702e00000, 0x0000000702f5f200, 0x0000000703000000| 68%| O|  |TAMS 0x0000000702f5f200, 0x0000000702e00000| Complete 
|   5|0x0000000703000000, 0x0000000703000000, 0x0000000703200000|  0%| F|  |TAMS 0x0000000703000000, 0x0000000703000000| Untracked 
|   6|0x0000000703200000, 0x0000000703200000, 0x0000000703400000|  0%| F|  |TAMS 0x0000000703200000, 0x0000000703200000| Untracked 
|   7|0x0000000703400000, 0x0000000703600000, 0x0000000703600000|100%|HS|  |TAMS 0x0000000703400000, 0x0000000703400000| Complete 
|   8|0x0000000703600000, 0x0000000703800000, 0x0000000703800000|100%|HS|  |TAMS 0x0000000703600000, 0x0000000703600000| Complete 
|   9|0x0000000703800000, 0x0000000703800000, 0x0000000703a00000|  0%| F|  |TAMS 0x0000000703800000, 0x0000000703800000| Untracked 
|  10|0x0000000703a00000, 0x0000000703a00000, 0x0000000703c00000|  0%| F|  |TAMS 0x0000000703a00000, 0x0000000703a00000| Untracked 
|  11|0x0000000703c00000, 0x0000000703d43940, 0x0000000703e00000| 63%| S|CS|TAMS 0x0000000703c00000, 0x0000000703c00000| Complete 
|  12|0x0000000703e00000, 0x0000000704000000, 0x0000000704000000|100%| S|CS|TAMS 0x0000000703e00000, 0x0000000703e00000| Complete 
|  13|0x0000000704000000, 0x0000000704000000, 0x0000000704200000|  0%| F|  |TAMS 0x0000000704000000, 0x0000000704000000| Untracked 
|  14|0x0000000704200000, 0x0000000704200000, 0x0000000704400000|  0%| F|  |TAMS 0x0000000704200000, 0x0000000704200000| Untracked 
|  15|0x0000000704400000, 0x0000000704400000, 0x0000000704600000|  0%| F|  |TAMS 0x0000000704400000, 0x0000000704400000| Untracked 
|  16|0x0000000704600000, 0x0000000704600000, 0x0000000704800000|  0%| F|  |TAMS 0x0000000704600000, 0x0000000704600000| Untracked 
|  17|0x0000000704800000, 0x0000000704800000, 0x0000000704a00000|  0%| F|  |TAMS 0x0000000704800000, 0x0000000704800000| Untracked 
|  18|0x0000000704a00000, 0x0000000704a00000, 0x0000000704c00000|  0%| F|  |TAMS 0x0000000704a00000, 0x0000000704a00000| Untracked 
|  19|0x0000000704c00000, 0x0000000704c00000, 0x0000000704e00000|  0%| F|  |TAMS 0x0000000704c00000, 0x0000000704c00000| Untracked 
|  20|0x0000000704e00000, 0x0000000704e00000, 0x0000000705000000|  0%| F|  |TAMS 0x0000000704e00000, 0x0000000704e00000| Untracked 
|  21|0x0000000705000000, 0x0000000705000000, 0x0000000705200000|  0%| F|  |TAMS 0x0000000705000000, 0x0000000705000000| Untracked 
|  22|0x0000000705200000, 0x0000000705200000, 0x0000000705400000|  0%| F|  |TAMS 0x0000000705200000, 0x0000000705200000| Untracked 
|  23|0x0000000705400000, 0x0000000705400000, 0x0000000705600000|  0%| F|  |TAMS 0x0000000705400000, 0x0000000705400000| Untracked 
| 123|0x0000000711c00000, 0x0000000711c00000, 0x0000000711e00000|  0%| F|  |TAMS 0x0000000711c00000, 0x0000000711c00000| Untracked 
| 124|0x0000000711e00000, 0x0000000711e00000, 0x0000000712000000|  0%| F|  |TAMS 0x0000000711e00000, 0x0000000711e00000| Untracked 
| 126|0x0000000712200000, 0x00000007122bca70, 0x0000000712400000| 36%| E|  |TAMS 0x0000000712200000, 0x0000000712200000| Complete 

Card table byte_map: [0x0000019a1c5d0000,0x0000019a1cdc0000] _byte_map_base: 0x0000019a18dbd000

Marking Bits (Prev, Next): (CMBitMap*) 0x0000019a0753b120, (CMBitMap*) 0x0000019a0753b0e0
 Prev Bits: [0x0000019a21520000, 0x0000019a25488000)
 Next Bits: [0x0000019a1d5b0000, 0x0000019a21518000)

Polling page: 0x0000019a07590000

Metaspace:

Usage:
  Non-class:     20.00 MB used.
      Class:      3.02 MB used.
       Both:     23.03 MB used.

Virtual space:
  Non-class space:       24.00 MB reserved,      20.12 MB ( 84%) committed,  3 nodes.
      Class space:        1.00 GB reserved,       3.12 MB ( <1%) committed,  1 nodes.
             Both:        1.02 GB reserved,      23.25 MB (  2%) committed. 

Chunk freelists:
   Non-Class:  3.89 MB
       Class:  780.00 KB
        Both:  4.65 MB

MaxMetaspaceSize: unlimited
CompressedClassSpaceSize: 1.00 GB
Initial GC threshold: 21.00 MB
Current GC threshold: 35.25 MB
CDS: off
MetaspaceReclaimPolicy: balanced
 - commit_granule_bytes: 65536.
 - commit_granule_words: 8192.
 - virtual_space_node_default_size: 1048576.
 - enlarge_chunks_in_place: 1.
 - new_chunks_are_fully_committed: 0.
 - uncommit_free_chunks: 1.
 - use_allocation_guard: 0.
 - handle_deallocations: 1.


Internal statistics:

num_allocs_failed_limit: 3.
num_arena_births: 198.
num_arena_deaths: 0.
num_vsnodes_births: 4.
num_vsnodes_deaths: 0.
num_space_committed: 372.
num_space_uncommitted: 0.
num_chunks_returned_to_freelist: 3.
num_chunks_taken_from_freelist: 780.
num_chunk_merges: 3.
num_chunk_splits: 563.
num_chunks_enlarged: 467.
num_purges: 0.
num_inconsistent_stats: 0.

CodeHeap 'non-profiled nmethods': size=120000Kb used=2579Kb max_used=2961Kb free=117420Kb
 bounds [0x0000019a13e50000, 0x0000019a14140000, 0x0000019a1b380000]
CodeHeap 'profiled nmethods': size=120000Kb used=7189Kb max_used=9476Kb free=112810Kb
 bounds [0x0000019a0c380000, 0x0000019a0ccd0000, 0x0000019a138b0000]
CodeHeap 'non-nmethods': size=5760Kb used=1436Kb max_used=1519Kb free=4323Kb
 bounds [0x0000019a138b0000, 0x0000019a13b20000, 0x0000019a13e50000]
 total_blobs=4617 nmethods=3824 adapters=703
 compilation: enabled
              stopped_count=0, restarted_count=0
 full_count=0

Compilation events (20 events):
Event: 166.446 Thread 0x0000019a288c5ba0 4564       3       javafx.scene.shape.PathElement::isAbsolute (23 bytes)
Event: 166.446 Thread 0x0000019a288c5ba0 nmethod 4564 0x0000019a0c4cef10 code [0x0000019a0c4cf0c0, 0x0000019a0c4cf488]
Event: 166.446 Thread 0x0000019a288c5ba0 4562       3       javafx.scene.shape.PathElement::addNode (9 bytes)
Event: 166.447 Thread 0x0000019a288c5ba0 nmethod 4562 0x0000019a0c51d290 code [0x0000019a0c51d440, 0x0000019a0c51d5a8]
Event: 166.447 Thread 0x0000019a288c5ba0 4563       3       com.sun.javafx.scene.shape.PathElementHelper::addTo (10 bytes)
Event: 166.447 Thread 0x0000019a288c5ba0 nmethod 4563 0x0000019a0c940110 code [0x0000019a0c9402c0, 0x0000019a0c9405a8]
Event: 166.459 Thread 0x0000019a288c5ba0 4567       3       javafx.scene.layout.FlowPane::computeContentHeight (103 bytes)
Event: 166.461 Thread 0x0000019a288c5ba0 nmethod 4567 0x0000019a0c545010 code [0x0000019a0c545360, 0x0000019a0c546c08]
Event: 166.461 Thread 0x0000019a288c5ba0 4565       3       javafx.scene.control.skin.MenuBarSkin::computeMaxHeight (14 bytes)
Event: 166.461 Thread 0x0000019a288c5ba0 nmethod 4565 0x0000019a0c4d5c10 code [0x0000019a0c4d5de0, 0x0000019a0c4d6048]
Event: 166.461 Thread 0x0000019a288c5ba0 4568       3       com.sun.javafx.geom.transform.AffineBase::setTransform (43 bytes)
Event: 166.461 Thread 0x0000019a288c5ba0 nmethod 4568 0x0000019a0c76e210 code [0x0000019a0c76e3c0, 0x0000019a0c76e678]
Event: 166.462 Thread 0x0000019a288c5ba0 4566       3       javafx.scene.layout.FlowPane::computeMinHeight (108 bytes)
Event: 166.463 Thread 0x0000019a288c5ba0 nmethod 4566 0x0000019a0c497c10 code [0x0000019a0c497f60, 0x0000019a0c4995d8]
Event: 166.463 Thread 0x0000019a288c52a0 4569       4       com.sun.prism.impl.VertexBuffer::addQuad (444 bytes)
Event: 166.470 Thread 0x0000019a288c52a0 nmethod 4569 0x0000019a13f94f90 code [0x0000019a13f95120, 0x0000019a13f95478]
Event: 166.968 Thread 0x0000019a288c5ba0 4570       3       com.sun.javafx.scene.control.inputmap.KeyBinding$OptionalBoolean::equals (37 bytes)
Event: 166.968 Thread 0x0000019a288c5ba0 nmethod 4570 0x0000019a0c6a8410 code [0x0000019a0c6a85c0, 0x0000019a0c6a8898]
Event: 166.968 Thread 0x0000019a288c5ba0 4571       3       java.security.AccessControlContext::optimize (319 bytes)
Event: 166.970 Thread 0x0000019a288c5ba0 nmethod 4571 0x0000019a0c4d8a10 code [0x0000019a0c4d8d80, 0x0000019a0c4da398]

GC Heap History (10 events):
Event: 1.092 GC heap before
{Heap before GC invocations=0 (full 0):
 garbage-first heap   total 260096K, used 20480K [0x0000000702600000, 0x0000000800000000)
  region size 2048K, 11 young (22528K), 0 survivors (0K)
 Metaspace       used 11694K, committed 11840K, reserved 1064960K
  class space    used 1251K, committed 1344K, reserved 1048576K
}
Event: 1.097 GC heap after
{Heap after GC invocations=1 (full 0):
 garbage-first heap   total 260096K, used 2645K [0x0000000702600000, 0x0000000800000000)
  region size 2048K, 2 young (4096K), 2 survivors (4096K)
 Metaspace       used 11694K, committed 11840K, reserved 1064960K
  class space    used 1251K, committed 1344K, reserved 1048576K
}
Event: 2.321 GC heap before
{Heap before GC invocations=1 (full 0):
 garbage-first heap   total 260096K, used 37461K [0x0000000702600000, 0x0000000800000000)
  region size 2048K, 20 young (40960K), 2 survivors (4096K)
 Metaspace       used 18921K, committed 19072K, reserved 1073152K
  class space    used 2501K, committed 2560K, reserved 1048576K
}
Event: 2.337 GC heap after
{Heap after GC invocations=2 (full 0):
 garbage-first heap   total 260096K, used 10026K [0x0000000702600000, 0x0000000800000000)
  region size 2048K, 3 young (6144K), 3 survivors (6144K)
 Metaspace       used 18921K, committed 19072K, reserved 1073152K
  class space    used 2501K, committed 2560K, reserved 1048576K
}
Event: 2.724 GC heap before
{Heap before GC invocations=2 (full 0):
 garbage-first heap   total 260096K, used 18218K [0x0000000702600000, 0x0000000800000000)
  region size 2048K, 7 young (14336K), 3 survivors (6144K)
 Metaspace       used 20524K, committed 20800K, reserved 1073152K
  class space    used 2864K, committed 3008K, reserved 1048576K
}
Event: 2.739 GC heap after
{Heap after GC invocations=3 (full 0):
 garbage-first heap   total 260096K, used 11408K [0x0000000702600000, 0x0000000800000000)
  region size 2048K, 1 young (2048K), 1 survivors (2048K)
 Metaspace       used 20524K, committed 20800K, reserved 1073152K
  class space    used 2864K, committed 3008K, reserved 1048576K
}
Event: 2.960 GC heap before
{Heap before GC invocations=3 (full 0):
 garbage-first heap   total 260096K, used 13456K [0x0000000702600000, 0x0000000800000000)
  region size 2048K, 3 young (6144K), 1 survivors (2048K)
 Metaspace       used 21287K, committed 21504K, reserved 1073152K
  class space    used 2945K, committed 3072K, reserved 1048576K
}
Event: 2.965 GC heap after
{Heap after GC invocations=4 (full 0):
 garbage-first heap   total 260096K, used 11704K [0x0000000702600000, 0x0000000800000000)
  region size 2048K, 2 young (4096K), 2 survivors (4096K)
 Metaspace       used 21287K, committed 21504K, reserved 1073152K
  class space    used 2945K, committed 3072K, reserved 1048576K
}
Event: 164.573 GC heap before
{Heap before GC invocations=5 (full 0):
 garbage-first heap   total 55296K, used 40376K [0x0000000702600000, 0x0000000800000000)
  region size 2048K, 14 young (28672K), 2 survivors (4096K)
 Metaspace       used 23557K, committed 23808K, reserved 1073152K
  class space    used 3095K, committed 3200K, reserved 1048576K
}
Event: 164.579 GC heap after
{Heap after GC invocations=6 (full 0):
 garbage-first heap   total 55296K, used 17034K [0x0000000702600000, 0x0000000800000000)
  region size 2048K, 2 young (4096K), 2 survivors (4096K)
 Metaspace       used 23557K, committed 23808K, reserved 1073152K
  class space    used 3095K, committed 3200K, reserved 1048576K
}

Dll operation events (20 events):
Event: 0.614 Loaded shared library C:\Users\janko\Desktop\openjfx-20.0.1_windows-x64_bin-sdk\javafx-sdk-20.0.1\bin\api-ms-win-crt-math-l1-1-0.dll
Event: 0.616 Loaded shared library C:\Users\janko\Desktop\openjfx-20.0.1_windows-x64_bin-sdk\javafx-sdk-20.0.1\bin\api-ms-win-crt-multibyte-l1-1-0.dll
Event: 0.618 Loaded shared library C:\Users\janko\Desktop\openjfx-20.0.1_windows-x64_bin-sdk\javafx-sdk-20.0.1\bin\api-ms-win-crt-private-l1-1-0.dll
Event: 0.620 Loaded shared library C:\Users\janko\Desktop\openjfx-20.0.1_windows-x64_bin-sdk\javafx-sdk-20.0.1\bin\api-ms-win-crt-process-l1-1-0.dll
Event: 0.622 Loaded shared library C:\Users\janko\Desktop\openjfx-20.0.1_windows-x64_bin-sdk\javafx-sdk-20.0.1\bin\api-ms-win-crt-runtime-l1-1-0.dll
Event: 0.624 Loaded shared library C:\Users\janko\Desktop\openjfx-20.0.1_windows-x64_bin-sdk\javafx-sdk-20.0.1\bin\api-ms-win-crt-stdio-l1-1-0.dll
Event: 0.626 Loaded shared library C:\Users\janko\Desktop\openjfx-20.0.1_windows-x64_bin-sdk\javafx-sdk-20.0.1\bin\api-ms-win-crt-string-l1-1-0.dll
Event: 0.628 Loaded shared library C:\Users\janko\Desktop\openjfx-20.0.1_windows-x64_bin-sdk\javafx-sdk-20.0.1\bin\api-ms-win-crt-time-l1-1-0.dll
Event: 0.630 Loaded shared library C:\Users\janko\Desktop\openjfx-20.0.1_windows-x64_bin-sdk\javafx-sdk-20.0.1\bin\api-ms-win-crt-utility-l1-1-0.dll
Event: 0.633 Loaded shared library C:\Users\janko\Desktop\openjfx-20.0.1_windows-x64_bin-sdk\javafx-sdk-20.0.1\bin\ucrtbase.dll
Event: 0.635 Loaded shared library C:\Users\janko\Desktop\openjfx-20.0.1_windows-x64_bin-sdk\javafx-sdk-20.0.1\bin\vcruntime140.dll
Event: 0.637 Loaded shared library C:\Users\janko\Desktop\openjfx-20.0.1_windows-x64_bin-sdk\javafx-sdk-20.0.1\bin\vcruntime140_1.dll
Event: 0.639 Loaded shared library C:\Users\janko\Desktop\openjfx-20.0.1_windows-x64_bin-sdk\javafx-sdk-20.0.1\bin\msvcp140.dll
Event: 0.641 Loaded shared library C:\Users\janko\Desktop\openjfx-20.0.1_windows-x64_bin-sdk\javafx-sdk-20.0.1\bin\msvcp140_1.dll
Event: 0.644 Loaded shared library C:\Users\janko\Desktop\openjfx-20.0.1_windows-x64_bin-sdk\javafx-sdk-20.0.1\bin\msvcp140_2.dll
Event: 0.697 Loaded shared library C:\Users\janko\Desktop\openjfx-20.0.1_windows-x64_bin-sdk\javafx-sdk-20.0.1\bin\prism_d3d.dll
Event: 0.764 Loaded shared library C:\Users\janko\Desktop\openjfx-20.0.1_windows-x64_bin-sdk\javafx-sdk-20.0.1\bin\glass.dll
Event: 1.014 Loaded shared library C:\Users\janko\git\poop_projekat_java\POOP_domaci2_jni\x64\Debug\POOP_domaci2_jni.dll
Event: 1.149 Loaded shared library C:\Users\janko\Desktop\openjfx-20.0.1_windows-x64_bin-sdk\javafx-sdk-20.0.1\bin\javafx_font.dll
Event: 1.268 Loaded shared library C:\Users\janko\.p2\pool\plugins\org.eclipse.justj.openjdk.hotspot.jre.full.win32.x86_64_17.0.6.v20230125-1136\jre\bin\jimage.dll

Deoptimization events (20 events):
Event: 137.570 Thread 0x0000019a2934e530 DEOPT PACKING pc=0x0000019a140781a4 sp=0x00000016afcfea20
Event: 137.570 Thread 0x0000019a2934e530 DEOPT UNPACKING pc=0x0000019a139069a3 sp=0x00000016afcfe9a8 mode 2
Event: 137.570 Thread 0x0000019a2934e530 Uncommon trap: trap_request=0xffffffde fr.pc=0x0000019a140781a4 relative=0x0000000000000864
Event: 137.570 Thread 0x0000019a2934e530 Uncommon trap: reason=class_check action=maybe_recompile pc=0x0000019a140781a4 method=com.sun.javafx.sg.prism.NGNode.markCullRegions(Lcom/sun/javafx/geom/DirtyRegionContainer;ILcom/sun/javafx/geom/transform/BaseTransform;Lcom/sun/javafx/geom/transform/Gen
Event: 137.570 Thread 0x0000019a2934e530 DEOPT PACKING pc=0x0000019a140781a4 sp=0x00000016afcfea20
Event: 137.570 Thread 0x0000019a2934e530 DEOPT UNPACKING pc=0x0000019a139069a3 sp=0x00000016afcfe9a8 mode 2
Event: 141.327 Thread 0x0000019a2934e530 Uncommon trap: trap_request=0xffffff45 fr.pc=0x0000019a14115fb4 relative=0x0000000000000f14
Event: 141.327 Thread 0x0000019a2934e530 Uncommon trap: reason=unstable_if action=reinterpret pc=0x0000019a14115fb4 method=com.sun.javafx.sg.prism.NGNode.getOpaqueRegion()Lcom/sun/javafx/geom/RectBounds; @ 11 c2
Event: 141.327 Thread 0x0000019a2934e530 DEOPT PACKING pc=0x0000019a14115fb4 sp=0x00000016afcfe3c0
Event: 141.327 Thread 0x0000019a2934e530 DEOPT UNPACKING pc=0x0000019a139069a3 sp=0x00000016afcfe2f0 mode 2
Event: 147.283 Thread 0x0000019a2934e530 Uncommon trap: trap_request=0xffffffde fr.pc=0x0000019a140781a4 relative=0x0000000000000864
Event: 147.283 Thread 0x0000019a2934e530 Uncommon trap: reason=class_check action=maybe_recompile pc=0x0000019a140781a4 method=com.sun.javafx.sg.prism.NGNode.markCullRegions(Lcom/sun/javafx/geom/DirtyRegionContainer;ILcom/sun/javafx/geom/transform/BaseTransform;Lcom/sun/javafx/geom/transform/Gen
Event: 147.283 Thread 0x0000019a2934e530 DEOPT PACKING pc=0x0000019a140781a4 sp=0x00000016afcfea20
Event: 147.284 Thread 0x0000019a2934e530 DEOPT UNPACKING pc=0x0000019a139069a3 sp=0x00000016afcfe9a8 mode 2
Event: 147.284 Thread 0x0000019a2934e530 Uncommon trap: trap_request=0xffffffde fr.pc=0x0000019a140781a4 relative=0x0000000000000864
Event: 147.284 Thread 0x0000019a2934e530 Uncommon trap: reason=class_check action=maybe_recompile pc=0x0000019a140781a4 method=com.sun.javafx.sg.prism.NGNode.markCullRegions(Lcom/sun/javafx/geom/DirtyRegionContainer;ILcom/sun/javafx/geom/transform/BaseTransform;Lcom/sun/javafx/geom/transform/Gen
Event: 147.284 Thread 0x0000019a2934e530 DEOPT PACKING pc=0x0000019a140781a4 sp=0x00000016afcfea20
Event: 147.284 Thread 0x0000019a2934e530 DEOPT UNPACKING pc=0x0000019a139069a3 sp=0x00000016afcfe9a8 mode 2
Event: 157.396 Thread 0x0000019a2934e530 DEOPT PACKING pc=0x0000019a0c977e8d sp=0x00000016afcfe260
Event: 157.396 Thread 0x0000019a2934e530 DEOPT UNPACKING pc=0x0000019a13907143 sp=0x00000016afcfd700 mode 0

Classes unloaded (0 events):
No events

Classes redefined (0 events):
No events

Internal exceptions (20 events):
Event: 2.207 Thread 0x0000019a29350bb0 Exception <a 'java/lang/ClassNotFoundException'{0x000000070ff35028}: com/sun/javafx/scene/control/skin/resources/controls_en> (0x000000070ff35028) 
thrown [s\src\hotspot\share\prims\jni.cpp, line 535]
Event: 2.208 Thread 0x0000019a29350bb0 Exception <a 'java/lang/ClassNotFoundException'{0x000000070ff3b2a8}: com/sun/javafx/scene/control/skin/resources/controls_en_US> (0x000000070ff3b2a8) 
thrown [s\src\hotspot\share\prims\jni.cpp, line 535]
Event: 2.287 Thread 0x0000019a29350bb0 Exception <a 'java/lang/NoSuchMethodError'{0x000000070fd19910}: 'void java.lang.invoke.DirectMethodHandle$Holder.invokeSpecial(java.lang.Object, java.lang.Object, java.lang.Object, java.lang.Object, java.lang.Object, java.lang.Object)'> (0x000000070fd19910) 
thrown [s\src\hotspot\share\interpreter\linkResolver.cpp, line 759]
Event: 2.370 Thread 0x0000019a29350bb0 Exception <a 'java/lang/NoSuchMethodError'{0x000000071230a5c0}: 'int java.lang.invoke.DirectMethodHandle$Holder.invokeStaticInit(java.lang.Object, java.lang.Object)'> (0x000000071230a5c0) 
thrown [s\src\hotspot\share\interpreter\linkResolver.cpp, line 759]
Event: 2.499 Thread 0x0000019a29350bb0 Implicit null exception at 0x0000019a13ebf26f to 0x0000019a13ebfa78
Event: 2.660 Thread 0x0000019a29350bb0 Exception <a 'java/lang/NoSuchMethodError'{0x0000000711d39348}: 'java.lang.Object java.lang.invoke.DirectMethodHandle$Holder.newInvokeSpecial(java.lang.Object, java.lang.Object, int, int)'> (0x0000000711d39348) 
thrown [s\src\hotspot\share\interpreter\linkResolver.cpp, line 759]
Event: 2.663 Thread 0x0000019a29350bb0 Implicit null exception at 0x0000019a13f16d00 to 0x0000019a13f17398
Event: 2.674 Thread 0x0000019a29350bb0 Exception <a 'java/lang/NoSuchMethodError'{0x0000000711d550a0}: 'java.lang.Object java.lang.invoke.DirectMethodHandle$Holder.newInvokeSpecial(java.lang.Object, java.lang.Object, int)'> (0x0000000711d550a0) 
thrown [s\src\hotspot\share\interpreter\linkResolver.cpp, line 759]
Event: 2.930 Thread 0x0000019a29350bb0 Exception <a 'java/lang/NoSuchMethodError'{0x000000071237a368}: 'long java.lang.invoke.DirectMethodHandle$Holder.invokeStatic(java.lang.Object, java.lang.Object, java.lang.Object)'> (0x000000071237a368) 
thrown [s\src\hotspot\share\interpreter\linkResolver.cpp, line 759]
Event: 2.931 Thread 0x0000019a29350bb0 Exception <a 'java/lang/NoSuchMethodError'{0x000000071237db10}: 'long java.lang.invoke.DirectMethodHandle$Holder.invokeStaticInit(java.lang.Object, java.lang.Object, java.lang.Object)'> (0x000000071237db10) 
thrown [s\src\hotspot\share\interpreter\linkResolver.cpp, line 759]
Event: 2.936 Thread 0x0000019a29350bb0 Exception <a 'java/lang/NoSuchMethodError'{0x0000000712395710}: 'java.lang.Object java.lang.invoke.DirectMethodHandle$Holder.newInvokeSpecial(java.lang.Object, java.lang.Object, long)'> (0x0000000712395710) 
thrown [s\src\hotspot\share\interpreter\linkResolver.cpp, line 759]
Event: 2.936 Thread 0x0000019a29350bb0 Exception <a 'java/lang/NoSuchMethodError'{0x0000000712399280}: 'java.lang.Object java.lang.invoke.Invokers$Holder.linkToTargetMethod(java.lang.Object, long, java.lang.Object)'> (0x0000000712399280) 
thrown [s\src\hotspot\share\interpreter\linkResolver.cpp, line 759]
Event: 3.096 Thread 0x0000019a2934e530 Exception <a 'java/lang/NoSuchMethodError'{0x0000000712373c10}: 'java.lang.Object java.lang.invoke.DirectMethodHandle$Holder.invokeStaticInit(java.lang.Object, int)'> (0x0000000712373c10) 
thrown [s\src\hotspot\share\interpreter\linkResolver.cpp, line 759]
Event: 5.112 Thread 0x0000019a29350bb0 Implicit null exception at 0x0000019a13fb0cc0 to 0x0000019a13fb3d38
Event: 9.016 Thread 0x0000019a29350bb0 Implicit null exception at 0x0000019a13f309b1 to 0x0000019a13f30a10
Event: 128.088 Thread 0x0000019a29350bb0 Exception <a 'java/lang/NoSuchMethodError'{0x0000000704bc66e8}: 'java.lang.Object java.lang.invoke.DirectMethodHandle$Holder.newInvokeSpecial(java.lang.Object, java.lang.Object, int, int, int, int, int, java.lang.Object)'> (0x0000000704bc66e8) 
thrown [s\src\hotspot\share\interpreter\linkResolver.cpp, line 759]
Event: 128.090 Thread 0x0000019a29350bb0 Exception <a 'java/lang/NoSuchMethodError'{0x0000000704bd96c0}: 'java.lang.Object java.lang.invoke.DirectMethodHandle$Holder.newInvokeSpecial(java.lang.Object, java.lang.Object, java.lang.Object, int, int, int, int, int)'> (0x0000000704bd96c0) 
thrown [s\src\hotspot\share\interpreter\linkResolver.cpp, line 759]
Event: 128.091 Thread 0x0000019a29350bb0 Exception <a 'java/lang/NoSuchMethodError'{0x0000000704be0f20}: 'java.lang.Object java.lang.invoke.Invokers$Holder.linkToTargetMethod(java.lang.Object, java.lang.Object, int, int, int, int, int, java.lang.Object)'> (0x0000000704be0f20) 
thrown [s\src\hotspot\share\interpreter\linkResolver.cpp, line 759]
Event: 128.129 Thread 0x0000019a29350bb0 Exception <a 'java/lang/NoSuchMethodError'{0x0000000704661230}: 'java.lang.Object java.lang.invoke.DirectMethodHandle$Holder.newInvokeSpecial(java.lang.Object, java.lang.Object, java.lang.Object, int, int, int, int, java.lang.Object)'> (0x0000000704661230) 
thrown [s\src\hotspot\share\interpreter\linkResolver.cpp, line 759]
Event: 135.273 Thread 0x0000019a29350bb0 Exception <a 'java/lang/NoSuchMethodError'{0x000000070476fbd8}: 'void java.lang.invoke.DirectMethodHandle$Holder.invokeVirtual(java.lang.Object, java.lang.Object)'> (0x000000070476fbd8) 
thrown [s\src\hotspot\share\interpreter\linkResolver.cpp, line 759]

VM Operations (20 events):
Event: 153.299 Executing VM operation: Cleanup
Event: 153.299 Executing VM operation: Cleanup done
Event: 155.300 Executing VM operation: Cleanup
Event: 155.300 Executing VM operation: Cleanup done
Event: 157.300 Executing VM operation: Cleanup
Event: 157.301 Executing VM operation: Cleanup done
Event: 157.385 Executing VM operation: HandshakeAllThreads
Event: 157.385 Executing VM operation: HandshakeAllThreads done
Event: 157.411 Executing VM operation: HandshakeAllThreads
Event: 157.411 Executing VM operation: HandshakeAllThreads done
Event: 157.949 Executing VM operation: HandshakeAllThreads
Event: 157.949 Executing VM operation: HandshakeAllThreads done
Event: 158.949 Executing VM operation: Cleanup
Event: 158.949 Executing VM operation: Cleanup done
Event: 159.949 Executing VM operation: Cleanup
Event: 159.949 Executing VM operation: Cleanup done
Event: 164.573 Executing VM operation: G1CollectForAllocation
Event: 164.579 Executing VM operation: G1CollectForAllocation done
Event: 166.579 Executing VM operation: Cleanup
Event: 166.580 Executing VM operation: Cleanup done

Events (20 events):
Event: 157.956 Thread 0x0000019a288d6c60 flushing nmethod 0x0000019a0ca31a10
Event: 157.956 Thread 0x0000019a288d6c60 flushing nmethod 0x0000019a0ca33510
Event: 157.956 Thread 0x0000019a288d6c60 flushing nmethod 0x0000019a0ca33a10
Event: 157.956 Thread 0x0000019a288d6c60 flushing nmethod 0x0000019a0ca34010
Event: 157.956 Thread 0x0000019a288d6c60 flushing nmethod 0x0000019a0ca53b10
Event: 157.956 Thread 0x0000019a288d6c60 flushing nmethod 0x0000019a0ca63310
Event: 157.956 Thread 0x0000019a288d6c60 flushing nmethod 0x0000019a0ca6d810
Event: 157.956 Thread 0x0000019a288d6c60 flushing nmethod 0x0000019a0ca73f10
Event: 157.956 Thread 0x0000019a288d6c60 flushing nmethod 0x0000019a0ca89f90
Event: 157.956 Thread 0x0000019a288d6c60 flushing nmethod 0x0000019a0caa6690
Event: 157.957 Thread 0x0000019a288d6c60 flushing nmethod 0x0000019a0caca690
Event: 157.957 Thread 0x0000019a288d6c60 flushing nmethod 0x0000019a0cadb790
Event: 157.957 Thread 0x0000019a288d6c60 flushing nmethod 0x0000019a0cb39f10
Event: 157.957 Thread 0x0000019a288d6c60 flushing nmethod 0x0000019a0cb3a690
Event: 157.957 Thread 0x0000019a288d6c60 flushing nmethod 0x0000019a0cb3fa90
Event: 157.957 Thread 0x0000019a288d6c60 flushing nmethod 0x0000019a0cb78510
Event: 157.957 Thread 0x0000019a288d6c60 flushing nmethod 0x0000019a0cb80090
Event: 157.957 Thread 0x0000019a288d6c60 flushing nmethod 0x0000019a0cb97b10
Event: 157.958 Thread 0x0000019a288d6c60 flushing nmethod 0x0000019a0cc4cf10
Event: 157.958 Thread 0x0000019a288d6c60 flushing nmethod 0x0000019a0cc5ca10


Dynamic libraries:
0x00007ff7a62a0000 - 0x00007ff7a62ae000 	C:\Users\janko\.p2\pool\plugins\org.eclipse.justj.openjdk.hotspot.jre.full.win32.x86_64_17.0.6.v20230125-1136\jre\bin\javaw.exe
0x00007ff8325b0000 - 0x00007ff8327c4000 	C:\WINDOWS\SYSTEM32\ntdll.dll
0x00007ff830dc0000 - 0x00007ff830e82000 	C:\WINDOWS\System32\KERNEL32.DLL
0x00007ff82ff60000 - 0x00007ff830303000 	C:\WINDOWS\System32\KERNELBASE.dll
0x00007ff82f9b0000 - 0x00007ff82fac1000 	C:\WINDOWS\System32\ucrtbase.dll
0x00007ff81c8d0000 - 0x00007ff81c8e7000 	C:\Users\janko\.p2\pool\plugins\org.eclipse.justj.openjdk.hotspot.jre.full.win32.x86_64_17.0.6.v20230125-1136\jre\bin\jli.dll
0x00007ff81c260000 - 0x00007ff81c279000 	C:\Users\janko\.p2\pool\plugins\org.eclipse.justj.openjdk.hotspot.jre.full.win32.x86_64_17.0.6.v20230125-1136\jre\bin\VCRUNTIME140.dll
0x00007ff830e90000 - 0x00007ff83103a000 	C:\WINDOWS\System32\USER32.dll
0x00007ff8249b0000 - 0x00007ff824c3e000 	C:\WINDOWS\WinSxS\amd64_microsoft.windows.common-controls_6595b64144ccf1df_6.0.22621.1635_none_270f70857386168e\COMCTL32.dll
0x00007ff82fdd0000 - 0x00007ff82fdf6000 	C:\WINDOWS\System32\win32u.dll
0x00007ff830a00000 - 0x00007ff830aa7000 	C:\WINDOWS\System32\msvcrt.dll
0x00007ff831dc0000 - 0x00007ff831de9000 	C:\WINDOWS\System32\GDI32.dll
0x00007ff82fad0000 - 0x00007ff82fbe9000 	C:\WINDOWS\System32\gdi32full.dll
0x00007ff82fe00000 - 0x00007ff82fe9a000 	C:\WINDOWS\System32\msvcp_win.dll
0x00007ff831df0000 - 0x00007ff831e21000 	C:\WINDOWS\System32\IMM32.DLL
0x00007ff826ef0000 - 0x00007ff826efc000 	C:\Users\janko\.p2\pool\plugins\org.eclipse.justj.openjdk.hotspot.jre.full.win32.x86_64_17.0.6.v20230125-1136\jre\bin\vcruntime140_1.dll
0x00007fffe81a0000 - 0x00007fffe8231000 	C:\Users\janko\.p2\pool\plugins\org.eclipse.justj.openjdk.hotspot.jre.full.win32.x86_64_17.0.6.v20230125-1136\jre\bin\msvcp140.dll
0x00007fffd9fe0000 - 0x00007fffdac27000 	C:\Users\janko\.p2\pool\plugins\org.eclipse.justj.openjdk.hotspot.jre.full.win32.x86_64_17.0.6.v20230125-1136\jre\bin\server\jvm.dll
0x00007ff831920000 - 0x00007ff8319ce000 	C:\WINDOWS\System32\ADVAPI32.dll
0x00007ff831b30000 - 0x00007ff831bd4000 	C:\WINDOWS\System32\sechost.dll
0x00007ff830b70000 - 0x00007ff830c87000 	C:\WINDOWS\System32\RPCRT4.dll
0x00007ff827e70000 - 0x00007ff827ea4000 	C:\WINDOWS\SYSTEM32\WINMM.dll
0x00007ff813020000 - 0x00007ff813029000 	C:\WINDOWS\SYSTEM32\WSOCK32.dll
0x00007ff827920000 - 0x00007ff82792a000 	C:\WINDOWS\SYSTEM32\VERSION.dll
0x00007ff8310a0000 - 0x00007ff831111000 	C:\WINDOWS\System32\WS2_32.dll
0x00007ff82ea60000 - 0x00007ff82ea78000 	C:\WINDOWS\SYSTEM32\kernel.appcore.dll
0x00007ff82a530000 - 0x00007ff82a53a000 	C:\Users\janko\.p2\pool\plugins\org.eclipse.justj.openjdk.hotspot.jre.full.win32.x86_64_17.0.6.v20230125-1136\jre\bin\jimage.dll
0x00007ff82d530000 - 0x00007ff82d75e000 	C:\WINDOWS\SYSTEM32\DBGHELP.DLL
0x00007ff831f00000 - 0x00007ff832289000 	C:\WINDOWS\System32\combase.dll
0x00007ff830390000 - 0x00007ff830467000 	C:\WINDOWS\System32\OLEAUT32.dll
0x00007ff826eb0000 - 0x00007ff826ee2000 	C:\WINDOWS\SYSTEM32\dbgcore.DLL
0x00007ff830310000 - 0x00007ff83038a000 	C:\WINDOWS\System32\bcryptPrimitives.dll
0x00007ff827410000 - 0x00007ff827435000 	C:\Users\janko\.p2\pool\plugins\org.eclipse.justj.openjdk.hotspot.jre.full.win32.x86_64_17.0.6.v20230125-1136\jre\bin\java.dll
0x00007ff828840000 - 0x00007ff828858000 	C:\Users\janko\.p2\pool\plugins\org.eclipse.justj.openjdk.hotspot.jre.full.win32.x86_64_17.0.6.v20230125-1136\jre\bin\zip.dll
0x00007ff831120000 - 0x00007ff831919000 	C:\WINDOWS\System32\SHELL32.dll
0x00007ff82d9a0000 - 0x00007ff82e26e000 	C:\WINDOWS\SYSTEM32\windows.storage.dll
0x00007ff82d860000 - 0x00007ff82d99e000 	C:\WINDOWS\SYSTEM32\wintypes.dll
0x00007ff830900000 - 0x00007ff8309f1000 	C:\WINDOWS\System32\SHCORE.dll
0x00007ff831e30000 - 0x00007ff831e8e000 	C:\WINDOWS\System32\shlwapi.dll
0x00007ff82f8e0000 - 0x00007ff82f906000 	C:\WINDOWS\SYSTEM32\profapi.dll
0x00007ff827fe0000 - 0x00007ff827ff9000 	C:\Users\janko\.p2\pool\plugins\org.eclipse.justj.openjdk.hotspot.jre.full.win32.x86_64_17.0.6.v20230125-1136\jre\bin\net.dll
0x00007ff82c770000 - 0x00007ff82c8a7000 	C:\WINDOWS\SYSTEM32\WINHTTP.dll
0x00007ff82ef60000 - 0x00007ff82efc9000 	C:\WINDOWS\system32\mswsock.dll
0x00007ff8273f0000 - 0x00007ff827405000 	C:\Users\janko\.p2\pool\plugins\org.eclipse.justj.openjdk.hotspot.jre.full.win32.x86_64_17.0.6.v20230125-1136\jre\bin\nio.dll
0x0000019a075d0000 - 0x0000019a075d3000 	C:\Users\janko\Desktop\openjfx-20.0.1_windows-x64_bin-sdk\javafx-sdk-20.0.1\bin\api-ms-win-core-console-l1-1-0.dll
0x0000019a27fd0000 - 0x0000019a27fd3000 	C:\Users\janko\Desktop\openjfx-20.0.1_windows-x64_bin-sdk\javafx-sdk-20.0.1\bin\api-ms-win-core-console-l1-2-0.dll
0x0000019a27fe0000 - 0x0000019a27fe3000 	C:\Users\janko\Desktop\openjfx-20.0.1_windows-x64_bin-sdk\javafx-sdk-20.0.1\bin\api-ms-win-core-datetime-l1-1-0.dll
0x0000019a27ff0000 - 0x0000019a27ff3000 	C:\Users\janko\Desktop\openjfx-20.0.1_windows-x64_bin-sdk\javafx-sdk-20.0.1\bin\api-ms-win-core-debug-l1-1-0.dll
0x0000019a2a4d0000 - 0x0000019a2a4d3000 	C:\Users\janko\Desktop\openjfx-20.0.1_windows-x64_bin-sdk\javafx-sdk-20.0.1\bin\api-ms-win-core-errorhandling-l1-1-0.dll
0x0000019a2a4e0000 - 0x0000019a2a4e4000 	C:\Users\janko\Desktop\openjfx-20.0.1_windows-x64_bin-sdk\javafx-sdk-20.0.1\bin\api-ms-win-core-file-l1-1-0.dll
0x0000019a2a4f0000 - 0x0000019a2a4f3000 	C:\Users\janko\Desktop\openjfx-20.0.1_windows-x64_bin-sdk\javafx-sdk-20.0.1\bin\api-ms-win-core-file-l1-2-0.dll
0x0000019a2a500000 - 0x0000019a2a503000 	C:\Users\janko\Desktop\openjfx-20.0.1_windows-x64_bin-sdk\javafx-sdk-20.0.1\bin\api-ms-win-core-file-l2-1-0.dll
0x0000019a2a510000 - 0x0000019a2a513000 	C:\Users\janko\Desktop\openjfx-20.0.1_windows-x64_bin-sdk\javafx-sdk-20.0.1\bin\api-ms-win-core-handle-l1-1-0.dll
0x0000019a2a520000 - 0x0000019a2a523000 	C:\Users\janko\Desktop\openjfx-20.0.1_windows-x64_bin-sdk\javafx-sdk-20.0.1\bin\api-ms-win-core-heap-l1-1-0.dll
0x0000019a2a530000 - 0x0000019a2a533000 	C:\Users\janko\Desktop\openjfx-20.0.1_windows-x64_bin-sdk\javafx-sdk-20.0.1\bin\api-ms-win-core-interlocked-l1-1-0.dll
0x0000019a2a540000 - 0x0000019a2a543000 	C:\Users\janko\Desktop\openjfx-20.0.1_windows-x64_bin-sdk\javafx-sdk-20.0.1\bin\api-ms-win-core-libraryloader-l1-1-0.dll
0x0000019a2a550000 - 0x0000019a2a553000 	C:\Users\janko\Desktop\openjfx-20.0.1_windows-x64_bin-sdk\javafx-sdk-20.0.1\bin\api-ms-win-core-localization-l1-2-0.dll
0x0000019a2a560000 - 0x0000019a2a563000 	C:\Users\janko\Desktop\openjfx-20.0.1_windows-x64_bin-sdk\javafx-sdk-20.0.1\bin\api-ms-win-core-memory-l1-1-0.dll
0x0000019a2a570000 - 0x0000019a2a573000 	C:\Users\janko\Desktop\openjfx-20.0.1_windows-x64_bin-sdk\javafx-sdk-20.0.1\bin\api-ms-win-core-namedpipe-l1-1-0.dll
0x0000019a2a580000 - 0x0000019a2a583000 	C:\Users\janko\Desktop\openjfx-20.0.1_windows-x64_bin-sdk\javafx-sdk-20.0.1\bin\api-ms-win-core-processenvironment-l1-1-0.dll
0x0000019a2a590000 - 0x0000019a2a593000 	C:\Users\janko\Desktop\openjfx-20.0.1_windows-x64_bin-sdk\javafx-sdk-20.0.1\bin\api-ms-win-core-processthreads-l1-1-0.dll
0x0000019a2a5a0000 - 0x0000019a2a5a3000 	C:\Users\janko\Desktop\openjfx-20.0.1_windows-x64_bin-sdk\javafx-sdk-20.0.1\bin\api-ms-win-core-processthreads-l1-1-1.dll
0x0000019a2a5b0000 - 0x0000019a2a5b3000 	C:\Users\janko\Desktop\openjfx-20.0.1_windows-x64_bin-sdk\javafx-sdk-20.0.1\bin\api-ms-win-core-profile-l1-1-0.dll
0x0000019a2a5c0000 - 0x0000019a2a5c3000 	C:\Users\janko\Desktop\openjfx-20.0.1_windows-x64_bin-sdk\javafx-sdk-20.0.1\bin\api-ms-win-core-rtlsupport-l1-1-0.dll
0x0000019a2a5d0000 - 0x0000019a2a5d3000 	C:\Users\janko\Desktop\openjfx-20.0.1_windows-x64_bin-sdk\javafx-sdk-20.0.1\bin\api-ms-win-core-string-l1-1-0.dll
0x0000019a2a5e0000 - 0x0000019a2a5e3000 	C:\Users\janko\Desktop\openjfx-20.0.1_windows-x64_bin-sdk\javafx-sdk-20.0.1\bin\api-ms-win-core-synch-l1-1-0.dll
0x0000019a2a5f0000 - 0x0000019a2a5f3000 	C:\Users\janko\Desktop\openjfx-20.0.1_windows-x64_bin-sdk\javafx-sdk-20.0.1\bin\api-ms-win-core-synch-l1-2-0.dll
0x0000019a2a600000 - 0x0000019a2a603000 	C:\Users\janko\Desktop\openjfx-20.0.1_windows-x64_bin-sdk\javafx-sdk-20.0.1\bin\api-ms-win-core-sysinfo-l1-1-0.dll
0x0000019a2a610000 - 0x0000019a2a613000 	C:\Users\janko\Desktop\openjfx-20.0.1_windows-x64_bin-sdk\javafx-sdk-20.0.1\bin\api-ms-win-core-timezone-l1-1-0.dll
0x0000019a2a620000 - 0x0000019a2a623000 	C:\Users\janko\Desktop\openjfx-20.0.1_windows-x64_bin-sdk\javafx-sdk-20.0.1\bin\api-ms-win-core-util-l1-1-0.dll
0x0000019a2a630000 - 0x0000019a2a633000 	C:\Users\janko\Desktop\openjfx-20.0.1_windows-x64_bin-sdk\javafx-sdk-20.0.1\bin\api-ms-win-crt-conio-l1-1-0.dll
0x0000019a2a640000 - 0x0000019a2a644000 	C:\Users\janko\Desktop\openjfx-20.0.1_windows-x64_bin-sdk\javafx-sdk-20.0.1\bin\api-ms-win-crt-convert-l1-1-0.dll
0x0000019a2a650000 - 0x0000019a2a653000 	C:\Users\janko\Desktop\openjfx-20.0.1_windows-x64_bin-sdk\javafx-sdk-20.0.1\bin\api-ms-win-crt-environment-l1-1-0.dll
0x0000019a2a660000 - 0x0000019a2a663000 	C:\Users\janko\Desktop\openjfx-20.0.1_windows-x64_bin-sdk\javafx-sdk-20.0.1\bin\api-ms-win-crt-filesystem-l1-1-0.dll
0x0000019a2a670000 - 0x0000019a2a673000 	C:\Users\janko\Desktop\openjfx-20.0.1_windows-x64_bin-sdk\javafx-sdk-20.0.1\bin\api-ms-win-crt-heap-l1-1-0.dll
0x0000019a2a680000 - 0x0000019a2a683000 	C:\Users\janko\Desktop\openjfx-20.0.1_windows-x64_bin-sdk\javafx-sdk-20.0.1\bin\api-ms-win-crt-locale-l1-1-0.dll
0x0000019a2a690000 - 0x0000019a2a695000 	C:\Users\janko\Desktop\openjfx-20.0.1_windows-x64_bin-sdk\javafx-sdk-20.0.1\bin\api-ms-win-crt-math-l1-1-0.dll
0x0000019a2a6a0000 - 0x0000019a2a6a5000 	C:\Users\janko\Desktop\openjfx-20.0.1_windows-x64_bin-sdk\javafx-sdk-20.0.1\bin\api-ms-win-crt-multibyte-l1-1-0.dll
0x0000019a2a6b0000 - 0x0000019a2a6c0000 	C:\Users\janko\Desktop\openjfx-20.0.1_windows-x64_bin-sdk\javafx-sdk-20.0.1\bin\api-ms-win-crt-private-l1-1-0.dll
0x0000019a2a6c0000 - 0x0000019a2a6c3000 	C:\Users\janko\Desktop\openjfx-20.0.1_windows-x64_bin-sdk\javafx-sdk-20.0.1\bin\api-ms-win-crt-process-l1-1-0.dll
0x0000019a2a6d0000 - 0x0000019a2a6d4000 	C:\Users\janko\Desktop\openjfx-20.0.1_windows-x64_bin-sdk\javafx-sdk-20.0.1\bin\api-ms-win-crt-runtime-l1-1-0.dll
0x0000019a2a6e0000 - 0x0000019a2a6e4000 	C:\Users\janko\Desktop\openjfx-20.0.1_windows-x64_bin-sdk\javafx-sdk-20.0.1\bin\api-ms-win-crt-stdio-l1-1-0.dll
0x0000019a2a6f0000 - 0x0000019a2a6f4000 	C:\Users\janko\Desktop\openjfx-20.0.1_windows-x64_bin-sdk\javafx-sdk-20.0.1\bin\api-ms-win-crt-string-l1-1-0.dll
0x0000019a2a700000 - 0x0000019a2a703000 	C:\Users\janko\Desktop\openjfx-20.0.1_windows-x64_bin-sdk\javafx-sdk-20.0.1\bin\api-ms-win-crt-time-l1-1-0.dll
0x0000019a2a710000 - 0x0000019a2a713000 	C:\Users\janko\Desktop\openjfx-20.0.1_windows-x64_bin-sdk\javafx-sdk-20.0.1\bin\api-ms-win-crt-utility-l1-1-0.dll
0x00007fffe80a0000 - 0x00007fffe819c000 	C:\Users\janko\Desktop\openjfx-20.0.1_windows-x64_bin-sdk\javafx-sdk-20.0.1\bin\ucrtbase.dll
0x00007ff811dd0000 - 0x00007ff811deb000 	C:\Users\janko\Desktop\openjfx-20.0.1_windows-x64_bin-sdk\javafx-sdk-20.0.1\bin\vcruntime140.dll
0x00007ff81c8b0000 - 0x00007ff81c8bc000 	C:\Users\janko\Desktop\openjfx-20.0.1_windows-x64_bin-sdk\javafx-sdk-20.0.1\bin\vcruntime140_1.dll
0x00007fffe8010000 - 0x00007fffe809e000 	C:\Users\janko\Desktop\openjfx-20.0.1_windows-x64_bin-sdk\javafx-sdk-20.0.1\bin\msvcp140.dll
0x00007ff81bd20000 - 0x00007ff81bd29000 	C:\Users\janko\Desktop\openjfx-20.0.1_windows-x64_bin-sdk\javafx-sdk-20.0.1\bin\msvcp140_1.dll
0x00007ff811da0000 - 0x00007ff811dd0000 	C:\Users\janko\Desktop\openjfx-20.0.1_windows-x64_bin-sdk\javafx-sdk-20.0.1\bin\msvcp140_2.dll
0x00007ff809a40000 - 0x00007ff809a6f000 	C:\Users\janko\Desktop\openjfx-20.0.1_windows-x64_bin-sdk\javafx-sdk-20.0.1\bin\prism_d3d.dll
0x00007ff802cf0000 - 0x00007ff802e99000 	C:\WINDOWS\system32\d3d9.dll
0x00007ff82cf10000 - 0x00007ff82cf3b000 	C:\WINDOWS\SYSTEM32\dwmapi.dll
0x00007ff82ccd0000 - 0x00007ff82cd08000 	C:\WINDOWS\SYSTEM32\dxcore.dll
0x00007ff82cbf0000 - 0x00007ff82cc9b000 	C:\WINDOWS\system32\uxtheme.dll
0x00007fffd5730000 - 0x00007fffd591b000 	C:\WINDOWS\System32\DriverStore\FileRepository\igdlh64.inf_amd64_c8634ed19e331cda\igdumdim64.dll
0x00007fffb8f00000 - 0x00007fffbc47d000 	C:\WINDOWS\System32\DriverStore\FileRepository\igdlh64.inf_amd64_c8634ed19e331cda\igd9dxva64.dll
0x00007ff8323d0000 - 0x00007ff83256c000 	C:\WINDOWS\System32\ole32.dll
0x00007ff823870000 - 0x00007ff8238b8000 	C:\WINDOWS\SYSTEM32\directxdatabasehelper.dll
0x00007ff803430000 - 0x00007ff803472000 	C:\Users\janko\Desktop\openjfx-20.0.1_windows-x64_bin-sdk\javafx-sdk-20.0.1\bin\glass.dll
0x00007ff831a30000 - 0x00007ff831b27000 	C:\WINDOWS\System32\COMDLG32.dll
0x00007ff832290000 - 0x00007ff8323b7000 	C:\WINDOWS\System32\MSCTF.dll
0x00007ffff8620000 - 0x00007ffff8644000 	C:\WINDOWS\System32\DriverStore\FileRepository\igdlh64.inf_amd64_c8634ed19e331cda\igdinfo64.dll
0x00007ff81ca00000 - 0x00007ff81e901000 	C:\WINDOWS\System32\DriverStore\FileRepository\igdlh64.inf_amd64_c8634ed19e331cda\igc64.dll
0x00007fffdbcb0000 - 0x00007fffdbd76000 	C:\Users\janko\git\poop_projekat_java\POOP_domaci2_jni\x64\Debug\POOP_domaci2_jni.dll
0x00007ff806110000 - 0x00007ff80613b000 	C:\WINDOWS\SYSTEM32\VCRUNTIME140D.dll
0x00007ff81b690000 - 0x00007ff81b69f000 	C:\WINDOWS\SYSTEM32\VCRUNTIME140_1D.dll
0x00007fffdb800000 - 0x00007fffdb8e3000 	C:\WINDOWS\SYSTEM32\MSVCP140D.dll
0x00007fffd5560000 - 0x00007fffd5723000 	C:\WINDOWS\SYSTEM32\ucrtbased.dll
0x00007ff809a90000 - 0x00007ff809aa4000 	C:\Users\janko\Desktop\openjfx-20.0.1_windows-x64_bin-sdk\javafx-sdk-20.0.1\bin\javafx_font.dll
0x00007ff82b390000 - 0x00007ff82b5f7000 	C:\WINDOWS\SYSTEM32\dwrite.dll
0x00007ff830ab0000 - 0x00007ff830b60000 	C:\WINDOWS\System32\clbcatq.dll
0x00007ff82b1e0000 - 0x00007ff82b390000 	C:\WINDOWS\SYSTEM32\WindowsCodecs.dll
0x00007ff8266c0000 - 0x00007ff82671e000 	C:\WINDOWS\system32\dataexchange.dll
0x00007ff820bf0000 - 0x00007ff820e5e000 	C:\WINDOWS\system32\twinapi.appcore.dll
0x00007ffff50e0000 - 0x00007ffff5112000 	C:\Program Files\Common Files\Microsoft Shared\Ink\rtscom.dll
0x00007ff81b740000 - 0x00007ff81b86d000 	C:\WINDOWS\SYSTEM32\textinputframework.dll
0x00007ff82c490000 - 0x00007ff82c5c3000 	C:\WINDOWS\SYSTEM32\CoreMessaging.dll
0x00007ff821bf0000 - 0x00007ff821f5c000 	C:\WINDOWS\SYSTEM32\CoreUIComponents.dll
0x00007ff82f1e0000 - 0x00007ff82f1ec000 	C:\WINDOWS\SYSTEM32\CRYPTBASE.DLL
0x00007ff8198d0000 - 0x00007ff819939000 	C:\WINDOWS\system32\Oleacc.dll
0x00007ff819090000 - 0x00007ff8190b8000 	C:\WINDOWS\SYSTEM32\edputil.dll

dbghelp: loaded successfully - version: 4.0.5 - missing functions: none
symbol engine: initialized successfully - sym options: 0x614 - pdb path: .;C:\Users\janko\.p2\pool\plugins\org.eclipse.justj.openjdk.hotspot.jre.full.win32.x86_64_17.0.6.v20230125-1136\jre\bin;C:\WINDOWS\SYSTEM32;C:\WINDOWS\WinSxS\amd64_microsoft.windows.common-controls_6595b64144ccf1df_6.0.22621.1635_none_270f70857386168e;C:\Users\janko\.p2\pool\plugins\org.eclipse.justj.openjdk.hotspot.jre.full.win32.x86_64_17.0.6.v20230125-1136\jre\bin\server;C:\Users\janko\Desktop\openjfx-20.0.1_windows-x64_bin-sdk\javafx-sdk-20.0.1\bin;C:\WINDOWS\System32\DriverStore\FileRepository\igdlh64.inf_amd64_c8634ed19e331cda;C:\Users\janko\git\poop_projekat_java\POOP_domaci2_jni\x64\Debug;C:\Program Files\Common Files\Microsoft Shared\Ink

VM Arguments:
jvm_args: --module-path=C:\Users\janko\Desktop\openjfx-20.0.1_windows-x64_bin-sdk\javafx-sdk-20.0.1\lib --add-modules=javafx.controls,javafx.fxml -Djava.library.path=C:\Users\janko\git\poop_projekat_java\POOP_domaci2_jni\x64\Debug -Dfile.encoding=UTF-8 -XX:+ShowCodeDetailsInExceptionMessages 
java_command: application.Main
java_class_path (initial): C:\Users\janko\git\poop_projekat_java\poop_projekat_java\bin;C:\Program Files\Java\jre1.8.0_321\lib\jfxswt.jar;C:\Program Files\Java\jre1.8.0_321\lib\ext\jfxrt.jar;C:\Users\janko\Desktop\openjfx-20.0.1_windows-x64_bin-sdk\javafx-sdk-20.0.1\lib\javafx.base.jar;C:\Users\janko\Desktop\openjfx-20.0.1_windows-x64_bin-sdk\javafx-sdk-20.0.1\lib\javafx.controls.jar;C:\Users\janko\Desktop\openjfx-20.0.1_windows-x64_bin-sdk\javafx-sdk-20.0.1\lib\javafx.fxml.jar;C:\Users\janko\Desktop\openjfx-20.0.1_windows-x64_bin-sdk\javafx-sdk-20.0.1\lib\javafx.graphics.jar;C:\Users\janko\Desktop\openjfx-20.0.1_windows-x64_bin-sdk\javafx-sdk-20.0.1\lib\javafx.media.jar;C:\Users\janko\Desktop\openjfx-20.0.1_windows-x64_bin-sdk\javafx-sdk-20.0.1\lib\javafx.swing.jar;C:\Users\janko\Desktop\openjfx-20.0.1_windows-x64_bin-sdk\javafx-sdk-20.0.1\lib\javafx.web.jar;C:\Users\janko\Desktop\openjfx-20.0.1_windows-x64_bin-sdk\javafx-sdk-20.0.1\lib\javafx-swt.jar
Launcher Type: SUN_STANDARD

[Global flags]
     intx CICompilerCount                          = 4                                         {product} {ergonomic}
     uint ConcGCThreads                            = 2                                         {product} {ergonomic}
     uint G1ConcRefinementThreads                  = 8                                         {product} {ergonomic}
   size_t G1HeapRegionSize                         = 2097152                                   {product} {ergonomic}
    uintx GCDrainStackTargetSize                   = 64                                        {product} {ergonomic}
   size_t InitialHeapSize                          = 266338304                                 {product} {ergonomic}
   size_t MarkStackSize                            = 4194304                                   {product} {ergonomic}
   size_t MaxHeapSize                              = 4255121408                                {product} {ergonomic}
   size_t MaxNewSize                               = 2552233984                                {product} {ergonomic}
   size_t MinHeapDeltaBytes                        = 2097152                                   {product} {ergonomic}
   size_t MinHeapSize                              = 8388608                                   {product} {ergonomic}
    uintx NonNMethodCodeHeapSize                   = 5839372                                {pd product} {ergonomic}
    uintx NonProfiledCodeHeapSize                  = 122909434                              {pd product} {ergonomic}
    uintx ProfiledCodeHeapSize                     = 122909434                              {pd product} {ergonomic}
    uintx ReservedCodeCacheSize                    = 251658240                              {pd product} {ergonomic}
     bool SegmentedCodeCache                       = true                                      {product} {ergonomic}
     bool ShowCodeDetailsInExceptionMessages       = true                                   {manageable} {command line}
   size_t SoftMaxHeapSize                          = 4255121408                             {manageable} {ergonomic}
     bool UseCompressedClassPointers               = true                           {product lp64_product} {ergonomic}
     bool UseCompressedOops                        = true                           {product lp64_product} {ergonomic}
     bool UseG1GC                                  = true                                      {product} {ergonomic}
     bool UseLargePagesIndividualAllocation        = false                                  {pd product} {ergonomic}

Logging:
Log output configuration:
 #0: stdout all=warning uptime,level,tags
 #1: stderr all=off uptime,level,tags

Environment Variables:
PATH=C:/Users/janko/.p2/pool/plugins/org.eclipse.justj.openjdk.hotspot.jre.full.win32.x86_64_17.0.6.v20230125-1136/jre/bin/server;C:/Users/janko/.p2/pool/plugins/org.eclipse.justj.openjdk.hotspot.jre.full.win32.x86_64_17.0.6.v20230125-1136/jre/bin;C:\Program Files (x86)\VMware\VMware Player\bin\;C:\Program Files (x86)\Embarcadero\Studio\20.0\bin;C:\Users\Public\Documents\Embarcadero\Studio\20.0\Bpl;C:\Program Files (x86)\Embarcadero\Studio\20.0\bin64;C:\Users\Public\Documents\Embarcadero\Studio\20.0\Bpl\Win64;C:\Program Files (x86)\Common Files\Oracle\Java\javapath;C:\Program Files (x86)\Intel\Intel(R) Management Engine Components\iCLS\;C:\Program Files\Intel\Intel(R) Management Engine Components\iCLS\;C:\Windows\system32;C:\Windows;C:\Windows\System32\Wbem;C:\Windows\System32\WindowsPowerShell\v1.0\;C:\Program Files (x86)\Intel\Intel(R) Management Engine Components\DAL;C:\Program Files\Intel\Intel(R) Management Engine Components\DAL;C:\Program Files (x86)\Intel\Intel(R) Management Engine Components\IPT;C:\Program Files\Intel\Intel(R) Management Engine Components\IPT;C:\Program Files (x86)\NVIDIA Corporation\PhysX\Common;C:\WINDOWS\system32;C:\WINDOWS;C:\WINDOWS\System32\Wbem;C:\WINDOWS\System32\WindowsPowerShell\v1.0\;C:\WINDOWS\System32\OpenSSH\;C:\Program Files\TortoiseSVN\bin;C:\Program Files\nodejs\;C:\Program Files\Intel\WiFi\bin\;C:\Program Files\Common Files\Intel\WirelessCommon\;C:\Program Files (x86)\Microsoft SQL Server\150\DTS\Binn\;C:\Program Files\Microsoft SQL Server\Client SDK\ODBC\170\Tools\Binn\;C:\Program Files (x86)\Microsoft SQL Server\150\Tools\Binn\;C:\Program Files\Microsoft SQL Server\150\Tools\Binn\;C:\Program Files\Microsoft SQL Server\150\DTS\Binn\;C:\Program Files\Microsoft SQL Server\130\Tools\Binn\;C:\Program Files\dotnet\;C:\Program Files\TortoiseGit\bin;C:\Program Files\Git\cmd;C:\msys64\mingw64\bin;C:\WINDOWS\system32;C:\WINDOWS;C:\WINDOWS\System32\Wbem;C:\WINDOWS\System32\WindowsPowerShell\v1.0\;C:\WINDOWS\System32\OpenSSH\;C:\Users\j
USERNAME=janko
OS=Windows_NT
PROCESSOR_IDENTIFIER=Intel64 Family 6 Model 142 Stepping 10, GenuineIntel
TMP=C:\Users\janko\AppData\Local\Temp
TEMP=C:\Users\janko\AppData\Local\Temp



---------------  S Y S T E M  ---------------

OS:
 Windows 11 , 64 bit Build 22621 (10.0.22621.1928)
OS uptime: 4 days 19:36 hours

CPU: total 8 (initial active 8) (4 cores per cpu, 2 threads per core) family 6 model 142 stepping 10 microcode 0xe0, cx8, cmov, fxsr, ht, mmx, 3dnowpref, sse, sse2, sse3, ssse3, sse4.1, sse4.2, popcnt, lzcnt, tsc, tscinvbit, avx, avx2, aes, erms, clmul, bmi1, bmi2, adx, fma, vzeroupper, clflush, clflushopt

Memory: 4k page, system-wide physical 16226M (8375M free)
TotalPageFile size 17250M (AvailPageFile size 6345M)
current process WorkingSet (physical memory assigned to process): 241M, peak: 269M
current process commit charge ("private bytes"): 280M, peak: 476M

vm_info: OpenJDK 64-Bit Server VM (17.0.6+10) for windows-amd64 JRE (17.0.6+10), built on Jan 18 2023 10:08:59 by "temurin" with MS VC++ 16.7 (VS2019)

END.
